Analysis & Synthesis report for Stack2
Thu Dec 08 17:04:50 2016
Quartus Prime Version 16.0.0 Build 211 04/27/2016 SJ Standard Edition


---------------------
; Table of Contents ;
---------------------
  1. Legal Notice
  2. Analysis & Synthesis Summary
  3. Analysis & Synthesis Settings
  4. Parallel Compilation
  5. Analysis & Synthesis Source Files Read
  6. Analysis & Synthesis Resource Usage Summary
  7. Analysis & Synthesis Resource Utilization by Entity
  8. General Register Statistics
  9. Post-Synthesis Netlist Statistics for Top Partition
 10. Elapsed Time Per Partition
 11. Analysis & Synthesis Messages



----------------
; Legal Notice ;
----------------
Copyright (C) 1991-2016 Altera Corporation. All rights reserved.
Your use of Altera Corporation's design tools, logic functions 
and other software and tools, and its AMPP partner logic 
functions, and any output files from any of the foregoing 
(including device programming or simulation files), and any 
associated documentation or information are expressly subject 
to the terms and conditions of the Altera Program License 
Subscription Agreement, the Altera Quartus Prime License Agreement,
the Altera MegaCore Function License Agreement, or other 
applicable license agreement, including, without limitation, 
that your use is for the sole purpose of programming logic 
devices manufactured by Altera and sold by Altera or its 
authorized distributors.  Please refer to the applicable 
agreement for further details.



+--------------------------------------------------------------------------------------+
; Analysis & Synthesis Summary                                                         ;
+------------------------------------+-------------------------------------------------+
; Analysis & Synthesis Status        ; Successful - Thu Dec 08 17:04:50 2016           ;
; Quartus Prime Version              ; 16.0.0 Build 211 04/27/2016 SJ Standard Edition ;
; Revision Name                      ; Stack2                                          ;
; Top-level Entity Name              ; Stack2                                          ;
; Family                             ; Cyclone IV E                                    ;
; Total logic elements               ; 72                                              ;
;     Total combinational functions  ; 68                                              ;
;     Dedicated logic registers      ; 16                                              ;
; Total registers                    ; 16                                              ;
; Total pins                         ; 45                                              ;
; Total virtual pins                 ; 0                                               ;
; Total memory bits                  ; 0                                               ;
; Embedded Multiplier 9-bit elements ; 0                                               ;
; Total PLLs                         ; 0                                               ;
+------------------------------------+-------------------------------------------------+


+----------------------------------------------------------------------------------------------------------------------+
; Analysis & Synthesis Settings                                                                                        ;
+----------------------------------------------------------------------------+--------------------+--------------------+
; Option                                                                     ; Setting            ; Default Value      ;
+----------------------------------------------------------------------------+--------------------+--------------------+
; Device                                                                     ; EP4CE115F29C7      ;                    ;
; Top-level entity name                                                      ; Stack2             ; Stack2             ;
; Family name                                                                ; Cyclone IV E       ; Cyclone V          ;
; Use smart compilation                                                      ; Off                ; Off                ;
; Enable parallel Assembler and TimeQuest Timing Analyzer during compilation ; On                 ; On                 ;
; Enable compact report table                                                ; Off                ; Off                ;
; Restructure Multiplexers                                                   ; Auto               ; Auto               ;
; Create Debugging Nodes for IP Cores                                        ; Off                ; Off                ;
; Preserve fewer node names                                                  ; On                 ; On                 ;
; Disable OpenCore Plus hardware evaluation                                  ; Off                ; Off                ;
; Verilog Version                                                            ; Verilog_2001       ; Verilog_2001       ;
; VHDL Version                                                               ; VHDL_1993          ; VHDL_1993          ;
; State Machine Processing                                                   ; Auto               ; Auto               ;
; Safe State Machine                                                         ; Off                ; Off                ;
; Extract Verilog State Machines                                             ; On                 ; On                 ;
; Extract VHDL State Machines                                                ; On                 ; On                 ;
; Ignore Verilog initial constructs                                          ; Off                ; Off                ;
; Iteration limit for constant Verilog loops                                 ; 5000               ; 5000               ;
; Iteration limit for non-constant Verilog loops                             ; 250                ; 250                ;
; Add Pass-Through Logic to Inferred RAMs                                    ; On                 ; On                 ;
; Infer RAMs from Raw Logic                                                  ; On                 ; On                 ;
; Parallel Synthesis                                                         ; On                 ; On                 ;
; DSP Block Balancing                                                        ; Auto               ; Auto               ;
; NOT Gate Push-Back                                                         ; On                 ; On                 ;
; Power-Up Don't Care                                                        ; On                 ; On                 ;
; Remove Redundant Logic Cells                                               ; Off                ; Off                ;
; Remove Duplicate Registers                                                 ; On                 ; On                 ;
; Ignore CARRY Buffers                                                       ; Off                ; Off                ;
; Ignore CASCADE Buffers                                                     ; Off                ; Off                ;
; Ignore GLOBAL Buffers                                                      ; Off                ; Off                ;
; Ignore ROW GLOBAL Buffers                                                  ; Off                ; Off                ;
; Ignore LCELL Buffers                                                       ; Off                ; Off                ;
; Ignore SOFT Buffers                                                        ; On                 ; On                 ;
; Limit AHDL Integers to 32 Bits                                             ; Off                ; Off                ;
; Optimization Technique                                                     ; Balanced           ; Balanced           ;
; Carry Chain Length                                                         ; 70                 ; 70                 ;
; Auto Carry Chains                                                          ; On                 ; On                 ;
; Auto Open-Drain Pins                                                       ; On                 ; On                 ;
; Perform WYSIWYG Primitive Resynthesis                                      ; Off                ; Off                ;
; Auto ROM Replacement                                                       ; On                 ; On                 ;
; Auto RAM Replacement                                                       ; On                 ; On                 ;
; Auto DSP Block Replacement                                                 ; On                 ; On                 ;
; Auto Shift Register Replacement                                            ; Auto               ; Auto               ;
; Allow Shift Register Merging across Hierarchies                            ; Auto               ; Auto               ;
; Auto Clock Enable Replacement                                              ; On                 ; On                 ;
; Strict RAM Replacement                                                     ; Off                ; Off                ;
; Allow Synchronous Control Signals                                          ; On                 ; On                 ;
; Force Use of Synchronous Clear Signals                                     ; Off                ; Off                ;
; Auto RAM Block Balancing                                                   ; On                 ; On                 ;
; Auto RAM to Logic Cell Conversion                                          ; Off                ; Off                ;
; Auto Resource Sharing                                                      ; Off                ; Off                ;
; Allow Any RAM Size For Recognition                                         ; Off                ; Off                ;
; Allow Any ROM Size For Recognition                                         ; Off                ; Off                ;
; Allow Any Shift Register Size For Recognition                              ; Off                ; Off                ;
; Use LogicLock Constraints during Resource Balancing                        ; On                 ; On                 ;
; Ignore translate_off and synthesis_off directives                          ; Off                ; Off                ;
; Timing-Driven Synthesis                                                    ; On                 ; On                 ;
; Report Parameter Settings                                                  ; On                 ; On                 ;
; Report Source Assignments                                                  ; On                 ; On                 ;
; Report Connectivity Checks                                                 ; On                 ; On                 ;
; Ignore Maximum Fan-Out Assignments                                         ; Off                ; Off                ;
; Synchronization Register Chain Length                                      ; 2                  ; 2                  ;
; PowerPlay Power Optimization During Synthesis                              ; Normal compilation ; Normal compilation ;
; HDL message level                                                          ; Level2             ; Level2             ;
; Suppress Register Optimization Related Messages                            ; Off                ; Off                ;
; Number of Removed Registers Reported in Synthesis Report                   ; 5000               ; 5000               ;
; Number of Swept Nodes Reported in Synthesis Report                         ; 5000               ; 5000               ;
; Number of Inverted Registers Reported in Synthesis Report                  ; 100                ; 100                ;
; Clock MUX Protection                                                       ; On                 ; On                 ;
; Auto Gated Clock Conversion                                                ; Off                ; Off                ;
; Block Design Naming                                                        ; Auto               ; Auto               ;
; SDC constraint protection                                                  ; Off                ; Off                ;
; Synthesis Effort                                                           ; Auto               ; Auto               ;
; Shift Register Replacement - Allow Asynchronous Clear Signal               ; On                 ; On                 ;
; Pre-Mapping Resynthesis Optimization                                       ; Off                ; Off                ;
; Analysis & Synthesis Message Level                                         ; Medium             ; Medium             ;
; Disable Register Merging Across Hierarchies                                ; Auto               ; Auto               ;
; Resource Aware Inference For Block RAM                                     ; On                 ; On                 ;
; Synthesis Seed                                                             ; 1                  ; 1                  ;
+----------------------------------------------------------------------------+--------------------+--------------------+


+------------------------------------------+
; Parallel Compilation                     ;
+----------------------------+-------------+
; Processors                 ; Number      ;
+----------------------------+-------------+
; Number detected on machine ; 8           ;
; Maximum allowed            ; 4           ;
;                            ;             ;
; Average used               ; 1.00        ;
; Maximum used               ; 1           ;
;                            ;             ;
; Usage by Processor         ; % Time Used ;
;     Processor 1            ; 100.0%      ;
+----------------------------+-------------+


+-------------------------------------------------------------------------------------------------------------------------------------------------------------------------+
; Analysis & Synthesis Source Files Read                                                                                                                                  ;
+----------------------------------+-----------------+------------------------------------------+---------------------------------------------------------------+---------+
; File Name with User-Entered Path ; Used in Netlist ; File Type                                ; File Name with Absolute Path                                  ; Library ;
+----------------------------------+-----------------+------------------------------------------+---------------------------------------------------------------+---------+
; Stack2.bdf                       ; yes             ; User Block Diagram/Schematic File        ; U:/College Courses/CPRE281/StackAbstract2/Stack2.bdf          ;         ;
; finalproject.bdf                 ; yes             ; Auto-Found Block Diagram/Schematic File  ; U:/College Courses/CPRE281/StackAbstract2/finalproject.bdf    ;         ;
; 7mux.bdf                         ; yes             ; Auto-Found Block Diagram/Schematic File  ; U:/College Courses/CPRE281/StackAbstract2/7mux.bdf            ;         ;
; 2mux.bdf                         ; yes             ; Auto-Found Block Diagram/Schematic File  ; U:/College Courses/CPRE281/StackAbstract2/2mux.bdf            ;         ;
; seven_seg_decoder.v              ; yes             ; Auto-Found Verilog HDL File              ; U:/College Courses/CPRE281/StackAbstract2/seven_seg_decoder.v ;         ;
; 4bitregister.bdf                 ; yes             ; Auto-Found Block Diagram/Schematic File  ; U:/College Courses/CPRE281/StackAbstract2/4bitregister.bdf    ;         ;
; 4b_fa.bdf                        ; yes             ; Auto-Found Block Diagram/Schematic File  ; U:/College Courses/CPRE281/StackAbstract2/4b_fa.bdf           ;         ;
; fa.bdf                           ; yes             ; Auto-Found Block Diagram/Schematic File  ; U:/College Courses/CPRE281/StackAbstract2/fa.bdf              ;         ;
; xor3.bdf                         ; yes             ; Megafunction                             ; c:/altera/16.0/quartus/libraries/others/maxplus2/xor3.bdf     ;         ;
; registers_2_3.bdf                ; yes             ; Auto-Found Block Diagram/Schematic File  ; U:/College Courses/CPRE281/StackAbstract2/registers_2_3.bdf   ;         ;
+----------------------------------+-----------------+------------------------------------------+---------------------------------------------------------------+---------+


+-----------------------------------------------------------------+
; Analysis & Synthesis Resource Usage Summary                     ;
+---------------------------------------------+-------------------+
; Resource                                    ; Usage             ;
+---------------------------------------------+-------------------+
; Estimated Total logic elements              ; 72                ;
;                                             ;                   ;
; Total combinational functions               ; 68                ;
; Logic element usage by number of LUT inputs ;                   ;
;     -- 4 input functions                    ; 36                ;
;     -- 3 input functions                    ; 16                ;
;     -- <=2 input functions                  ; 16                ;
;                                             ;                   ;
; Logic elements by mode                      ;                   ;
;     -- normal mode                          ; 68                ;
;     -- arithmetic mode                      ; 0                 ;
;                                             ;                   ;
; Total registers                             ; 16                ;
;     -- Dedicated logic registers            ; 16                ;
;     -- I/O registers                        ; 0                 ;
;                                             ;                   ;
; I/O pins                                    ; 45                ;
;                                             ;                   ;
; Embedded Multiplier 9-bit elements          ; 0                 ;
;                                             ;                   ;
; Maximum fan-out node                        ; Sume_Switch~input ;
; Maximum fan-out                             ; 14                ;
; Total fan-out                               ; 329               ;
; Average fan-out                             ; 1.89              ;
+---------------------------------------------+-------------------+


+-------------------------------------------------------------------------------------------------------------------------------------------------------------------------------------------------------------------------------------------+
; Analysis & Synthesis Resource Utilization by Entity                                                                                                                                                                                       ;
+---------------------------------+-------------------+--------------+-------------+--------------+---------+-----------+------+--------------+----------------------------------------------------------+-------------------+--------------+
; Compilation Hierarchy Node      ; LC Combinationals ; LC Registers ; Memory Bits ; DSP Elements ; DSP 9x9 ; DSP 18x18 ; Pins ; Virtual Pins ; Full Hierarchy Name                                      ; Entity Name       ; Library Name ;
+---------------------------------+-------------------+--------------+-------------+--------------+---------+-----------+------+--------------+----------------------------------------------------------+-------------------+--------------+
; |Stack2                         ; 68 (0)            ; 16 (0)       ; 0           ; 0            ; 0       ; 0         ; 45   ; 0            ; |Stack2                                                  ; Stack2            ; work         ;
;    |FinalProject:inst|          ; 50 (0)            ; 8 (0)        ; 0           ; 0            ; 0       ; 0         ; 0    ; 0            ; |Stack2|FinalProject:inst                                ; FinalProject      ; work         ;
;       |2Mux:2mux1|              ; 1 (1)             ; 0 (0)        ; 0           ; 0            ; 0       ; 0         ; 0    ; 0            ; |Stack2|FinalProject:inst|2Mux:2mux1                     ; 2Mux              ; work         ;
;       |2Mux:2mux2|              ; 1 (1)             ; 0 (0)        ; 0           ; 0            ; 0       ; 0         ; 0    ; 0            ; |Stack2|FinalProject:inst|2Mux:2mux2                     ; 2Mux              ; work         ;
;       |2Mux:2mux3|              ; 1 (1)             ; 0 (0)        ; 0           ; 0            ; 0       ; 0         ; 0    ; 0            ; |Stack2|FinalProject:inst|2Mux:2mux3                     ; 2Mux              ; work         ;
;       |2Mux:2mux4|              ; 1 (1)             ; 0 (0)        ; 0           ; 0            ; 0       ; 0         ; 0    ; 0            ; |Stack2|FinalProject:inst|2Mux:2mux4                     ; 2Mux              ; work         ;
;       |2Mux:inst13|             ; 1 (1)             ; 0 (0)        ; 0           ; 0            ; 0       ; 0         ; 0    ; 0            ; |Stack2|FinalProject:inst|2Mux:inst13                    ; 2Mux              ; work         ;
;       |2Mux:inst14|             ; 1 (1)             ; 0 (0)        ; 0           ; 0            ; 0       ; 0         ; 0    ; 0            ; |Stack2|FinalProject:inst|2Mux:inst14                    ; 2Mux              ; work         ;
;       |2Mux:inst15|             ; 1 (1)             ; 0 (0)        ; 0           ; 0            ; 0       ; 0         ; 0    ; 0            ; |Stack2|FinalProject:inst|2Mux:inst15                    ; 2Mux              ; work         ;
;       |2Mux:inst17|             ; 1 (1)             ; 0 (0)        ; 0           ; 0            ; 0       ; 0         ; 0    ; 0            ; |Stack2|FinalProject:inst|2Mux:inst17                    ; 2Mux              ; work         ;
;       |4B_FA:inst2|             ; 7 (0)             ; 0 (0)        ; 0           ; 0            ; 0       ; 0         ; 0    ; 0            ; |Stack2|FinalProject:inst|4B_FA:inst2                    ; 4B_FA             ; work         ;
;          |FA:inst1|             ; 2 (1)             ; 0 (0)        ; 0           ; 0            ; 0       ; 0         ; 0    ; 0            ; |Stack2|FinalProject:inst|4B_FA:inst2|FA:inst1           ; FA                ; work         ;
;             |xor3:inst|         ; 1 (1)             ; 0 (0)        ; 0           ; 0            ; 0       ; 0         ; 0    ; 0            ; |Stack2|FinalProject:inst|4B_FA:inst2|FA:inst1|xor3:inst ; xor3              ; work         ;
;          |FA:inst2|             ; 1 (0)             ; 0 (0)        ; 0           ; 0            ; 0       ; 0         ; 0    ; 0            ; |Stack2|FinalProject:inst|4B_FA:inst2|FA:inst2           ; FA                ; work         ;
;             |xor3:inst|         ; 1 (1)             ; 0 (0)        ; 0           ; 0            ; 0       ; 0         ; 0    ; 0            ; |Stack2|FinalProject:inst|4B_FA:inst2|FA:inst2|xor3:inst ; xor3              ; work         ;
;          |FA:inst3|             ; 2 (0)             ; 0 (0)        ; 0           ; 0            ; 0       ; 0         ; 0    ; 0            ; |Stack2|FinalProject:inst|4B_FA:inst2|FA:inst3           ; FA                ; work         ;
;             |xor3:inst|         ; 2 (2)             ; 0 (0)        ; 0           ; 0            ; 0       ; 0         ; 0    ; 0            ; |Stack2|FinalProject:inst|4B_FA:inst2|FA:inst3|xor3:inst ; xor3              ; work         ;
;          |FA:inst|              ; 2 (1)             ; 0 (0)        ; 0           ; 0            ; 0       ; 0         ; 0    ; 0            ; |Stack2|FinalProject:inst|4B_FA:inst2|FA:inst            ; FA                ; work         ;
;             |xor3:inst|         ; 1 (1)             ; 0 (0)        ; 0           ; 0            ; 0       ; 0         ; 0    ; 0            ; |Stack2|FinalProject:inst|4B_FA:inst2|FA:inst|xor3:inst  ; xor3              ; work         ;
;       |4BitRegister:inst1|      ; 0 (0)             ; 4 (4)        ; 0           ; 0            ; 0       ; 0         ; 0    ; 0            ; |Stack2|FinalProject:inst|4BitRegister:inst1             ; 4BitRegister      ; work         ;
;       |4BitRegister:inst|       ; 0 (0)             ; 4 (4)        ; 0           ; 0            ; 0       ; 0         ; 0    ; 0            ; |Stack2|FinalProject:inst|4BitRegister:inst              ; 4BitRegister      ; work         ;
;       |7mux:inst3|              ; 7 (0)             ; 0 (0)        ; 0           ; 0            ; 0       ; 0         ; 0    ; 0            ; |Stack2|FinalProject:inst|7mux:inst3                     ; 7mux              ; work         ;
;          |2Mux:inst1|           ; 1 (1)             ; 0 (0)        ; 0           ; 0            ; 0       ; 0         ; 0    ; 0            ; |Stack2|FinalProject:inst|7mux:inst3|2Mux:inst1          ; 2Mux              ; work         ;
;          |2Mux:inst2|           ; 1 (1)             ; 0 (0)        ; 0           ; 0            ; 0       ; 0         ; 0    ; 0            ; |Stack2|FinalProject:inst|7mux:inst3|2Mux:inst2          ; 2Mux              ; work         ;
;          |2Mux:inst3|           ; 1 (1)             ; 0 (0)        ; 0           ; 0            ; 0       ; 0         ; 0    ; 0            ; |Stack2|FinalProject:inst|7mux:inst3|2Mux:inst3          ; 2Mux              ; work         ;
;          |2Mux:inst4|           ; 1 (1)             ; 0 (0)        ; 0           ; 0            ; 0       ; 0         ; 0    ; 0            ; |Stack2|FinalProject:inst|7mux:inst3|2Mux:inst4          ; 2Mux              ; work         ;
;          |2Mux:inst7|           ; 1 (1)             ; 0 (0)        ; 0           ; 0            ; 0       ; 0         ; 0    ; 0            ; |Stack2|FinalProject:inst|7mux:inst3|2Mux:inst7          ; 2Mux              ; work         ;
;          |2Mux:inst8|           ; 1 (1)             ; 0 (0)        ; 0           ; 0            ; 0       ; 0         ; 0    ; 0            ; |Stack2|FinalProject:inst|7mux:inst3|2Mux:inst8          ; 2Mux              ; work         ;
;          |2Mux:inst|            ; 1 (1)             ; 0 (0)        ; 0           ; 0            ; 0       ; 0         ; 0    ; 0            ; |Stack2|FinalProject:inst|7mux:inst3|2Mux:inst           ; 2Mux              ; work         ;
;       |7mux:inst5|              ; 7 (0)             ; 0 (0)        ; 0           ; 0            ; 0       ; 0         ; 0    ; 0            ; |Stack2|FinalProject:inst|7mux:inst5                     ; 7mux              ; work         ;
;          |2Mux:inst1|           ; 1 (1)             ; 0 (0)        ; 0           ; 0            ; 0       ; 0         ; 0    ; 0            ; |Stack2|FinalProject:inst|7mux:inst5|2Mux:inst1          ; 2Mux              ; work         ;
;          |2Mux:inst2|           ; 1 (1)             ; 0 (0)        ; 0           ; 0            ; 0       ; 0         ; 0    ; 0            ; |Stack2|FinalProject:inst|7mux:inst5|2Mux:inst2          ; 2Mux              ; work         ;
;          |2Mux:inst3|           ; 1 (1)             ; 0 (0)        ; 0           ; 0            ; 0       ; 0         ; 0    ; 0            ; |Stack2|FinalProject:inst|7mux:inst5|2Mux:inst3          ; 2Mux              ; work         ;
;          |2Mux:inst4|           ; 1 (1)             ; 0 (0)        ; 0           ; 0            ; 0       ; 0         ; 0    ; 0            ; |Stack2|FinalProject:inst|7mux:inst5|2Mux:inst4          ; 2Mux              ; work         ;
;          |2Mux:inst7|           ; 1 (1)             ; 0 (0)        ; 0           ; 0            ; 0       ; 0         ; 0    ; 0            ; |Stack2|FinalProject:inst|7mux:inst5|2Mux:inst7          ; 2Mux              ; work         ;
;          |2Mux:inst8|           ; 1 (1)             ; 0 (0)        ; 0           ; 0            ; 0       ; 0         ; 0    ; 0            ; |Stack2|FinalProject:inst|7mux:inst5|2Mux:inst8          ; 2Mux              ; work         ;
;          |2Mux:inst|            ; 1 (1)             ; 0 (0)        ; 0           ; 0            ; 0       ; 0         ; 0    ; 0            ; |Stack2|FinalProject:inst|7mux:inst5|2Mux:inst           ; 2Mux              ; work         ;
;       |seven_seg_decoder:inst4| ; 7 (7)             ; 0 (0)        ; 0           ; 0            ; 0       ; 0         ; 0    ; 0            ; |Stack2|FinalProject:inst|seven_seg_decoder:inst4        ; seven_seg_decoder ; work         ;
;       |seven_seg_decoder:inst7| ; 7 (7)             ; 0 (0)        ; 0           ; 0            ; 0       ; 0         ; 0    ; 0            ; |Stack2|FinalProject:inst|seven_seg_decoder:inst7        ; seven_seg_decoder ; work         ;
;       |seven_seg_decoder:inst8| ; 7 (7)             ; 0 (0)        ; 0           ; 0            ; 0       ; 0         ; 0    ; 0            ; |Stack2|FinalProject:inst|seven_seg_decoder:inst8        ; seven_seg_decoder ; work         ;
;    |Registers_2_3:inst1|        ; 18 (4)            ; 8 (0)        ; 0           ; 0            ; 0       ; 0         ; 0    ; 0            ; |Stack2|Registers_2_3:inst1                              ; Registers_2_3     ; work         ;
;       |4BitRegister:REGISTER5|  ; 0 (0)             ; 4 (4)        ; 0           ; 0            ; 0       ; 0         ; 0    ; 0            ; |Stack2|Registers_2_3:inst1|4BitRegister:REGISTER5       ; 4BitRegister      ; work         ;
;       |4BitRegister:inst1|      ; 0 (0)             ; 4 (4)        ; 0           ; 0            ; 0       ; 0         ; 0    ; 0            ; |Stack2|Registers_2_3:inst1|4BitRegister:inst1           ; 4BitRegister      ; work         ;
;       |seven_seg_decoder:inst2| ; 7 (7)             ; 0 (0)        ; 0           ; 0            ; 0       ; 0         ; 0    ; 0            ; |Stack2|Registers_2_3:inst1|seven_seg_decoder:inst2      ; seven_seg_decoder ; work         ;
;       |seven_seg_decoder:inst6| ; 7 (7)             ; 0 (0)        ; 0           ; 0            ; 0       ; 0         ; 0    ; 0            ; |Stack2|Registers_2_3:inst1|seven_seg_decoder:inst6      ; seven_seg_decoder ; work         ;
+---------------------------------+-------------------+--------------+-------------+--------------+---------+-----------+------+--------------+----------------------------------------------------------+-------------------+--------------+
Note: For table entries with two numbers listed, the numbers in parentheses indicate the number of resources of the given type used by the specific entity alone. The numbers listed outside of parentheses indicate the total resources of the given type used by the specific entity and all of its sub-entities in the hierarchy.


+------------------------------------------------------+
; General Register Statistics                          ;
+----------------------------------------------+-------+
; Statistic                                    ; Value ;
+----------------------------------------------+-------+
; Total registers                              ; 16    ;
; Number of registers using Synchronous Clear  ; 0     ;
; Number of registers using Synchronous Load   ; 0     ;
; Number of registers using Asynchronous Clear ; 0     ;
; Number of registers using Asynchronous Load  ; 0     ;
; Number of registers using Clock Enable       ; 0     ;
; Number of registers using Preset             ; 0     ;
+----------------------------------------------+-------+


+-----------------------------------------------------+
; Post-Synthesis Netlist Statistics for Top Partition ;
+-----------------------+-----------------------------+
; Type                  ; Count                       ;
+-----------------------+-----------------------------+
; boundary_port         ; 45                          ;
; cycloneiii_ff         ; 16                          ;
;     plain             ; 16                          ;
; cycloneiii_lcell_comb ; 72                          ;
;     normal            ; 72                          ;
;         1 data inputs ; 4                           ;
;         2 data inputs ; 16                          ;
;         3 data inputs ; 16                          ;
;         4 data inputs ; 36                          ;
;                       ;                             ;
; Max LUT depth         ; 6.00                        ;
; Average LUT depth     ; 2.58                        ;
+-----------------------+-----------------------------+


+-------------------------------+
; Elapsed Time Per Partition    ;
+----------------+--------------+
; Partition Name ; Elapsed Time ;
+----------------+--------------+
; Top            ; 00:00:00     ;
+----------------+--------------+


+-------------------------------+
; Analysis & Synthesis Messages ;
+-------------------------------+
Info: *******************************************************************
Info: Running Quartus Prime Analysis & Synthesis
    Info: Version 16.0.0 Build 211 04/27/2016 SJ Standard Edition
    Info: Processing started: Thu Dec 08 17:04:37 2016
Info: Command: quartus_map --read_settings_files=on --write_settings_files=off Stack2 -c Stack2
Warning (18236): Number of processors has not been specified which may cause overloading on shared machines.  Set the global assignment NUM_PARALLEL_PROCESSORS in your QSF to an appropriate value for best performance.
Info (20030): Parallel compilation is enabled and will use 4 of the 4 processors detected
Info (12021): Found 1 design units, including 1 entities, in source file stack2.bdf
    Info (12023): Found entity 1: Stack2
Info (12127): Elaborating entity "Stack2" for the top level hierarchy
Warning (12125): Using design file finalproject.bdf, which is not specified as a design file for the current project, but contains definitions for 1 design units and 1 entities in project
    Info (12023): Found entity 1: FinalProject
Info (12128): Elaborating entity "FinalProject" for hierarchy "FinalProject:inst"
Warning (12125): Using design file 7mux.bdf, which is not specified as a design file for the current project, but contains definitions for 1 design units and 1 entities in project
    Info (12023): Found entity 1: 7mux
Info (12128): Elaborating entity "7mux" for hierarchy "FinalProject:inst|7mux:inst5"
Warning (12125): Using design file 2mux.bdf, which is not specified as a design file for the current project, but contains definitions for 1 design units and 1 entities in project
    Info (12023): Found entity 1: 2Mux
Info (12128): Elaborating entity "2Mux" for hierarchy "FinalProject:inst|7mux:inst5|2Mux:inst7"
Warning (12125): Using design file seven_seg_decoder.v, which is not specified as a design file for the current project, but contains definitions for 1 design units and 1 entities in project
    Info (12023): Found entity 1: seven_seg_decoder File: U:/College Courses/CPRE281/StackAbstract2/seven_seg_decoder.v Line: 1
Info (12128): Elaborating entity "seven_seg_decoder" for hierarchy "FinalProject:inst|seven_seg_decoder:inst7"
Warning (12125): Using design file 4bitregister.bdf, which is not specified as a design file for the current project, but contains definitions for 1 design units and 1 entities in project
    Info (12023): Found entity 1: 4BitRegister
Info (12128): Elaborating entity "4BitRegister" for hierarchy "FinalProject:inst|4BitRegister:inst"
Warning (12125): Using design file 4b_fa.bdf, which is not specified as a design file for the current project, but contains definitions for 1 design units and 1 entities in project
    Info (12023): Found entity 1: 4B_FA
Info (12128): Elaborating entity "4B_FA" for hierarchy "FinalProject:inst|4B_FA:inst2"
Warning (12125): Using design file fa.bdf, which is not specified as a design file for the current project, but contains definitions for 1 design units and 1 entities in project
    Info (12023): Found entity 1: FA
Info (12128): Elaborating entity "FA" for hierarchy "FinalProject:inst|4B_FA:inst2|FA:inst"
Info (12128): Elaborating entity "XOR3" for hierarchy "FinalProject:inst|4B_FA:inst2|FA:inst|XOR3:inst"
Info (12130): Elaborated megafunction instantiation "FinalProject:inst|4B_FA:inst2|FA:inst|XOR3:inst"
Warning (12125): Using design file registers_2_3.bdf, which is not specified as a design file for the current project, but contains definitions for 1 design units and 1 entities in project
    Info (12023): Found entity 1: Registers_2_3
Info (12128): Elaborating entity "Registers_2_3" for hierarchy "Registers_2_3:inst1"
Info (286030): Timing-Driven Synthesis is running
Info (16010): Generating hard_block partition "hard_block:auto_generated_inst"
    Info (16011): Adding 0 node(s), including 0 DDIO, 0 PLL, 0 transceiver and 0 LCELL
Info (21057): Implemented 117 device resources after synthesis - the final resource count might be different
    Info (21058): Implemented 17 input pins
    Info (21059): Implemented 28 output pins
    Info (21061): Implemented 72 logic cells
Info: Quartus Prime Analysis & Synthesis was successful. 0 errors, 9 warnings
    Info: Peak virtual memory: 865 megabytes
    Info: Processing ended: Thu Dec 08 17:04:50 2016
    Info: Elapsed time: 00:00:13
    Info: Total CPU time (on all processors): 00:00:23


