TimeQuest Timing Analyzer report for lab10step3a
Mon Nov  9 13:32:35 2015
Quartus II 64-Bit Version 12.1 Build 243 01/31/2013 Service Pack 1 SJ Full Version


---------------------
; Table of Contents ;
---------------------
  1. Legal Notice
  2. TimeQuest Timing Analyzer Summary
  3. Parallel Compilation
  4. Clocks
  5. Slow Model Fmax Summary
  6. Slow Model Setup Summary
  7. Slow Model Hold Summary
  8. Slow Model Recovery Summary
  9. Slow Model Removal Summary
 10. Slow Model Minimum Pulse Width Summary
 11. Slow Model Setup: 'Clk'
 12. Slow Model Hold: 'Clk'
 13. Slow Model Recovery: 'Clk'
 14. Slow Model Removal: 'Clk'
 15. Slow Model Minimum Pulse Width: 'Clk'
 16. Clock to Output Times
 17. Minimum Clock to Output Times
 18. Fast Model Setup Summary
 19. Fast Model Hold Summary
 20. Fast Model Recovery Summary
 21. Fast Model Removal Summary
 22. Fast Model Minimum Pulse Width Summary
 23. Fast Model Setup: 'Clk'
 24. Fast Model Hold: 'Clk'
 25. Fast Model Recovery: 'Clk'
 26. Fast Model Removal: 'Clk'
 27. Fast Model Minimum Pulse Width: 'Clk'
 28. Clock to Output Times
 29. Minimum Clock to Output Times
 30. Multicorner Timing Analysis Summary
 31. Clock to Output Times
 32. Minimum Clock to Output Times
 33. Setup Transfers
 34. Hold Transfers
 35. Recovery Transfers
 36. Removal Transfers
 37. Report TCCS
 38. Report RSKM
 39. Unconstrained Paths
 40. TimeQuest Timing Analyzer Messages



----------------
; Legal Notice ;
----------------
Copyright (C) 1991-2012 Altera Corporation
Your use of Altera Corporation's design tools, logic functions 
and other software and tools, and its AMPP partner logic 
functions, and any output files from any of the foregoing 
(including device programming or simulation files), and any 
associated documentation or information are expressly subject 
to the terms and conditions of the Altera Program License 
Subscription Agreement, Altera MegaCore Function License 
Agreement, or other applicable license agreement, including, 
without limitation, that your use is for the sole purpose of 
programming logic devices manufactured by Altera and sold by 
Altera or its authorized distributors.  Please refer to the 
applicable agreement for further details.



+---------------------------------------------------------------------------------------+
; TimeQuest Timing Analyzer Summary                                                     ;
+--------------------+------------------------------------------------------------------+
; Quartus II Version ; Version 12.1 Build 243 01/31/2013 Service Pack 1 SJ Full Version ;
; Revision Name      ; lab10step3a                                                      ;
; Device Family      ; Cyclone II                                                       ;
; Device Name        ; EP2C35F672C6                                                     ;
; Timing Models      ; Final                                                            ;
; Delay Model        ; Combined                                                         ;
; Rise/Fall Delays   ; Unavailable                                                      ;
+--------------------+------------------------------------------------------------------+


+------------------------------------------+
; Parallel Compilation                     ;
+----------------------------+-------------+
; Processors                 ; Number      ;
+----------------------------+-------------+
; Number detected on machine ; 8           ;
; Maximum allowed            ; 4           ;
;                            ;             ;
; Average used               ; 1.00        ;
; Maximum used               ; 1           ;
;                            ;             ;
; Usage by Processor         ; % Time Used ;
;     1 processor            ; 100.0%      ;
;     2-8 processors         ;   0.0%      ;
+----------------------------+-------------+


+---------------------------------------------------------------------------------------------------------------------------------------------------------------------------------+
; Clocks                                                                                                                                                                          ;
+------------+------+--------+------------+-------+-------+------------+-----------+-------------+-------+--------+-----------+------------+----------+--------+--------+---------+
; Clock Name ; Type ; Period ; Frequency  ; Rise  ; Fall  ; Duty Cycle ; Divide by ; Multiply by ; Phase ; Offset ; Edge List ; Edge Shift ; Inverted ; Master ; Source ; Targets ;
+------------+------+--------+------------+-------+-------+------------+-----------+-------------+-------+--------+-----------+------------+----------+--------+--------+---------+
; Clk        ; Base ; 1.000  ; 1000.0 MHz ; 0.000 ; 0.500 ;            ;           ;             ;       ;        ;           ;            ;          ;        ;        ; { Clk } ;
+------------+------+--------+------------+-------+-------+------------+-----------+-------------+-------+--------+-----------+------------+----------+--------+--------+---------+


+-----------------------------------------------------------------------------------------------------------+
; Slow Model Fmax Summary                                                                                   ;
+------------+-----------------+------------+---------------------------------------------------------------+
; Fmax       ; Restricted Fmax ; Clock Name ; Note                                                          ;
+------------+-----------------+------------+---------------------------------------------------------------+
; 965.25 MHz ; 450.05 MHz      ; Clk        ; limit due to minimum period restriction (max I/O toggle rate) ;
+------------+-----------------+------------+---------------------------------------------------------------+
This panel reports FMAX for every clock in the design, regardless of the user-specified clock periods.  FMAX is only computed for paths where the source and destination registers or ports are driven by the same clock.  Paths of different clocks, including generated clocks, are ignored.  For paths between a clock and its inversion, FMAX is computed as if the rising and falling edges are scaled along with FMAX, such that the duty cycle (in terms of a percentage) is maintained. Altera recommends that you always use clock constraints and other slack reports for sign-off analysis.


+--------------------------------+
; Slow Model Setup Summary       ;
+-------+--------+---------------+
; Clock ; Slack  ; End Point TNS ;
+-------+--------+---------------+
; Clk   ; -0.036 ; -0.065        ;
+-------+--------+---------------+


+-------------------------------+
; Slow Model Hold Summary       ;
+-------+-------+---------------+
; Clock ; Slack ; End Point TNS ;
+-------+-------+---------------+
; Clk   ; 0.391 ; 0.000         ;
+-------+-------+---------------+


+--------------------------------+
; Slow Model Recovery Summary    ;
+-------+--------+---------------+
; Clock ; Slack  ; End Point TNS ;
+-------+--------+---------------+
; Clk   ; -0.796 ; -3.184        ;
+-------+--------+---------------+


+-------------------------------+
; Slow Model Removal Summary    ;
+-------+-------+---------------+
; Clock ; Slack ; End Point TNS ;
+-------+-------+---------------+
; Clk   ; 1.450 ; 0.000         ;
+-------+-------+---------------+


+----------------------------------------+
; Slow Model Minimum Pulse Width Summary ;
+-------+--------+-----------------------+
; Clock ; Slack  ; End Point TNS         ;
+-------+--------+-----------------------+
; Clk   ; -1.222 ; -5.222                ;
+-------+--------+-----------------------+


+----------------------------------------------------------------------------------------------------+
; Slow Model Setup: 'Clk'                                                                            ;
+--------+-----------+---------+--------------+-------------+--------------+------------+------------+
; Slack  ; From Node ; To Node ; Launch Clock ; Latch Clock ; Relationship ; Clock Skew ; Data Delay ;
+--------+-----------+---------+--------------+-------------+--------------+------------+------------+
; -0.036 ; inst9     ; inst10  ; Clk          ; Clk         ; 1.000        ; 0.000      ; 1.072      ;
; -0.029 ; inst8     ; inst9   ; Clk          ; Clk         ; 1.000        ; 0.000      ; 1.065      ;
; 0.224  ; inst      ; inst9   ; Clk          ; Clk         ; 1.000        ; 0.000      ; 0.812      ;
; 0.225  ; inst      ; inst10  ; Clk          ; Clk         ; 1.000        ; 0.000      ; 0.811      ;
; 0.228  ; inst      ; inst8   ; Clk          ; Clk         ; 1.000        ; 0.000      ; 0.808      ;
; 0.379  ; inst      ; inst    ; Clk          ; Clk         ; 1.000        ; 0.000      ; 0.657      ;
; 0.379  ; inst10    ; inst10  ; Clk          ; Clk         ; 1.000        ; 0.000      ; 0.657      ;
; 0.379  ; inst9     ; inst9   ; Clk          ; Clk         ; 1.000        ; 0.000      ; 0.657      ;
; 0.379  ; inst8     ; inst8   ; Clk          ; Clk         ; 1.000        ; 0.000      ; 0.657      ;
+--------+-----------+---------+--------------+-------------+--------------+------------+------------+


+---------------------------------------------------------------------------------------------------+
; Slow Model Hold: 'Clk'                                                                            ;
+-------+-----------+---------+--------------+-------------+--------------+------------+------------+
; Slack ; From Node ; To Node ; Launch Clock ; Latch Clock ; Relationship ; Clock Skew ; Data Delay ;
+-------+-----------+---------+--------------+-------------+--------------+------------+------------+
; 0.391 ; inst10    ; inst10  ; Clk          ; Clk         ; 0.000        ; 0.000      ; 0.657      ;
; 0.391 ; inst      ; inst    ; Clk          ; Clk         ; 0.000        ; 0.000      ; 0.657      ;
; 0.391 ; inst8     ; inst8   ; Clk          ; Clk         ; 0.000        ; 0.000      ; 0.657      ;
; 0.391 ; inst9     ; inst9   ; Clk          ; Clk         ; 0.000        ; 0.000      ; 0.657      ;
; 0.542 ; inst      ; inst8   ; Clk          ; Clk         ; 0.000        ; 0.000      ; 0.808      ;
; 0.545 ; inst      ; inst10  ; Clk          ; Clk         ; 0.000        ; 0.000      ; 0.811      ;
; 0.546 ; inst      ; inst9   ; Clk          ; Clk         ; 0.000        ; 0.000      ; 0.812      ;
; 0.799 ; inst8     ; inst9   ; Clk          ; Clk         ; 0.000        ; 0.000      ; 1.065      ;
; 0.806 ; inst9     ; inst10  ; Clk          ; Clk         ; 0.000        ; 0.000      ; 1.072      ;
+-------+-----------+---------+--------------+-------------+--------------+------------+------------+


+----------------------------------------------------------------------------------------------------+
; Slow Model Recovery: 'Clk'                                                                         ;
+--------+-----------+---------+--------------+-------------+--------------+------------+------------+
; Slack  ; From Node ; To Node ; Launch Clock ; Latch Clock ; Relationship ; Clock Skew ; Data Delay ;
+--------+-----------+---------+--------------+-------------+--------------+------------+------------+
; -0.796 ; inst10    ; inst10  ; Clk          ; Clk         ; 1.000        ; 0.000      ; 1.832      ;
; -0.796 ; inst10    ; inst    ; Clk          ; Clk         ; 1.000        ; 0.000      ; 1.832      ;
; -0.796 ; inst10    ; inst8   ; Clk          ; Clk         ; 1.000        ; 0.000      ; 1.832      ;
; -0.796 ; inst10    ; inst9   ; Clk          ; Clk         ; 1.000        ; 0.000      ; 1.832      ;
; -0.680 ; inst      ; inst10  ; Clk          ; Clk         ; 1.000        ; 0.000      ; 1.716      ;
; -0.680 ; inst      ; inst    ; Clk          ; Clk         ; 1.000        ; 0.000      ; 1.716      ;
; -0.680 ; inst      ; inst8   ; Clk          ; Clk         ; 1.000        ; 0.000      ; 1.716      ;
; -0.680 ; inst      ; inst9   ; Clk          ; Clk         ; 1.000        ; 0.000      ; 1.716      ;
+--------+-----------+---------+--------------+-------------+--------------+------------+------------+


+---------------------------------------------------------------------------------------------------+
; Slow Model Removal: 'Clk'                                                                         ;
+-------+-----------+---------+--------------+-------------+--------------+------------+------------+
; Slack ; From Node ; To Node ; Launch Clock ; Latch Clock ; Relationship ; Clock Skew ; Data Delay ;
+-------+-----------+---------+--------------+-------------+--------------+------------+------------+
; 1.450 ; inst      ; inst10  ; Clk          ; Clk         ; 0.000        ; 0.000      ; 1.716      ;
; 1.450 ; inst      ; inst    ; Clk          ; Clk         ; 0.000        ; 0.000      ; 1.716      ;
; 1.450 ; inst      ; inst8   ; Clk          ; Clk         ; 0.000        ; 0.000      ; 1.716      ;
; 1.450 ; inst      ; inst9   ; Clk          ; Clk         ; 0.000        ; 0.000      ; 1.716      ;
; 1.566 ; inst10    ; inst10  ; Clk          ; Clk         ; 0.000        ; 0.000      ; 1.832      ;
; 1.566 ; inst10    ; inst    ; Clk          ; Clk         ; 0.000        ; 0.000      ; 1.832      ;
; 1.566 ; inst10    ; inst8   ; Clk          ; Clk         ; 0.000        ; 0.000      ; 1.832      ;
; 1.566 ; inst10    ; inst9   ; Clk          ; Clk         ; 0.000        ; 0.000      ; 1.832      ;
+-------+-----------+---------+--------------+-------------+--------------+------------+------------+


+----------------------------------------------------------------------------------------------+
; Slow Model Minimum Pulse Width: 'Clk'                                                        ;
+--------+--------------+----------------+------------------+-------+------------+-------------+
; Slack  ; Actual Width ; Required Width ; Type             ; Clock ; Clock Edge ; Target      ;
+--------+--------------+----------------+------------------+-------+------------+-------------+
; -1.222 ; 1.000        ; 2.222          ; Port Rate        ; Clk   ; Rise       ; Clk         ;
; -0.500 ; 0.500        ; 1.000          ; High Pulse Width ; Clk   ; Rise       ; inst        ;
; -0.500 ; 0.500        ; 1.000          ; Low Pulse Width  ; Clk   ; Rise       ; inst        ;
; -0.500 ; 0.500        ; 1.000          ; High Pulse Width ; Clk   ; Rise       ; inst10      ;
; -0.500 ; 0.500        ; 1.000          ; Low Pulse Width  ; Clk   ; Rise       ; inst10      ;
; -0.500 ; 0.500        ; 1.000          ; High Pulse Width ; Clk   ; Rise       ; inst8       ;
; -0.500 ; 0.500        ; 1.000          ; Low Pulse Width  ; Clk   ; Rise       ; inst8       ;
; -0.500 ; 0.500        ; 1.000          ; High Pulse Width ; Clk   ; Rise       ; inst9       ;
; -0.500 ; 0.500        ; 1.000          ; Low Pulse Width  ; Clk   ; Rise       ; inst9       ;
; 0.500  ; 0.500        ; 0.000          ; High Pulse Width ; Clk   ; Rise       ; Clk|combout ;
; 0.500  ; 0.500        ; 0.000          ; Low Pulse Width  ; Clk   ; Rise       ; Clk|combout ;
; 0.500  ; 0.500        ; 0.000          ; High Pulse Width ; Clk   ; Rise       ; inst10|clk  ;
; 0.500  ; 0.500        ; 0.000          ; Low Pulse Width  ; Clk   ; Rise       ; inst10|clk  ;
; 0.500  ; 0.500        ; 0.000          ; High Pulse Width ; Clk   ; Rise       ; inst8|clk   ;
; 0.500  ; 0.500        ; 0.000          ; Low Pulse Width  ; Clk   ; Rise       ; inst8|clk   ;
; 0.500  ; 0.500        ; 0.000          ; High Pulse Width ; Clk   ; Rise       ; inst9|clk   ;
; 0.500  ; 0.500        ; 0.000          ; Low Pulse Width  ; Clk   ; Rise       ; inst9|clk   ;
; 0.500  ; 0.500        ; 0.000          ; High Pulse Width ; Clk   ; Rise       ; inst|clk    ;
; 0.500  ; 0.500        ; 0.000          ; Low Pulse Width  ; Clk   ; Rise       ; inst|clk    ;
+--------+--------------+----------------+------------------+-------+------------+-------------+


+-----------------------------------------------------------------------+
; Clock to Output Times                                                 ;
+-----------+------------+-------+-------+------------+-----------------+
; Data Port ; Clock Port ; Rise  ; Fall  ; Clock Edge ; Clock Reference ;
+-----------+------------+-------+-------+------------+-----------------+
; Q1        ; Clk        ; 8.544 ; 8.544 ; Rise       ; Clk             ;
; Q2        ; Clk        ; 8.510 ; 8.510 ; Rise       ; Clk             ;
; Q3        ; Clk        ; 8.328 ; 8.328 ; Rise       ; Clk             ;
; Q4        ; Clk        ; 8.286 ; 8.286 ; Rise       ; Clk             ;
+-----------+------------+-------+-------+------------+-----------------+


+-----------------------------------------------------------------------+
; Minimum Clock to Output Times                                         ;
+-----------+------------+-------+-------+------------+-----------------+
; Data Port ; Clock Port ; Rise  ; Fall  ; Clock Edge ; Clock Reference ;
+-----------+------------+-------+-------+------------+-----------------+
; Q1        ; Clk        ; 8.544 ; 8.544 ; Rise       ; Clk             ;
; Q2        ; Clk        ; 8.510 ; 8.510 ; Rise       ; Clk             ;
; Q3        ; Clk        ; 8.328 ; 8.328 ; Rise       ; Clk             ;
; Q4        ; Clk        ; 8.286 ; 8.286 ; Rise       ; Clk             ;
+-----------+------------+-------+-------+------------+-----------------+


+-------------------------------+
; Fast Model Setup Summary      ;
+-------+-------+---------------+
; Clock ; Slack ; End Point TNS ;
+-------+-------+---------------+
; Clk   ; 0.518 ; 0.000         ;
+-------+-------+---------------+


+-------------------------------+
; Fast Model Hold Summary       ;
+-------+-------+---------------+
; Clock ; Slack ; End Point TNS ;
+-------+-------+---------------+
; Clk   ; 0.215 ; 0.000         ;
+-------+-------+---------------+


+-------------------------------+
; Fast Model Recovery Summary   ;
+-------+-------+---------------+
; Clock ; Slack ; End Point TNS ;
+-------+-------+---------------+
; Clk   ; 0.052 ; 0.000         ;
+-------+-------+---------------+


+-------------------------------+
; Fast Model Removal Summary    ;
+-------+-------+---------------+
; Clock ; Slack ; End Point TNS ;
+-------+-------+---------------+
; Clk   ; 0.761 ; 0.000         ;
+-------+-------+---------------+


+----------------------------------------+
; Fast Model Minimum Pulse Width Summary ;
+-------+--------+-----------------------+
; Clock ; Slack  ; End Point TNS         ;
+-------+--------+-----------------------+
; Clk   ; -1.222 ; -5.222                ;
+-------+--------+-----------------------+


+---------------------------------------------------------------------------------------------------+
; Fast Model Setup: 'Clk'                                                                           ;
+-------+-----------+---------+--------------+-------------+--------------+------------+------------+
; Slack ; From Node ; To Node ; Launch Clock ; Latch Clock ; Relationship ; Clock Skew ; Data Delay ;
+-------+-----------+---------+--------------+-------------+--------------+------------+------------+
; 0.518 ; inst9     ; inst10  ; Clk          ; Clk         ; 1.000        ; 0.000      ; 0.514      ;
; 0.522 ; inst8     ; inst9   ; Clk          ; Clk         ; 1.000        ; 0.000      ; 0.510      ;
; 0.626 ; inst      ; inst9   ; Clk          ; Clk         ; 1.000        ; 0.000      ; 0.406      ;
; 0.627 ; inst      ; inst10  ; Clk          ; Clk         ; 1.000        ; 0.000      ; 0.405      ;
; 0.630 ; inst      ; inst8   ; Clk          ; Clk         ; 1.000        ; 0.000      ; 0.402      ;
; 0.665 ; inst      ; inst    ; Clk          ; Clk         ; 1.000        ; 0.000      ; 0.367      ;
; 0.665 ; inst10    ; inst10  ; Clk          ; Clk         ; 1.000        ; 0.000      ; 0.367      ;
; 0.665 ; inst9     ; inst9   ; Clk          ; Clk         ; 1.000        ; 0.000      ; 0.367      ;
; 0.665 ; inst8     ; inst8   ; Clk          ; Clk         ; 1.000        ; 0.000      ; 0.367      ;
+-------+-----------+---------+--------------+-------------+--------------+------------+------------+


+---------------------------------------------------------------------------------------------------+
; Fast Model Hold: 'Clk'                                                                            ;
+-------+-----------+---------+--------------+-------------+--------------+------------+------------+
; Slack ; From Node ; To Node ; Launch Clock ; Latch Clock ; Relationship ; Clock Skew ; Data Delay ;
+-------+-----------+---------+--------------+-------------+--------------+------------+------------+
; 0.215 ; inst10    ; inst10  ; Clk          ; Clk         ; 0.000        ; 0.000      ; 0.367      ;
; 0.215 ; inst      ; inst    ; Clk          ; Clk         ; 0.000        ; 0.000      ; 0.367      ;
; 0.215 ; inst8     ; inst8   ; Clk          ; Clk         ; 0.000        ; 0.000      ; 0.367      ;
; 0.215 ; inst9     ; inst9   ; Clk          ; Clk         ; 0.000        ; 0.000      ; 0.367      ;
; 0.250 ; inst      ; inst8   ; Clk          ; Clk         ; 0.000        ; 0.000      ; 0.402      ;
; 0.253 ; inst      ; inst10  ; Clk          ; Clk         ; 0.000        ; 0.000      ; 0.405      ;
; 0.254 ; inst      ; inst9   ; Clk          ; Clk         ; 0.000        ; 0.000      ; 0.406      ;
; 0.358 ; inst8     ; inst9   ; Clk          ; Clk         ; 0.000        ; 0.000      ; 0.510      ;
; 0.362 ; inst9     ; inst10  ; Clk          ; Clk         ; 0.000        ; 0.000      ; 0.514      ;
+-------+-----------+---------+--------------+-------------+--------------+------------+------------+


+---------------------------------------------------------------------------------------------------+
; Fast Model Recovery: 'Clk'                                                                        ;
+-------+-----------+---------+--------------+-------------+--------------+------------+------------+
; Slack ; From Node ; To Node ; Launch Clock ; Latch Clock ; Relationship ; Clock Skew ; Data Delay ;
+-------+-----------+---------+--------------+-------------+--------------+------------+------------+
; 0.052 ; inst10    ; inst10  ; Clk          ; Clk         ; 1.000        ; 0.000      ; 0.980      ;
; 0.052 ; inst10    ; inst    ; Clk          ; Clk         ; 1.000        ; 0.000      ; 0.980      ;
; 0.052 ; inst10    ; inst8   ; Clk          ; Clk         ; 1.000        ; 0.000      ; 0.980      ;
; 0.052 ; inst10    ; inst9   ; Clk          ; Clk         ; 1.000        ; 0.000      ; 0.980      ;
; 0.119 ; inst      ; inst10  ; Clk          ; Clk         ; 1.000        ; 0.000      ; 0.913      ;
; 0.119 ; inst      ; inst    ; Clk          ; Clk         ; 1.000        ; 0.000      ; 0.913      ;
; 0.119 ; inst      ; inst8   ; Clk          ; Clk         ; 1.000        ; 0.000      ; 0.913      ;
; 0.119 ; inst      ; inst9   ; Clk          ; Clk         ; 1.000        ; 0.000      ; 0.913      ;
+-------+-----------+---------+--------------+-------------+--------------+------------+------------+


+---------------------------------------------------------------------------------------------------+
; Fast Model Removal: 'Clk'                                                                         ;
+-------+-----------+---------+--------------+-------------+--------------+------------+------------+
; Slack ; From Node ; To Node ; Launch Clock ; Latch Clock ; Relationship ; Clock Skew ; Data Delay ;
+-------+-----------+---------+--------------+-------------+--------------+------------+------------+
; 0.761 ; inst      ; inst10  ; Clk          ; Clk         ; 0.000        ; 0.000      ; 0.913      ;
; 0.761 ; inst      ; inst    ; Clk          ; Clk         ; 0.000        ; 0.000      ; 0.913      ;
; 0.761 ; inst      ; inst8   ; Clk          ; Clk         ; 0.000        ; 0.000      ; 0.913      ;
; 0.761 ; inst      ; inst9   ; Clk          ; Clk         ; 0.000        ; 0.000      ; 0.913      ;
; 0.828 ; inst10    ; inst10  ; Clk          ; Clk         ; 0.000        ; 0.000      ; 0.980      ;
; 0.828 ; inst10    ; inst    ; Clk          ; Clk         ; 0.000        ; 0.000      ; 0.980      ;
; 0.828 ; inst10    ; inst8   ; Clk          ; Clk         ; 0.000        ; 0.000      ; 0.980      ;
; 0.828 ; inst10    ; inst9   ; Clk          ; Clk         ; 0.000        ; 0.000      ; 0.980      ;
+-------+-----------+---------+--------------+-------------+--------------+------------+------------+


+----------------------------------------------------------------------------------------------+
; Fast Model Minimum Pulse Width: 'Clk'                                                        ;
+--------+--------------+----------------+------------------+-------+------------+-------------+
; Slack  ; Actual Width ; Required Width ; Type             ; Clock ; Clock Edge ; Target      ;
+--------+--------------+----------------+------------------+-------+------------+-------------+
; -1.222 ; 1.000        ; 2.222          ; Port Rate        ; Clk   ; Rise       ; Clk         ;
; -0.500 ; 0.500        ; 1.000          ; High Pulse Width ; Clk   ; Rise       ; inst        ;
; -0.500 ; 0.500        ; 1.000          ; Low Pulse Width  ; Clk   ; Rise       ; inst        ;
; -0.500 ; 0.500        ; 1.000          ; High Pulse Width ; Clk   ; Rise       ; inst10      ;
; -0.500 ; 0.500        ; 1.000          ; Low Pulse Width  ; Clk   ; Rise       ; inst10      ;
; -0.500 ; 0.500        ; 1.000          ; High Pulse Width ; Clk   ; Rise       ; inst8       ;
; -0.500 ; 0.500        ; 1.000          ; Low Pulse Width  ; Clk   ; Rise       ; inst8       ;
; -0.500 ; 0.500        ; 1.000          ; High Pulse Width ; Clk   ; Rise       ; inst9       ;
; -0.500 ; 0.500        ; 1.000          ; Low Pulse Width  ; Clk   ; Rise       ; inst9       ;
; 0.500  ; 0.500        ; 0.000          ; High Pulse Width ; Clk   ; Rise       ; Clk|combout ;
; 0.500  ; 0.500        ; 0.000          ; Low Pulse Width  ; Clk   ; Rise       ; Clk|combout ;
; 0.500  ; 0.500        ; 0.000          ; High Pulse Width ; Clk   ; Rise       ; inst10|clk  ;
; 0.500  ; 0.500        ; 0.000          ; Low Pulse Width  ; Clk   ; Rise       ; inst10|clk  ;
; 0.500  ; 0.500        ; 0.000          ; High Pulse Width ; Clk   ; Rise       ; inst8|clk   ;
; 0.500  ; 0.500        ; 0.000          ; Low Pulse Width  ; Clk   ; Rise       ; inst8|clk   ;
; 0.500  ; 0.500        ; 0.000          ; High Pulse Width ; Clk   ; Rise       ; inst9|clk   ;
; 0.500  ; 0.500        ; 0.000          ; Low Pulse Width  ; Clk   ; Rise       ; inst9|clk   ;
; 0.500  ; 0.500        ; 0.000          ; High Pulse Width ; Clk   ; Rise       ; inst|clk    ;
; 0.500  ; 0.500        ; 0.000          ; Low Pulse Width  ; Clk   ; Rise       ; inst|clk    ;
+--------+--------------+----------------+------------------+-------+------------+-------------+


+-----------------------------------------------------------------------+
; Clock to Output Times                                                 ;
+-----------+------------+-------+-------+------------+-----------------+
; Data Port ; Clock Port ; Rise  ; Fall  ; Clock Edge ; Clock Reference ;
+-----------+------------+-------+-------+------------+-----------------+
; Q1        ; Clk        ; 4.518 ; 4.518 ; Rise       ; Clk             ;
; Q2        ; Clk        ; 4.501 ; 4.501 ; Rise       ; Clk             ;
; Q3        ; Clk        ; 4.423 ; 4.423 ; Rise       ; Clk             ;
; Q4        ; Clk        ; 4.393 ; 4.393 ; Rise       ; Clk             ;
+-----------+------------+-------+-------+------------+-----------------+


+-----------------------------------------------------------------------+
; Minimum Clock to Output Times                                         ;
+-----------+------------+-------+-------+------------+-----------------+
; Data Port ; Clock Port ; Rise  ; Fall  ; Clock Edge ; Clock Reference ;
+-----------+------------+-------+-------+------------+-----------------+
; Q1        ; Clk        ; 4.518 ; 4.518 ; Rise       ; Clk             ;
; Q2        ; Clk        ; 4.501 ; 4.501 ; Rise       ; Clk             ;
; Q3        ; Clk        ; 4.423 ; 4.423 ; Rise       ; Clk             ;
; Q4        ; Clk        ; 4.393 ; 4.393 ; Rise       ; Clk             ;
+-----------+------------+-------+-------+------------+-----------------+


+------------------------------------------------------------------------------+
; Multicorner Timing Analysis Summary                                          ;
+------------------+--------+-------+----------+---------+---------------------+
; Clock            ; Setup  ; Hold  ; Recovery ; Removal ; Minimum Pulse Width ;
+------------------+--------+-------+----------+---------+---------------------+
; Worst-case Slack ; -0.036 ; 0.215 ; -0.796   ; 0.761   ; -1.222              ;
;  Clk             ; -0.036 ; 0.215 ; -0.796   ; 0.761   ; -1.222              ;
; Design-wide TNS  ; -0.065 ; 0.0   ; -3.184   ; 0.0     ; -5.222              ;
;  Clk             ; -0.065 ; 0.000 ; -3.184   ; 0.000   ; -5.222              ;
+------------------+--------+-------+----------+---------+---------------------+


+-----------------------------------------------------------------------+
; Clock to Output Times                                                 ;
+-----------+------------+-------+-------+------------+-----------------+
; Data Port ; Clock Port ; Rise  ; Fall  ; Clock Edge ; Clock Reference ;
+-----------+------------+-------+-------+------------+-----------------+
; Q1        ; Clk        ; 8.544 ; 8.544 ; Rise       ; Clk             ;
; Q2        ; Clk        ; 8.510 ; 8.510 ; Rise       ; Clk             ;
; Q3        ; Clk        ; 8.328 ; 8.328 ; Rise       ; Clk             ;
; Q4        ; Clk        ; 8.286 ; 8.286 ; Rise       ; Clk             ;
+-----------+------------+-------+-------+------------+-----------------+


+-----------------------------------------------------------------------+
; Minimum Clock to Output Times                                         ;
+-----------+------------+-------+-------+------------+-----------------+
; Data Port ; Clock Port ; Rise  ; Fall  ; Clock Edge ; Clock Reference ;
+-----------+------------+-------+-------+------------+-----------------+
; Q1        ; Clk        ; 4.518 ; 4.518 ; Rise       ; Clk             ;
; Q2        ; Clk        ; 4.501 ; 4.501 ; Rise       ; Clk             ;
; Q3        ; Clk        ; 4.423 ; 4.423 ; Rise       ; Clk             ;
; Q4        ; Clk        ; 4.393 ; 4.393 ; Rise       ; Clk             ;
+-----------+------------+-------+-------+------------+-----------------+


+-------------------------------------------------------------------+
; Setup Transfers                                                   ;
+------------+----------+----------+----------+----------+----------+
; From Clock ; To Clock ; RR Paths ; FR Paths ; RF Paths ; FF Paths ;
+------------+----------+----------+----------+----------+----------+
; Clk        ; Clk      ; 9        ; 0        ; 0        ; 0        ;
+------------+----------+----------+----------+----------+----------+
Entries labeled "false path" only account for clock-to-clock false paths and not path-based false paths. As a result, actual path counts may be lower than reported.


+-------------------------------------------------------------------+
; Hold Transfers                                                    ;
+------------+----------+----------+----------+----------+----------+
; From Clock ; To Clock ; RR Paths ; FR Paths ; RF Paths ; FF Paths ;
+------------+----------+----------+----------+----------+----------+
; Clk        ; Clk      ; 9        ; 0        ; 0        ; 0        ;
+------------+----------+----------+----------+----------+----------+
Entries labeled "false path" only account for clock-to-clock false paths and not path-based false paths. As a result, actual path counts may be lower than reported.


+-------------------------------------------------------------------+
; Recovery Transfers                                                ;
+------------+----------+----------+----------+----------+----------+
; From Clock ; To Clock ; RR Paths ; FR Paths ; RF Paths ; FF Paths ;
+------------+----------+----------+----------+----------+----------+
; Clk        ; Clk      ; 8        ; 0        ; 0        ; 0        ;
+------------+----------+----------+----------+----------+----------+
Entries labeled "false path" only account for clock-to-clock false paths and not path-based false paths. As a result, actual path counts may be lower than reported.


+-------------------------------------------------------------------+
; Removal Transfers                                                 ;
+------------+----------+----------+----------+----------+----------+
; From Clock ; To Clock ; RR Paths ; FR Paths ; RF Paths ; FF Paths ;
+------------+----------+----------+----------+----------+----------+
; Clk        ; Clk      ; 8        ; 0        ; 0        ; 0        ;
+------------+----------+----------+----------+----------+----------+
Entries labeled "false path" only account for clock-to-clock false paths and not path-based false paths. As a result, actual path counts may be lower than reported.


---------------
; Report TCCS ;
---------------
No dedicated SERDES Transmitter circuitry present in device or used in design


---------------
; Report RSKM ;
---------------
No dedicated SERDES Receiver circuitry present in device or used in design


+------------------------------------------------+
; Unconstrained Paths                            ;
+---------------------------------+-------+------+
; Property                        ; Setup ; Hold ;
+---------------------------------+-------+------+
; Illegal Clocks                  ; 0     ; 0    ;
; Unconstrained Clocks            ; 0     ; 0    ;
; Unconstrained Input Ports       ; 0     ; 0    ;
; Unconstrained Input Port Paths  ; 0     ; 0    ;
; Unconstrained Output Ports      ; 4     ; 4    ;
; Unconstrained Output Port Paths ; 4     ; 4    ;
+---------------------------------+-------+------+


+------------------------------------+
; TimeQuest Timing Analyzer Messages ;
+------------------------------------+
Info: *******************************************************************
Info: Running Quartus II 64-Bit TimeQuest Timing Analyzer
    Info: Version 12.1 Build 243 01/31/2013 Service Pack 1 SJ Full Version
    Info: Processing started: Mon Nov  9 13:32:33 2015
Info: Command: quartus_sta lab10step3a -c lab10step3a
Info: qsta_default_script.tcl version: #1
Info (11104): Parallel Compilation has detected 8 hyper-threaded processors. However, the extra hyper-threaded processors will not be used by default. Parallel Compilation will use 4 of the 4 physical processors detected instead.
Info (21077): Low junction temperature is 0 degrees C
Info (21077): High junction temperature is 85 degrees C
Critical Warning (332012): Synopsys Design Constraints File file not found: 'lab10step3a.sdc'. A Synopsys Design Constraints File is required by the TimeQuest Timing Analyzer to get proper timing constraints. Without it, the Compiler will not properly optimize the design.
Info (332142): No user constrained base clocks found in the design. Calling "derive_clocks -period 1.0"
Info (332105): Deriving Clocks
    Info (332105): create_clock -period 1.000 -name Clk Clk
Info: Found TIMEQUEST_REPORT_SCRIPT_INCLUDE_DEFAULT_ANALYSIS = ON
Info: Analyzing Slow Model
Critical Warning (332148): Timing requirements not met
Info (332146): Worst-case setup slack is -0.036
    Info (332119):     Slack End Point TNS Clock 
    Info (332119): ========= ============= =====================
    Info (332119):    -0.036        -0.065 Clk 
Info (332146): Worst-case hold slack is 0.391
    Info (332119):     Slack End Point TNS Clock 
    Info (332119): ========= ============= =====================
    Info (332119):     0.391         0.000 Clk 
Info (332146): Worst-case recovery slack is -0.796
    Info (332119):     Slack End Point TNS Clock 
    Info (332119): ========= ============= =====================
    Info (332119):    -0.796        -3.184 Clk 
Info (332146): Worst-case removal slack is 1.450
    Info (332119):     Slack End Point TNS Clock 
    Info (332119): ========= ============= =====================
    Info (332119):     1.450         0.000 Clk 
Info (332146): Worst-case minimum pulse width slack is -1.222
    Info (332119):     Slack End Point TNS Clock 
    Info (332119): ========= ============= =====================
    Info (332119):    -1.222        -5.222 Clk 
Info (332001): The selected device family is not supported by the report_metastability command.
Info: Analyzing Fast Model
Info (332146): Worst-case setup slack is 0.518
    Info (332119):     Slack End Point TNS Clock 
    Info (332119): ========= ============= =====================
    Info (332119):     0.518         0.000 Clk 
Info (332146): Worst-case hold slack is 0.215
    Info (332119):     Slack End Point TNS Clock 
    Info (332119): ========= ============= =====================
    Info (332119):     0.215         0.000 Clk 
Info (332146): Worst-case recovery slack is 0.052
    Info (332119):     Slack End Point TNS Clock 
    Info (332119): ========= ============= =====================
    Info (332119):     0.052         0.000 Clk 
Info (332146): Worst-case removal slack is 0.761
    Info (332119):     Slack End Point TNS Clock 
    Info (332119): ========= ============= =====================
    Info (332119):     0.761         0.000 Clk 
Critical Warning (332148): Timing requirements not met
Info (332146): Worst-case minimum pulse width slack is -1.222
    Info (332119):     Slack End Point TNS Clock 
    Info (332119): ========= ============= =====================
    Info (332119):    -1.222        -5.222 Clk 
Info (332001): The selected device family is not supported by the report_metastability command.
Info (332102): Design is not fully constrained for setup requirements
Info (332102): Design is not fully constrained for hold requirements
Info: Quartus II 64-Bit TimeQuest Timing Analyzer was successful. 0 errors, 3 warnings
    Info: Peak virtual memory: 600 megabytes
    Info: Processing ended: Mon Nov  9 13:32:35 2015
    Info: Elapsed time: 00:00:02
    Info: Total CPU time (on all processors): 00:00:01


