Analysis & Synthesis report for RegisterFile
Sat Nov 28 02:04:05 2015
Quartus II 64-Bit Version 12.1 Build 243 01/31/2013 Service Pack 1 SJ Full Version


---------------------
; Table of Contents ;
---------------------
  1. Legal Notice
  2. Analysis & Synthesis Summary
  3. Analysis & Synthesis Settings
  4. Parallel Compilation
  5. Analysis & Synthesis Source Files Read
  6. Analysis & Synthesis Resource Usage Summary
  7. Analysis & Synthesis Resource Utilization by Entity
  8. General Register Statistics
  9. Elapsed Time Per Partition
 10. Analysis & Synthesis Messages



----------------
; Legal Notice ;
----------------
Copyright (C) 1991-2012 Altera Corporation
Your use of Altera Corporation's design tools, logic functions 
and other software and tools, and its AMPP partner logic 
functions, and any output files from any of the foregoing 
(including device programming or simulation files), and any 
associated documentation or information are expressly subject 
to the terms and conditions of the Altera Program License 
Subscription Agreement, Altera MegaCore Function License 
Agreement, or other applicable license agreement, including, 
without limitation, that your use is for the sole purpose of 
programming logic devices manufactured by Altera and sold by 
Altera or its authorized distributors.  Please refer to the 
applicable agreement for further details.



+-------------------------------------------------------------------------------------+
; Analysis & Synthesis Summary                                                        ;
+------------------------------------+------------------------------------------------+
; Analysis & Synthesis Status        ; Successful - Sat Nov 28 02:04:04 2015          ;
; Quartus II 64-Bit Version          ; 12.1 Build 243 01/31/2013 SP 1 SJ Full Version ;
; Revision Name                      ; RegisterFile                                   ;
; Top-level Entity Name              ; RegisterFile                                   ;
; Family                             ; Cyclone II                                     ;
; Total logic elements               ; 117                                            ;
;     Total combinational functions  ; 101                                            ;
;     Dedicated logic registers      ; 46                                             ;
; Total registers                    ; 46                                             ;
; Total pins                         ; 44                                             ;
; Total virtual pins                 ; 0                                              ;
; Total memory bits                  ; 0                                              ;
; Embedded Multiplier 9-bit elements ; 0                                              ;
; Total PLLs                         ; 0                                              ;
+------------------------------------+------------------------------------------------+


+----------------------------------------------------------------------------------------------------------------------+
; Analysis & Synthesis Settings                                                                                        ;
+----------------------------------------------------------------------------+--------------------+--------------------+
; Option                                                                     ; Setting            ; Default Value      ;
+----------------------------------------------------------------------------+--------------------+--------------------+
; Device                                                                     ; EP2C35F672C6       ;                    ;
; Top-level entity name                                                      ; RegisterFile       ; RegisterFile       ;
; Family name                                                                ; Cyclone II         ; Cyclone IV GX      ;
; Use smart compilation                                                      ; Off                ; Off                ;
; Enable parallel Assembler and TimeQuest Timing Analyzer during compilation ; On                 ; On                 ;
; Enable compact report table                                                ; Off                ; Off                ;
; Restructure Multiplexers                                                   ; Auto               ; Auto               ;
; Create Debugging Nodes for IP Cores                                        ; Off                ; Off                ;
; Preserve fewer node names                                                  ; On                 ; On                 ;
; Disable OpenCore Plus hardware evaluation                                  ; Off                ; Off                ;
; Verilog Version                                                            ; Verilog_2001       ; Verilog_2001       ;
; VHDL Version                                                               ; VHDL_1993          ; VHDL_1993          ;
; State Machine Processing                                                   ; Auto               ; Auto               ;
; Safe State Machine                                                         ; Off                ; Off                ;
; Extract Verilog State Machines                                             ; On                 ; On                 ;
; Extract VHDL State Machines                                                ; On                 ; On                 ;
; Ignore Verilog initial constructs                                          ; Off                ; Off                ;
; Iteration limit for constant Verilog loops                                 ; 5000               ; 5000               ;
; Iteration limit for non-constant Verilog loops                             ; 250                ; 250                ;
; Add Pass-Through Logic to Inferred RAMs                                    ; On                 ; On                 ;
; Infer RAMs from Raw Logic                                                  ; On                 ; On                 ;
; Parallel Synthesis                                                         ; On                 ; On                 ;
; DSP Block Balancing                                                        ; Auto               ; Auto               ;
; NOT Gate Push-Back                                                         ; On                 ; On                 ;
; Power-Up Don't Care                                                        ; On                 ; On                 ;
; Remove Redundant Logic Cells                                               ; Off                ; Off                ;
; Remove Duplicate Registers                                                 ; On                 ; On                 ;
; Ignore CARRY Buffers                                                       ; Off                ; Off                ;
; Ignore CASCADE Buffers                                                     ; Off                ; Off                ;
; Ignore GLOBAL Buffers                                                      ; Off                ; Off                ;
; Ignore ROW GLOBAL Buffers                                                  ; Off                ; Off                ;
; Ignore LCELL Buffers                                                       ; Off                ; Off                ;
; Ignore SOFT Buffers                                                        ; On                 ; On                 ;
; Limit AHDL Integers to 32 Bits                                             ; Off                ; Off                ;
; Optimization Technique                                                     ; Balanced           ; Balanced           ;
; Carry Chain Length                                                         ; 70                 ; 70                 ;
; Auto Carry Chains                                                          ; On                 ; On                 ;
; Auto Open-Drain Pins                                                       ; On                 ; On                 ;
; Perform WYSIWYG Primitive Resynthesis                                      ; Off                ; Off                ;
; Auto ROM Replacement                                                       ; On                 ; On                 ;
; Auto RAM Replacement                                                       ; On                 ; On                 ;
; Auto Shift Register Replacement                                            ; Auto               ; Auto               ;
; Allow Shift Register Merging across Hierarchies                            ; Auto               ; Auto               ;
; Auto Clock Enable Replacement                                              ; On                 ; On                 ;
; Strict RAM Replacement                                                     ; Off                ; Off                ;
; Allow Synchronous Control Signals                                          ; On                 ; On                 ;
; Force Use of Synchronous Clear Signals                                     ; Off                ; Off                ;
; Auto RAM to Logic Cell Conversion                                          ; Off                ; Off                ;
; Auto Resource Sharing                                                      ; Off                ; Off                ;
; Allow Any RAM Size For Recognition                                         ; Off                ; Off                ;
; Allow Any ROM Size For Recognition                                         ; Off                ; Off                ;
; Allow Any Shift Register Size For Recognition                              ; Off                ; Off                ;
; Use LogicLock Constraints during Resource Balancing                        ; On                 ; On                 ;
; Ignore translate_off and synthesis_off directives                          ; Off                ; Off                ;
; Timing-Driven Synthesis                                                    ; Off                ; Off                ;
; Report Parameter Settings                                                  ; On                 ; On                 ;
; Report Source Assignments                                                  ; On                 ; On                 ;
; Report Connectivity Checks                                                 ; On                 ; On                 ;
; Ignore Maximum Fan-Out Assignments                                         ; Off                ; Off                ;
; Synchronization Register Chain Length                                      ; 2                  ; 2                  ;
; PowerPlay Power Optimization                                               ; Normal compilation ; Normal compilation ;
; HDL message level                                                          ; Level2             ; Level2             ;
; Suppress Register Optimization Related Messages                            ; Off                ; Off                ;
; Number of Removed Registers Reported in Synthesis Report                   ; 5000               ; 5000               ;
; Number of Swept Nodes Reported in Synthesis Report                         ; 5000               ; 5000               ;
; Number of Inverted Registers Reported in Synthesis Report                  ; 100                ; 100                ;
; Clock MUX Protection                                                       ; On                 ; On                 ;
; Auto Gated Clock Conversion                                                ; Off                ; Off                ;
; Block Design Naming                                                        ; Auto               ; Auto               ;
; SDC constraint protection                                                  ; Off                ; Off                ;
; Synthesis Effort                                                           ; Auto               ; Auto               ;
; Shift Register Replacement - Allow Asynchronous Clear Signal               ; On                 ; On                 ;
; Pre-Mapping Resynthesis Optimization                                       ; Off                ; Off                ;
; Analysis & Synthesis Message Level                                         ; Medium             ; Medium             ;
; Disable Register Merging Across Hierarchies                                ; Auto               ; Auto               ;
; Resource Aware Inference For Block RAM                                     ; On                 ; On                 ;
; Synthesis Seed                                                             ; 1                  ; 1                  ;
+----------------------------------------------------------------------------+--------------------+--------------------+


+------------------------------------------+
; Parallel Compilation                     ;
+----------------------------+-------------+
; Processors                 ; Number      ;
+----------------------------+-------------+
; Number detected on machine ; 8           ;
; Maximum allowed            ; 4           ;
;                            ;             ;
; Average used               ; 1.00        ;
; Maximum used               ; 1           ;
;                            ;             ;
; Usage by Processor         ; % Time Used ;
;     1 processor            ; 100.0%      ;
;     2-8 processors         ;   0.0%      ;
+----------------------------+-------------+


+------------------------------------------------------------------------------------------------------------------------------------------------------------------------------------------+
; Analysis & Synthesis Source Files Read                                                                                                                                                   ;
+----------------------------------+-----------------+------------------------------------------+--------------------------------------------------------------------------------+---------+
; File Name with User-Entered Path ; Used in Netlist ; File Type                                ; File Name with Absolute Path                                                   ; Library ;
+----------------------------------+-----------------+------------------------------------------+--------------------------------------------------------------------------------+---------+
; RegisterFile.bdf                 ; yes             ; User Block Diagram/Schematic File        ; /home/halkaabi/CPRE281/tries 1:20am nov17/file register/RegisterFile.bdf       ;         ;
; seven_seg_decoder.v              ; yes             ; Auto-Found Verilog HDL File              ; /home/halkaabi/CPRE281/tries 1:20am nov17/file register/seven_seg_decoder.v    ;         ;
; 4bitregister.bdf                 ; yes             ; Auto-Found Block Diagram/Schematic File  ; /home/halkaabi/CPRE281/tries 1:20am nov17/file register/4bitregister.bdf       ;         ;
; onebit.bdf                       ; yes             ; Auto-Found Block Diagram/Schematic File  ; /home/halkaabi/CPRE281/tries 1:20am nov17/file register/onebit.bdf             ;         ;
; 2x1mux.bdf                       ; yes             ; Auto-Found Block Diagram/Schematic File  ; /home/halkaabi/CPRE281/tries 1:20am nov17/file register/2x1mux.bdf             ;         ;
; 2x4Decoder.bdf                   ; yes             ; Auto-Found Block Diagram/Schematic File  ; /home/halkaabi/CPRE281/tries 1:20am nov17/file register/2x4Decoder.bdf         ;         ;
; addsub.bdf                       ; yes             ; Auto-Found Block Diagram/Schematic File  ; /home/halkaabi/CPRE281/tries 1:20am nov17/file register/addsub.bdf             ;         ;
; clock_generator.bdf              ; yes             ; Auto-Found Block Diagram/Schematic File  ; /home/halkaabi/CPRE281/tries 1:20am nov17/file register/clock_generator.bdf    ;         ;
; clock_divider_1024.bdf           ; yes             ; Auto-Found Block Diagram/Schematic File  ; /home/halkaabi/CPRE281/tries 1:20am nov17/file register/clock_divider_1024.bdf ;         ;
; full_adder.bdf                   ; yes             ; Auto-Found Block Diagram/Schematic File  ; /home/halkaabi/CPRE281/tries 1:20am nov17/file register/full_adder.bdf         ;         ;
; BusAdder.bdf                     ; yes             ; Auto-Found Block Diagram/Schematic File  ; /home/halkaabi/CPRE281/tries 1:20am nov17/file register/BusAdder.bdf           ;         ;
; 4bitBusAdder.bdf                 ; yes             ; Auto-Found Block Diagram/Schematic File  ; /home/halkaabi/CPRE281/tries 1:20am nov17/file register/4bitBusAdder.bdf       ;         ;
; FA.v                             ; yes             ; Auto-Found Verilog HDL File              ; /home/halkaabi/CPRE281/tries 1:20am nov17/file register/FA.v                   ;         ;
; 4x1BusMux.bdf                    ; yes             ; Auto-Found Block Diagram/Schematic File  ; /home/halkaabi/CPRE281/tries 1:20am nov17/file register/4x1BusMux.bdf          ;         ;
; 2x1BusMUX.bdf                    ; yes             ; Auto-Found Block Diagram/Schematic File  ; /home/halkaabi/CPRE281/tries 1:20am nov17/file register/2x1BusMUX.bdf          ;         ;
+----------------------------------+-----------------+------------------------------------------+--------------------------------------------------------------------------------+---------+


+-----------------------------------------------------+
; Analysis & Synthesis Resource Usage Summary         ;
+---------------------------------------------+-------+
; Resource                                    ; Usage ;
+---------------------------------------------+-------+
; Estimated Total logic elements              ; 117   ;
;                                             ;       ;
; Total combinational functions               ; 101   ;
; Logic element usage by number of LUT inputs ;       ;
;     -- 4 input functions                    ; 62    ;
;     -- 3 input functions                    ; 20    ;
;     -- <=2 input functions                  ; 19    ;
;                                             ;       ;
; Logic elements by mode                      ;       ;
;     -- normal mode                          ; 101   ;
;     -- arithmetic mode                      ; 0     ;
;                                             ;       ;
; Total registers                             ; 46    ;
;     -- Dedicated logic registers            ; 46    ;
;     -- I/O registers                        ; 0     ;
;                                             ;       ;
; I/O pins                                    ; 44    ;
; Embedded Multiplier 9-bit elements          ; 0     ;
; Maximum fan-out                             ; 31    ;
; Total fan-out                               ; 485   ;
; Average fan-out                             ; 2.54  ;
+---------------------------------------------+-------+


+---------------------------------------------------------------------------------------------------------------------------------------------------------------------------------------------------------------------------------+
; Analysis & Synthesis Resource Utilization by Entity                                                                                                                                                                             ;
+------------------------------------+-------------------+--------------+-------------+--------------+---------+-----------+------+--------------+-----------------------------------------------------------------+--------------+
; Compilation Hierarchy Node         ; LC Combinationals ; LC Registers ; Memory Bits ; DSP Elements ; DSP 9x9 ; DSP 18x18 ; Pins ; Virtual Pins ; Full Hierarchy Name                                             ; Library Name ;
+------------------------------------+-------------------+--------------+-------------+--------------+---------+-----------+------+--------------+-----------------------------------------------------------------+--------------+
; |RegisterFile                      ; 101 (0)           ; 46 (0)       ; 0           ; 0            ; 0       ; 0         ; 44   ; 0            ; |RegisterFile                                                   ;              ;
;    |2x4Decoder:inst14|             ; 5 (5)             ; 0 (0)        ; 0           ; 0            ; 0       ; 0         ; 0    ; 0            ; |RegisterFile|2x4Decoder:inst14                                 ;              ;
;    |4bitregister:inst1|            ; 0 (0)             ; 4 (0)        ; 0           ; 0            ; 0       ; 0         ; 0    ; 0            ; |RegisterFile|4bitregister:inst1                                ;              ;
;       |onebit:inst1|               ; 0 (0)             ; 1 (1)        ; 0           ; 0            ; 0       ; 0         ; 0    ; 0            ; |RegisterFile|4bitregister:inst1|onebit:inst1                   ;              ;
;       |onebit:inst2|               ; 0 (0)             ; 1 (1)        ; 0           ; 0            ; 0       ; 0         ; 0    ; 0            ; |RegisterFile|4bitregister:inst1|onebit:inst2                   ;              ;
;       |onebit:inst3|               ; 0 (0)             ; 1 (1)        ; 0           ; 0            ; 0       ; 0         ; 0    ; 0            ; |RegisterFile|4bitregister:inst1|onebit:inst3                   ;              ;
;       |onebit:inst|                ; 0 (0)             ; 1 (1)        ; 0           ; 0            ; 0       ; 0         ; 0    ; 0            ; |RegisterFile|4bitregister:inst1|onebit:inst                    ;              ;
;    |4bitregister:inst2|            ; 0 (0)             ; 4 (0)        ; 0           ; 0            ; 0       ; 0         ; 0    ; 0            ; |RegisterFile|4bitregister:inst2                                ;              ;
;       |onebit:inst1|               ; 0 (0)             ; 1 (1)        ; 0           ; 0            ; 0       ; 0         ; 0    ; 0            ; |RegisterFile|4bitregister:inst2|onebit:inst1                   ;              ;
;       |onebit:inst2|               ; 0 (0)             ; 1 (1)        ; 0           ; 0            ; 0       ; 0         ; 0    ; 0            ; |RegisterFile|4bitregister:inst2|onebit:inst2                   ;              ;
;       |onebit:inst3|               ; 0 (0)             ; 1 (1)        ; 0           ; 0            ; 0       ; 0         ; 0    ; 0            ; |RegisterFile|4bitregister:inst2|onebit:inst3                   ;              ;
;       |onebit:inst|                ; 0 (0)             ; 1 (1)        ; 0           ; 0            ; 0       ; 0         ; 0    ; 0            ; |RegisterFile|4bitregister:inst2|onebit:inst                    ;              ;
;    |4bitregister:inst3|            ; 0 (0)             ; 4 (0)        ; 0           ; 0            ; 0       ; 0         ; 0    ; 0            ; |RegisterFile|4bitregister:inst3                                ;              ;
;       |onebit:inst1|               ; 0 (0)             ; 1 (1)        ; 0           ; 0            ; 0       ; 0         ; 0    ; 0            ; |RegisterFile|4bitregister:inst3|onebit:inst1                   ;              ;
;       |onebit:inst2|               ; 0 (0)             ; 1 (1)        ; 0           ; 0            ; 0       ; 0         ; 0    ; 0            ; |RegisterFile|4bitregister:inst3|onebit:inst2                   ;              ;
;       |onebit:inst3|               ; 0 (0)             ; 1 (1)        ; 0           ; 0            ; 0       ; 0         ; 0    ; 0            ; |RegisterFile|4bitregister:inst3|onebit:inst3                   ;              ;
;       |onebit:inst|                ; 0 (0)             ; 1 (1)        ; 0           ; 0            ; 0       ; 0         ; 0    ; 0            ; |RegisterFile|4bitregister:inst3|onebit:inst                    ;              ;
;    |4bitregister:inst|             ; 0 (0)             ; 4 (0)        ; 0           ; 0            ; 0       ; 0         ; 0    ; 0            ; |RegisterFile|4bitregister:inst                                 ;              ;
;       |onebit:inst1|               ; 0 (0)             ; 1 (1)        ; 0           ; 0            ; 0       ; 0         ; 0    ; 0            ; |RegisterFile|4bitregister:inst|onebit:inst1                    ;              ;
;       |onebit:inst2|               ; 0 (0)             ; 1 (1)        ; 0           ; 0            ; 0       ; 0         ; 0    ; 0            ; |RegisterFile|4bitregister:inst|onebit:inst2                    ;              ;
;       |onebit:inst3|               ; 0 (0)             ; 1 (1)        ; 0           ; 0            ; 0       ; 0         ; 0    ; 0            ; |RegisterFile|4bitregister:inst|onebit:inst3                    ;              ;
;       |onebit:inst|                ; 0 (0)             ; 1 (1)        ; 0           ; 0            ; 0       ; 0         ; 0    ; 0            ; |RegisterFile|4bitregister:inst|onebit:inst                     ;              ;
;    |addsub:inst13|                 ; 4 (4)             ; 3 (3)        ; 0           ; 0            ; 0       ; 0         ; 0    ; 0            ; |RegisterFile|addsub:inst13                                     ;              ;
;    |clock_generator:inst16|        ; 36 (8)            ; 27 (7)       ; 0           ; 0            ; 0       ; 0         ; 0    ; 0            ; |RegisterFile|clock_generator:inst16                            ;              ;
;       |clock_divider_1024:inst101| ; 14 (14)           ; 10 (10)      ; 0           ; 0            ; 0       ; 0         ; 0    ; 0            ; |RegisterFile|clock_generator:inst16|clock_divider_1024:inst101 ;              ;
;       |clock_divider_1024:inst102| ; 14 (14)           ; 10 (10)      ; 0           ; 0            ; 0       ; 0         ; 0    ; 0            ; |RegisterFile|clock_generator:inst16|clock_divider_1024:inst102 ;              ;
;    |seven_seg_decoder:inst4|       ; 14 (14)           ; 0 (0)        ; 0           ; 0            ; 0       ; 0         ; 0    ; 0            ; |RegisterFile|seven_seg_decoder:inst4                           ;              ;
;    |seven_seg_decoder:inst7|       ; 14 (14)           ; 0 (0)        ; 0           ; 0            ; 0       ; 0         ; 0    ; 0            ; |RegisterFile|seven_seg_decoder:inst7                           ;              ;
;    |seven_seg_decoder:inst8|       ; 14 (14)           ; 0 (0)        ; 0           ; 0            ; 0       ; 0         ; 0    ; 0            ; |RegisterFile|seven_seg_decoder:inst8                           ;              ;
;    |seven_seg_decoder:inst9|       ; 14 (14)           ; 0 (0)        ; 0           ; 0            ; 0       ; 0         ; 0    ; 0            ; |RegisterFile|seven_seg_decoder:inst9                           ;              ;
+------------------------------------+-------------------+--------------+-------------+--------------+---------+-----------+------+--------------+-----------------------------------------------------------------+--------------+
Note: For table entries with two numbers listed, the numbers in parentheses indicate the number of resources of the given type used by the specific entity alone. The numbers listed outside of parentheses indicate the total resources of the given type used by the specific entity and all of its sub-entities in the hierarchy.


+------------------------------------------------------+
; General Register Statistics                          ;
+----------------------------------------------+-------+
; Statistic                                    ; Value ;
+----------------------------------------------+-------+
; Total registers                              ; 46    ;
; Number of registers using Synchronous Clear  ; 0     ;
; Number of registers using Synchronous Load   ; 0     ;
; Number of registers using Asynchronous Clear ; 3     ;
; Number of registers using Asynchronous Load  ; 0     ;
; Number of registers using Clock Enable       ; 16    ;
; Number of registers using Preset             ; 0     ;
+----------------------------------------------+-------+


+-------------------------------+
; Elapsed Time Per Partition    ;
+----------------+--------------+
; Partition Name ; Elapsed Time ;
+----------------+--------------+
; Top            ; 00:00:00     ;
+----------------+--------------+


+-------------------------------+
; Analysis & Synthesis Messages ;
+-------------------------------+
Info: *******************************************************************
Info: Running Quartus II 64-Bit Analysis & Synthesis
    Info: Version 12.1 Build 243 01/31/2013 Service Pack 1 SJ Full Version
    Info: Processing started: Sat Nov 28 02:04:01 2015
Info: Command: quartus_map --read_settings_files=on --write_settings_files=off RegisterFile -c RegisterFile
Info (11104): Parallel Compilation has detected 8 hyper-threaded processors. However, the extra hyper-threaded processors will not be used by default. Parallel Compilation will use 4 of the 4 physical processors detected instead.
Info (12021): Found 1 design units, including 1 entities, in source file RegisterFile.bdf
    Info (12023): Found entity 1: RegisterFile
Info (12127): Elaborating entity "RegisterFile" for the top level hierarchy
Warning (12125): Using design file seven_seg_decoder.v, which is not specified as a design file for the current project, but contains definitions for 1 design units and 1 entities in project
    Info (12023): Found entity 1: seven_seg_decoder
Info (12128): Elaborating entity "seven_seg_decoder" for hierarchy "seven_seg_decoder:inst7"
Warning (12125): Using design file 4bitregister.bdf, which is not specified as a design file for the current project, but contains definitions for 1 design units and 1 entities in project
    Info (12023): Found entity 1: 4bitregister
Info (12128): Elaborating entity "4bitregister" for hierarchy "4bitregister:inst3"
Warning (12125): Using design file onebit.bdf, which is not specified as a design file for the current project, but contains definitions for 1 design units and 1 entities in project
    Info (12023): Found entity 1: onebit
Info (12128): Elaborating entity "onebit" for hierarchy "4bitregister:inst3|onebit:inst3"
Warning (12125): Using design file 2x1mux.bdf, which is not specified as a design file for the current project, but contains definitions for 1 design units and 1 entities in project
    Info (12023): Found entity 1: 2x1mux
Info (12128): Elaborating entity "2x1mux" for hierarchy "4bitregister:inst3|onebit:inst3|2x1mux:inst2"
Warning (12125): Using design file 2x4Decoder.bdf, which is not specified as a design file for the current project, but contains definitions for 1 design units and 1 entities in project
    Info (12023): Found entity 1: 2x4Decoder
Info (12128): Elaborating entity "2x4Decoder" for hierarchy "2x4Decoder:inst14"
Warning (275080): Converted elements in bus name "w" using legacy naming rules. Make any assignments on the new names, not on the original names.
    Warning (275081): Converted element name(s) from "w[1]" to "w1"
    Warning (275081): Converted element name(s) from "w[0]" to "w0"
Warning (12125): Using design file addsub.bdf, which is not specified as a design file for the current project, but contains definitions for 1 design units and 1 entities in project
    Info (12023): Found entity 1: addsub
Info (12128): Elaborating entity "addsub" for hierarchy "addsub:inst13"
Warning (12125): Using design file clock_generator.bdf, which is not specified as a design file for the current project, but contains definitions for 1 design units and 1 entities in project
    Info (12023): Found entity 1: clock_generator
Info (12128): Elaborating entity "clock_generator" for hierarchy "clock_generator:inst16"
Warning (12125): Using design file clock_divider_1024.bdf, which is not specified as a design file for the current project, but contains definitions for 1 design units and 1 entities in project
    Info (12023): Found entity 1: clock_divider_1024
Info (12128): Elaborating entity "clock_divider_1024" for hierarchy "clock_generator:inst16|clock_divider_1024:inst102"
Warning (12125): Using design file full_adder.bdf, which is not specified as a design file for the current project, but contains definitions for 1 design units and 1 entities in project
    Info (12023): Found entity 1: full_adder
Info (12128): Elaborating entity "full_adder" for hierarchy "full_adder:inst11"
Warning (12125): Using design file BusAdder.bdf, which is not specified as a design file for the current project, but contains definitions for 1 design units and 1 entities in project
    Info (12023): Found entity 1: BusAdder
Info (12128): Elaborating entity "BusAdder" for hierarchy "BusAdder:inst12"
Warning (12125): Using design file 4bitBusAdder.bdf, which is not specified as a design file for the current project, but contains definitions for 1 design units and 1 entities in project
    Info (12023): Found entity 1: 4bitBusAdder
Info (12128): Elaborating entity "4bitBusAdder" for hierarchy "BusAdder:inst12|4bitBusAdder:inst"
Warning (12125): Using design file FA.v, which is not specified as a design file for the current project, but contains definitions for 1 design units and 1 entities in project
    Info (12023): Found entity 1: FA
Info (12128): Elaborating entity "FA" for hierarchy "BusAdder:inst12|4bitBusAdder:inst|FA:inst"
Warning (12125): Using design file 4x1BusMux.bdf, which is not specified as a design file for the current project, but contains definitions for 1 design units and 1 entities in project
    Info (12023): Found entity 1: 4x1BusMux
Info (12128): Elaborating entity "4x1BusMux" for hierarchy "4x1BusMux:inst5"
Warning (12125): Using design file 2x1BusMUX.bdf, which is not specified as a design file for the current project, but contains definitions for 1 design units and 1 entities in project
    Info (12023): Found entity 1: 2x1BusMUX
Info (12128): Elaborating entity "2x1BusMUX" for hierarchy "4x1BusMux:inst5|2x1BusMUX:inst2"
Info (16010): Generating hard_block partition "hard_block:auto_generated_inst"
    Info (16011): Adding 0 node(s), including 0 DDIO, 0 PLL, 0 transceiver and 0 LCELL
Warning (21074): Design contains 4 input pin(s) that do not drive logic
    Warning (15610): No output dependent on input pin "S1[1]"
    Warning (15610): No output dependent on input pin "S1[0]"
    Warning (15610): No output dependent on input pin "S2[1]"
    Warning (15610): No output dependent on input pin "S2[0]"
Info (21057): Implemented 161 device resources after synthesis - the final resource count might be different
    Info (21058): Implemented 13 input pins
    Info (21059): Implemented 31 output pins
    Info (21061): Implemented 117 logic cells
Info: Quartus II 64-Bit Analysis & Synthesis was successful. 0 errors, 22 warnings
    Info: Peak virtual memory: 627 megabytes
    Info: Processing ended: Sat Nov 28 02:04:05 2015
    Info: Elapsed time: 00:00:04
    Info: Total CPU time (on all processors): 00:00:01


