TimeQuest Timing Analyzer report for lab06
Mon Oct 12 12:48:37 2015
Quartus II 64-Bit Version 12.1 Build 243 01/31/2013 Service Pack 1 SJ Full Version


---------------------
; Table of Contents ;
---------------------
  1. Legal Notice
  2. TimeQuest Timing Analyzer Summary
  3. Parallel Compilation
  4. Clocks
  5. Slow Model Fmax Summary
  6. Slow Model Setup Summary
  7. Slow Model Hold Summary
  8. Slow Model Recovery Summary
  9. Slow Model Removal Summary
 10. Slow Model Minimum Pulse Width Summary
 11. Propagation Delay
 12. Minimum Propagation Delay
 13. Fast Model Setup Summary
 14. Fast Model Hold Summary
 15. Fast Model Recovery Summary
 16. Fast Model Removal Summary
 17. Fast Model Minimum Pulse Width Summary
 18. Propagation Delay
 19. Minimum Propagation Delay
 20. Multicorner Timing Analysis Summary
 21. Progagation Delay
 22. Minimum Progagation Delay
 23. Clock Transfers
 24. Report TCCS
 25. Report RSKM
 26. Unconstrained Paths
 27. TimeQuest Timing Analyzer Messages



----------------
; Legal Notice ;
----------------
Copyright (C) 1991-2012 Altera Corporation
Your use of Altera Corporation's design tools, logic functions 
and other software and tools, and its AMPP partner logic 
functions, and any output files from any of the foregoing 
(including device programming or simulation files), and any 
associated documentation or information are expressly subject 
to the terms and conditions of the Altera Program License 
Subscription Agreement, Altera MegaCore Function License 
Agreement, or other applicable license agreement, including, 
without limitation, that your use is for the sole purpose of 
programming logic devices manufactured by Altera and sold by 
Altera or its authorized distributors.  Please refer to the 
applicable agreement for further details.



+---------------------------------------------------------------------------------------+
; TimeQuest Timing Analyzer Summary                                                     ;
+--------------------+------------------------------------------------------------------+
; Quartus II Version ; Version 12.1 Build 243 01/31/2013 Service Pack 1 SJ Full Version ;
; Revision Name      ; lab06                                                            ;
; Device Family      ; Cyclone II                                                       ;
; Device Name        ; EP2C35F672C6                                                     ;
; Timing Models      ; Final                                                            ;
; Delay Model        ; Combined                                                         ;
; Rise/Fall Delays   ; Unavailable                                                      ;
+--------------------+------------------------------------------------------------------+


+------------------------------------------+
; Parallel Compilation                     ;
+----------------------------+-------------+
; Processors                 ; Number      ;
+----------------------------+-------------+
; Number detected on machine ; 8           ;
; Maximum allowed            ; 4           ;
;                            ;             ;
; Average used               ; 1.00        ;
; Maximum used               ; 1           ;
;                            ;             ;
; Usage by Processor         ; % Time Used ;
;     1 processor            ; 100.0%      ;
;     2-8 processors         ;   0.0%      ;
+----------------------------+-------------+


----------
; Clocks ;
----------
No clocks to report.


---------------------------
; Slow Model Fmax Summary ;
---------------------------
No paths to report.


----------------------------
; Slow Model Setup Summary ;
----------------------------
No paths to report.


---------------------------
; Slow Model Hold Summary ;
---------------------------
No paths to report.


-------------------------------
; Slow Model Recovery Summary ;
-------------------------------
No paths to report.


------------------------------
; Slow Model Removal Summary ;
------------------------------
No paths to report.


------------------------------------------
; Slow Model Minimum Pulse Width Summary ;
------------------------------------------
No paths to report.


+--------------------------------------------------------------+
; Propagation Delay                                            ;
+------------+-------------+--------+--------+--------+--------+
; Input Port ; Output Port ; RR     ; RF     ; FR     ; FF     ;
+------------+-------------+--------+--------+--------+--------+
; pin_name1  ; pin_name10  ; 9.914  ; 9.914  ; 9.914  ; 9.914  ;
; pin_name1  ; pin_name11  ; 9.933  ; 9.933  ; 9.933  ; 9.933  ;
; pin_name1  ; pin_name12  ; 9.887  ; 9.887  ; 9.887  ; 9.887  ;
; pin_name1  ; pin_name13  ; 9.893  ; 9.893  ; 9.893  ; 9.893  ;
; pin_name1  ; pin_name14  ;        ; 9.901  ; 9.901  ;        ;
; pin_name1  ; pin_name15  ; 10.072 ; 10.072 ; 10.072 ; 10.072 ;
; pin_name1  ; pin_name16  ; 9.935  ; 9.935  ; 9.935  ; 9.935  ;
; pin_name1  ; pin_name24  ; 10.816 ; 10.816 ; 10.816 ; 10.816 ;
; pin_name1  ; pin_name26  ; 10.769 ; 10.769 ; 10.769 ; 10.769 ;
; pin_name1  ; pin_name27  ; 10.832 ; 10.832 ; 10.832 ; 10.832 ;
; pin_name1  ; pin_name28  ; 10.808 ; 10.808 ; 10.808 ; 10.808 ;
; pin_name1  ; pin_name29  ; 10.813 ; 10.813 ; 10.813 ; 10.813 ;
; pin_name1  ; pin_name30  ; 10.812 ; 10.812 ; 10.812 ; 10.812 ;
; pin_name1  ; pin_name31  ; 11.393 ; 11.393 ; 11.393 ; 11.393 ;
; pin_name1  ; pin_name32  ; 11.516 ; 11.516 ; 11.516 ; 11.516 ;
; pin_name1  ; pin_name33  ; 11.522 ; 11.522 ; 11.522 ; 11.522 ;
; pin_name1  ; pin_name34  ; 11.216 ; 11.216 ; 11.216 ; 11.216 ;
; pin_name1  ; pin_name35  ; 11.233 ; 11.233 ; 11.233 ; 11.233 ;
; pin_name1  ; pin_name36  ; 11.232 ; 11.232 ; 11.232 ; 11.232 ;
; pin_name1  ; pin_name37  ; 11.511 ; 11.511 ; 11.511 ; 11.511 ;
; pin_name2  ; pin_name10  ; 10.175 ; 10.175 ; 10.175 ; 10.175 ;
; pin_name2  ; pin_name11  ; 10.210 ;        ;        ; 10.210 ;
; pin_name2  ; pin_name12  ; 10.132 ; 10.132 ; 10.132 ; 10.132 ;
; pin_name2  ; pin_name13  ; 10.170 ; 10.170 ; 10.170 ; 10.170 ;
; pin_name2  ; pin_name14  ; 10.179 ; 10.179 ; 10.179 ; 10.179 ;
; pin_name2  ; pin_name15  ; 10.336 ; 10.336 ; 10.336 ; 10.336 ;
; pin_name2  ; pin_name16  ; 10.214 ; 10.214 ; 10.214 ; 10.214 ;
; pin_name2  ; pin_name24  ; 11.672 ; 11.672 ; 11.672 ; 11.672 ;
; pin_name2  ; pin_name26  ; 11.625 ; 11.625 ; 11.625 ; 11.625 ;
; pin_name2  ; pin_name27  ; 11.688 ; 11.688 ; 11.688 ; 11.688 ;
; pin_name2  ; pin_name28  ; 11.664 ; 11.664 ; 11.664 ; 11.664 ;
; pin_name2  ; pin_name29  ; 11.669 ; 11.669 ; 11.669 ; 11.669 ;
; pin_name2  ; pin_name30  ; 11.668 ; 11.668 ; 11.668 ; 11.668 ;
; pin_name2  ; pin_name31  ; 12.249 ; 12.249 ; 12.249 ; 12.249 ;
; pin_name2  ; pin_name32  ; 12.372 ; 12.372 ; 12.372 ; 12.372 ;
; pin_name2  ; pin_name33  ; 12.378 ; 12.378 ; 12.378 ; 12.378 ;
; pin_name2  ; pin_name34  ; 12.072 ; 12.072 ; 12.072 ; 12.072 ;
; pin_name2  ; pin_name35  ; 12.089 ; 12.089 ; 12.089 ; 12.089 ;
; pin_name2  ; pin_name36  ; 12.088 ; 12.088 ; 12.088 ; 12.088 ;
; pin_name2  ; pin_name37  ; 12.367 ; 12.367 ; 12.367 ; 12.367 ;
; pin_name3  ; pin_name10  ; 10.023 ; 10.023 ; 10.023 ; 10.023 ;
; pin_name3  ; pin_name11  ; 10.042 ; 10.042 ; 10.042 ; 10.042 ;
; pin_name3  ; pin_name12  ; 9.996  ;        ;        ; 9.996  ;
; pin_name3  ; pin_name13  ; 10.004 ; 10.004 ; 10.004 ; 10.004 ;
; pin_name3  ; pin_name14  ;        ; 10.012 ; 10.012 ;        ;
; pin_name3  ; pin_name15  ; 10.181 ; 10.181 ; 10.181 ; 10.181 ;
; pin_name3  ; pin_name16  ; 10.043 ; 10.043 ; 10.043 ; 10.043 ;
; pin_name3  ; pin_name24  ; 12.753 ; 12.753 ; 12.753 ; 12.753 ;
; pin_name3  ; pin_name26  ; 12.706 ; 12.706 ; 12.706 ; 12.706 ;
; pin_name3  ; pin_name27  ; 12.769 ; 12.769 ; 12.769 ; 12.769 ;
; pin_name3  ; pin_name28  ; 12.745 ; 12.745 ; 12.745 ; 12.745 ;
; pin_name3  ; pin_name29  ; 12.750 ; 12.750 ; 12.750 ; 12.750 ;
; pin_name3  ; pin_name30  ; 12.749 ; 12.749 ; 12.749 ; 12.749 ;
; pin_name3  ; pin_name31  ; 13.330 ; 13.330 ; 13.330 ; 13.330 ;
; pin_name3  ; pin_name32  ; 13.453 ; 13.453 ; 13.453 ; 13.453 ;
; pin_name3  ; pin_name33  ; 13.459 ; 13.459 ; 13.459 ; 13.459 ;
; pin_name3  ; pin_name34  ; 13.153 ; 13.153 ; 13.153 ; 13.153 ;
; pin_name3  ; pin_name35  ; 13.170 ; 13.170 ; 13.170 ; 13.170 ;
; pin_name3  ; pin_name36  ; 13.169 ; 13.169 ; 13.169 ; 13.169 ;
; pin_name3  ; pin_name37  ; 13.448 ; 13.448 ; 13.448 ; 13.448 ;
; pin_name4  ; pin_name10  ; 10.220 ; 10.220 ; 10.220 ; 10.220 ;
; pin_name4  ; pin_name11  ; 10.237 ; 10.237 ; 10.237 ; 10.237 ;
; pin_name4  ; pin_name12  ;        ; 10.164 ; 10.164 ;        ;
; pin_name4  ; pin_name13  ; 10.202 ; 10.202 ; 10.202 ; 10.202 ;
; pin_name4  ; pin_name14  ; 10.210 ;        ;        ; 10.210 ;
; pin_name4  ; pin_name15  ; 10.378 ;        ;        ; 10.378 ;
; pin_name4  ; pin_name16  ; 10.243 ; 10.243 ; 10.243 ; 10.243 ;
; pin_name4  ; pin_name24  ; 13.645 ; 13.645 ; 13.645 ; 13.645 ;
; pin_name4  ; pin_name26  ; 13.598 ; 13.598 ; 13.598 ; 13.598 ;
; pin_name4  ; pin_name27  ; 13.661 ; 13.661 ; 13.661 ; 13.661 ;
; pin_name4  ; pin_name28  ; 13.637 ; 13.637 ; 13.637 ; 13.637 ;
; pin_name4  ; pin_name29  ; 13.642 ; 13.642 ; 13.642 ; 13.642 ;
; pin_name4  ; pin_name30  ; 13.641 ; 13.641 ; 13.641 ; 13.641 ;
; pin_name4  ; pin_name31  ; 14.222 ; 14.222 ; 14.222 ; 14.222 ;
; pin_name4  ; pin_name32  ; 14.345 ; 14.345 ; 14.345 ; 14.345 ;
; pin_name4  ; pin_name33  ; 14.351 ; 14.351 ; 14.351 ; 14.351 ;
; pin_name4  ; pin_name34  ; 14.045 ; 14.045 ; 14.045 ; 14.045 ;
; pin_name4  ; pin_name35  ; 14.062 ; 14.062 ; 14.062 ; 14.062 ;
; pin_name4  ; pin_name36  ; 14.061 ; 14.061 ; 14.061 ; 14.061 ;
; pin_name4  ; pin_name37  ; 14.340 ; 14.340 ; 14.340 ; 14.340 ;
; pin_name5  ; pin_name17  ; 9.549  ; 9.549  ; 9.549  ; 9.549  ;
; pin_name5  ; pin_name18  ; 9.548  ; 9.548  ; 9.548  ; 9.548  ;
; pin_name5  ; pin_name19  ; 9.517  ; 9.517  ; 9.517  ; 9.517  ;
; pin_name5  ; pin_name20  ; 10.101 ; 10.101 ; 10.101 ; 10.101 ;
; pin_name5  ; pin_name21  ;        ; 10.076 ; 10.076 ;        ;
; pin_name5  ; pin_name22  ; 10.060 ; 10.060 ; 10.060 ; 10.060 ;
; pin_name5  ; pin_name23  ; 10.088 ; 10.088 ; 10.088 ; 10.088 ;
; pin_name5  ; pin_name24  ; 11.066 ; 11.066 ; 11.066 ; 11.066 ;
; pin_name5  ; pin_name26  ; 11.019 ; 11.019 ; 11.019 ; 11.019 ;
; pin_name5  ; pin_name27  ; 11.082 ; 11.082 ; 11.082 ; 11.082 ;
; pin_name5  ; pin_name28  ; 11.058 ; 11.058 ; 11.058 ; 11.058 ;
; pin_name5  ; pin_name29  ; 11.063 ; 11.063 ; 11.063 ; 11.063 ;
; pin_name5  ; pin_name30  ; 11.062 ; 11.062 ; 11.062 ; 11.062 ;
; pin_name5  ; pin_name31  ; 11.643 ; 11.643 ; 11.643 ; 11.643 ;
; pin_name5  ; pin_name32  ; 11.766 ; 11.766 ; 11.766 ; 11.766 ;
; pin_name5  ; pin_name33  ; 11.772 ; 11.772 ; 11.772 ; 11.772 ;
; pin_name5  ; pin_name34  ; 11.466 ; 11.466 ; 11.466 ; 11.466 ;
; pin_name5  ; pin_name35  ; 11.483 ; 11.483 ; 11.483 ; 11.483 ;
; pin_name5  ; pin_name36  ; 11.482 ; 11.482 ; 11.482 ; 11.482 ;
; pin_name5  ; pin_name37  ; 11.761 ; 11.761 ; 11.761 ; 11.761 ;
; pin_name6  ; pin_name17  ; 4.972  ; 4.972  ; 4.972  ; 4.972  ;
; pin_name6  ; pin_name18  ; 4.971  ;        ;        ; 4.971  ;
; pin_name6  ; pin_name19  ; 4.971  ; 4.971  ; 4.971  ; 4.971  ;
; pin_name6  ; pin_name20  ; 5.523  ; 5.523  ; 5.523  ; 5.523  ;
; pin_name6  ; pin_name21  ; 5.520  ; 5.520  ; 5.520  ; 5.520  ;
; pin_name6  ; pin_name22  ; 5.519  ; 5.519  ; 5.519  ; 5.519  ;
; pin_name6  ; pin_name23  ; 5.528  ; 5.528  ; 5.528  ; 5.528  ;
; pin_name6  ; pin_name24  ; 7.213  ; 7.213  ; 7.213  ; 7.213  ;
; pin_name6  ; pin_name26  ; 7.166  ; 7.166  ; 7.166  ; 7.166  ;
; pin_name6  ; pin_name27  ; 7.229  ; 7.229  ; 7.229  ; 7.229  ;
; pin_name6  ; pin_name28  ; 7.205  ; 7.205  ; 7.205  ; 7.205  ;
; pin_name6  ; pin_name29  ; 7.210  ; 7.210  ; 7.210  ; 7.210  ;
; pin_name6  ; pin_name30  ; 7.209  ; 7.209  ; 7.209  ; 7.209  ;
; pin_name6  ; pin_name31  ; 7.790  ; 7.790  ; 7.790  ; 7.790  ;
; pin_name6  ; pin_name32  ; 7.913  ; 7.913  ; 7.913  ; 7.913  ;
; pin_name6  ; pin_name33  ; 7.919  ; 7.919  ; 7.919  ; 7.919  ;
; pin_name6  ; pin_name34  ; 7.613  ; 7.613  ; 7.613  ; 7.613  ;
; pin_name6  ; pin_name35  ; 7.630  ; 7.630  ; 7.630  ; 7.630  ;
; pin_name6  ; pin_name36  ; 7.629  ; 7.629  ; 7.629  ; 7.629  ;
; pin_name6  ; pin_name37  ; 7.908  ; 7.908  ; 7.908  ; 7.908  ;
; pin_name7  ; pin_name17  ; 5.040  ; 5.040  ; 5.040  ; 5.040  ;
; pin_name7  ; pin_name18  ; 5.040  ; 5.040  ; 5.040  ; 5.040  ;
; pin_name7  ; pin_name19  ; 5.035  ;        ;        ; 5.035  ;
; pin_name7  ; pin_name20  ; 5.592  ; 5.592  ; 5.592  ; 5.592  ;
; pin_name7  ; pin_name21  ;        ; 5.578  ; 5.578  ;        ;
; pin_name7  ; pin_name22  ; 5.584  ; 5.584  ; 5.584  ; 5.584  ;
; pin_name7  ; pin_name23  ; 5.584  ; 5.584  ; 5.584  ; 5.584  ;
; pin_name7  ; pin_name24  ; 8.266  ; 8.266  ; 8.266  ; 8.266  ;
; pin_name7  ; pin_name26  ; 8.219  ; 8.219  ; 8.219  ; 8.219  ;
; pin_name7  ; pin_name27  ; 8.282  ; 8.282  ; 8.282  ; 8.282  ;
; pin_name7  ; pin_name28  ; 8.258  ; 8.258  ; 8.258  ; 8.258  ;
; pin_name7  ; pin_name29  ; 8.263  ; 8.263  ; 8.263  ; 8.263  ;
; pin_name7  ; pin_name30  ; 8.262  ; 8.262  ; 8.262  ; 8.262  ;
; pin_name7  ; pin_name31  ; 8.843  ; 8.843  ; 8.843  ; 8.843  ;
; pin_name7  ; pin_name32  ; 8.966  ; 8.966  ; 8.966  ; 8.966  ;
; pin_name7  ; pin_name33  ; 8.972  ; 8.972  ; 8.972  ; 8.972  ;
; pin_name7  ; pin_name34  ; 8.666  ; 8.666  ; 8.666  ; 8.666  ;
; pin_name7  ; pin_name35  ; 8.683  ; 8.683  ; 8.683  ; 8.683  ;
; pin_name7  ; pin_name36  ; 8.682  ; 8.682  ; 8.682  ; 8.682  ;
; pin_name7  ; pin_name37  ; 8.961  ; 8.961  ; 8.961  ; 8.961  ;
; pin_name8  ; pin_name17  ; 5.216  ; 5.216  ; 5.216  ; 5.216  ;
; pin_name8  ; pin_name18  ; 5.216  ; 5.216  ; 5.216  ; 5.216  ;
; pin_name8  ; pin_name19  ;        ; 5.184  ; 5.184  ;        ;
; pin_name8  ; pin_name20  ; 5.764  ; 5.764  ; 5.764  ; 5.764  ;
; pin_name8  ; pin_name21  ; 5.761  ;        ;        ; 5.761  ;
; pin_name8  ; pin_name22  ; 5.755  ;        ;        ; 5.755  ;
; pin_name8  ; pin_name23  ; 5.766  ; 5.766  ; 5.766  ; 5.766  ;
; pin_name8  ; pin_name24  ; 8.905  ; 8.905  ; 8.905  ; 8.905  ;
; pin_name8  ; pin_name26  ; 8.858  ; 8.858  ; 8.858  ; 8.858  ;
; pin_name8  ; pin_name27  ; 8.921  ; 8.921  ; 8.921  ; 8.921  ;
; pin_name8  ; pin_name28  ; 8.897  ; 8.897  ; 8.897  ; 8.897  ;
; pin_name8  ; pin_name29  ; 8.902  ; 8.902  ; 8.902  ; 8.902  ;
; pin_name8  ; pin_name30  ; 8.901  ; 8.901  ; 8.901  ; 8.901  ;
; pin_name8  ; pin_name31  ; 9.482  ; 9.482  ; 9.482  ; 9.482  ;
; pin_name8  ; pin_name32  ; 9.605  ; 9.605  ; 9.605  ; 9.605  ;
; pin_name8  ; pin_name33  ; 9.611  ; 9.611  ; 9.611  ; 9.611  ;
; pin_name8  ; pin_name34  ; 9.305  ; 9.305  ; 9.305  ; 9.305  ;
; pin_name8  ; pin_name35  ; 9.322  ; 9.322  ; 9.322  ; 9.322  ;
; pin_name8  ; pin_name36  ; 9.321  ; 9.321  ; 9.321  ; 9.321  ;
; pin_name8  ; pin_name37  ; 9.600  ; 9.600  ; 9.600  ; 9.600  ;
; pin_name9  ; pin_name24  ; 10.722 ; 10.722 ; 10.722 ; 10.722 ;
; pin_name9  ; pin_name26  ; 10.675 ; 10.675 ; 10.675 ; 10.675 ;
; pin_name9  ; pin_name27  ; 10.738 ; 10.738 ; 10.738 ; 10.738 ;
; pin_name9  ; pin_name28  ; 10.714 ; 10.714 ; 10.714 ; 10.714 ;
; pin_name9  ; pin_name29  ; 10.719 ; 10.719 ; 10.719 ; 10.719 ;
; pin_name9  ; pin_name30  ; 10.718 ; 10.718 ; 10.718 ; 10.718 ;
; pin_name9  ; pin_name31  ; 11.299 ; 11.299 ; 11.299 ; 11.299 ;
; pin_name9  ; pin_name32  ; 11.422 ; 11.422 ; 11.422 ; 11.422 ;
; pin_name9  ; pin_name33  ; 11.428 ; 11.428 ; 11.428 ; 11.428 ;
; pin_name9  ; pin_name34  ; 11.122 ; 11.122 ; 11.122 ; 11.122 ;
; pin_name9  ; pin_name35  ; 11.139 ; 11.139 ; 11.139 ; 11.139 ;
; pin_name9  ; pin_name36  ; 11.138 ; 11.138 ; 11.138 ; 11.138 ;
; pin_name9  ; pin_name37  ; 11.417 ; 11.417 ; 11.417 ; 11.417 ;
+------------+-------------+--------+--------+--------+--------+


+--------------------------------------------------------------+
; Minimum Propagation Delay                                    ;
+------------+-------------+--------+--------+--------+--------+
; Input Port ; Output Port ; RR     ; RF     ; FR     ; FF     ;
+------------+-------------+--------+--------+--------+--------+
; pin_name1  ; pin_name10  ; 9.914  ; 9.914  ; 9.914  ; 9.914  ;
; pin_name1  ; pin_name11  ; 9.933  ; 9.933  ; 9.933  ; 9.933  ;
; pin_name1  ; pin_name12  ; 9.887  ; 9.887  ; 9.887  ; 9.887  ;
; pin_name1  ; pin_name13  ; 9.893  ; 9.893  ; 9.893  ; 9.893  ;
; pin_name1  ; pin_name14  ;        ; 9.901  ; 9.901  ;        ;
; pin_name1  ; pin_name15  ; 10.072 ; 10.072 ; 10.072 ; 10.072 ;
; pin_name1  ; pin_name16  ; 9.935  ; 9.935  ; 9.935  ; 9.935  ;
; pin_name1  ; pin_name24  ; 10.689 ; 10.689 ; 10.689 ; 10.689 ;
; pin_name1  ; pin_name26  ; 10.641 ; 10.769 ; 10.769 ; 10.641 ;
; pin_name1  ; pin_name27  ; 10.705 ; 10.705 ; 10.705 ; 10.705 ;
; pin_name1  ; pin_name28  ; 10.678 ; 10.678 ; 10.678 ; 10.678 ;
; pin_name1  ; pin_name29  ; 10.641 ; 10.813 ; 10.813 ; 10.641 ;
; pin_name1  ; pin_name30  ; 10.812 ; 10.681 ; 10.681 ; 10.812 ;
; pin_name1  ; pin_name31  ; 10.976 ; 10.976 ; 10.976 ; 10.976 ;
; pin_name1  ; pin_name32  ; 11.100 ; 11.100 ; 11.100 ; 11.100 ;
; pin_name1  ; pin_name33  ; 11.109 ; 11.109 ; 11.109 ; 11.109 ;
; pin_name1  ; pin_name34  ; 10.807 ; 10.807 ; 10.807 ; 10.807 ;
; pin_name1  ; pin_name35  ; 10.816 ; 10.816 ; 10.816 ; 10.816 ;
; pin_name1  ; pin_name36  ; 10.815 ; 10.815 ; 10.815 ; 10.815 ;
; pin_name1  ; pin_name37  ; 11.106 ; 11.106 ; 11.106 ; 11.106 ;
; pin_name2  ; pin_name10  ; 10.175 ; 10.175 ; 10.175 ; 10.175 ;
; pin_name2  ; pin_name11  ; 10.210 ;        ;        ; 10.210 ;
; pin_name2  ; pin_name12  ; 10.132 ; 10.132 ; 10.132 ; 10.132 ;
; pin_name2  ; pin_name13  ; 10.170 ; 10.170 ; 10.170 ; 10.170 ;
; pin_name2  ; pin_name14  ; 10.179 ; 10.179 ; 10.179 ; 10.179 ;
; pin_name2  ; pin_name15  ; 10.336 ; 10.336 ; 10.336 ; 10.336 ;
; pin_name2  ; pin_name16  ; 10.214 ; 10.214 ; 10.214 ; 10.214 ;
; pin_name2  ; pin_name24  ; 10.986 ; 10.986 ; 10.986 ; 10.986 ;
; pin_name2  ; pin_name26  ; 10.940 ; 10.940 ; 10.940 ; 10.940 ;
; pin_name2  ; pin_name27  ; 11.002 ; 11.002 ; 11.002 ; 11.002 ;
; pin_name2  ; pin_name28  ; 10.977 ; 10.977 ; 10.977 ; 10.977 ;
; pin_name2  ; pin_name29  ; 10.984 ; 10.984 ; 10.984 ; 10.984 ;
; pin_name2  ; pin_name30  ; 10.678 ; 10.678 ; 10.678 ; 10.678 ;
; pin_name2  ; pin_name31  ; 11.285 ; 11.285 ; 11.285 ; 11.285 ;
; pin_name2  ; pin_name32  ; 11.409 ; 11.409 ; 11.409 ; 11.409 ;
; pin_name2  ; pin_name33  ; 11.418 ; 11.418 ; 11.418 ; 11.418 ;
; pin_name2  ; pin_name34  ; 11.116 ; 11.116 ; 11.116 ; 11.116 ;
; pin_name2  ; pin_name35  ; 11.125 ; 11.125 ; 11.125 ; 11.125 ;
; pin_name2  ; pin_name36  ; 11.124 ; 11.124 ; 11.124 ; 11.124 ;
; pin_name2  ; pin_name37  ; 11.415 ; 11.415 ; 11.415 ; 11.415 ;
; pin_name3  ; pin_name10  ; 10.023 ; 10.023 ; 10.023 ; 10.023 ;
; pin_name3  ; pin_name11  ; 10.042 ; 10.042 ; 10.042 ; 10.042 ;
; pin_name3  ; pin_name12  ; 9.996  ;        ;        ; 9.996  ;
; pin_name3  ; pin_name13  ; 10.004 ; 10.004 ; 10.004 ; 10.004 ;
; pin_name3  ; pin_name14  ;        ; 10.012 ; 10.012 ;        ;
; pin_name3  ; pin_name15  ; 10.181 ; 10.181 ; 10.181 ; 10.181 ;
; pin_name3  ; pin_name16  ; 10.043 ; 10.043 ; 10.043 ; 10.043 ;
; pin_name3  ; pin_name24  ; 10.662 ; 10.662 ; 10.662 ; 10.662 ;
; pin_name3  ; pin_name26  ; 10.614 ; 10.614 ; 10.614 ; 10.614 ;
; pin_name3  ; pin_name27  ; 10.678 ; 10.678 ; 10.678 ; 10.678 ;
; pin_name3  ; pin_name28  ; 10.651 ; 10.651 ; 10.651 ; 10.651 ;
; pin_name3  ; pin_name29  ; 10.647 ; 10.647 ; 10.647 ; 10.647 ;
; pin_name3  ; pin_name30  ; 11.037 ; 11.037 ; 11.037 ; 11.037 ;
; pin_name3  ; pin_name31  ; 10.950 ; 10.950 ; 10.950 ; 10.950 ;
; pin_name3  ; pin_name32  ; 11.074 ; 11.074 ; 11.074 ; 11.074 ;
; pin_name3  ; pin_name33  ; 11.083 ; 11.083 ; 11.083 ; 11.083 ;
; pin_name3  ; pin_name34  ; 10.781 ; 10.781 ; 10.781 ; 10.781 ;
; pin_name3  ; pin_name35  ; 10.790 ; 10.790 ; 10.790 ; 10.790 ;
; pin_name3  ; pin_name36  ; 10.789 ; 10.789 ; 10.789 ; 10.789 ;
; pin_name3  ; pin_name37  ; 11.080 ; 11.080 ; 11.080 ; 11.080 ;
; pin_name4  ; pin_name10  ; 10.220 ; 10.220 ; 10.220 ; 10.220 ;
; pin_name4  ; pin_name11  ; 10.237 ; 10.237 ; 10.237 ; 10.237 ;
; pin_name4  ; pin_name12  ;        ; 10.164 ; 10.164 ;        ;
; pin_name4  ; pin_name13  ; 10.202 ; 10.202 ; 10.202 ; 10.202 ;
; pin_name4  ; pin_name14  ; 10.210 ;        ;        ; 10.210 ;
; pin_name4  ; pin_name15  ; 10.378 ;        ;        ; 10.378 ;
; pin_name4  ; pin_name16  ; 10.243 ; 10.243 ; 10.243 ; 10.243 ;
; pin_name4  ; pin_name24  ; 11.261 ; 11.261 ; 11.261 ; 11.261 ;
; pin_name4  ; pin_name26  ; 11.213 ; 11.213 ; 11.213 ; 11.213 ;
; pin_name4  ; pin_name27  ; 11.277 ; 11.277 ; 11.277 ; 11.277 ;
; pin_name4  ; pin_name28  ; 11.250 ; 11.250 ; 11.250 ; 11.250 ;
; pin_name4  ; pin_name29  ; 11.246 ; 11.246 ; 11.246 ; 11.246 ;
; pin_name4  ; pin_name30  ; 11.649 ; 11.649 ; 11.649 ; 11.649 ;
; pin_name4  ; pin_name31  ; 11.007 ; 11.007 ; 11.007 ; 11.007 ;
; pin_name4  ; pin_name32  ; 11.129 ; 11.129 ; 11.129 ; 11.129 ;
; pin_name4  ; pin_name33  ; 11.110 ; 11.110 ; 11.110 ; 11.110 ;
; pin_name4  ; pin_name34  ; 10.841 ; 10.841 ; 10.841 ; 10.841 ;
; pin_name4  ; pin_name35  ; 10.848 ; 10.848 ; 10.848 ; 10.848 ;
; pin_name4  ; pin_name36  ; 10.848 ; 10.848 ; 10.848 ; 10.848 ;
; pin_name4  ; pin_name37  ; 11.140 ; 11.140 ; 11.140 ; 11.140 ;
; pin_name5  ; pin_name17  ; 9.549  ; 9.549  ; 9.549  ; 9.549  ;
; pin_name5  ; pin_name18  ; 9.548  ; 9.548  ; 9.548  ; 9.548  ;
; pin_name5  ; pin_name19  ; 9.517  ; 9.517  ; 9.517  ; 9.517  ;
; pin_name5  ; pin_name20  ; 10.101 ; 10.101 ; 10.101 ; 10.101 ;
; pin_name5  ; pin_name21  ;        ; 10.076 ; 10.076 ;        ;
; pin_name5  ; pin_name22  ; 10.060 ; 10.060 ; 10.060 ; 10.060 ;
; pin_name5  ; pin_name23  ; 10.088 ; 10.088 ; 10.088 ; 10.088 ;
; pin_name5  ; pin_name24  ; 10.950 ; 10.950 ; 10.950 ; 10.950 ;
; pin_name5  ; pin_name26  ; 10.902 ; 11.019 ; 11.019 ; 10.902 ;
; pin_name5  ; pin_name27  ; 10.966 ; 10.966 ; 10.966 ; 10.966 ;
; pin_name5  ; pin_name28  ; 10.939 ; 10.939 ; 10.939 ; 10.939 ;
; pin_name5  ; pin_name29  ; 10.902 ; 11.063 ; 11.063 ; 10.902 ;
; pin_name5  ; pin_name30  ; 11.062 ; 10.942 ; 10.942 ; 11.062 ;
; pin_name5  ; pin_name31  ; 11.237 ; 11.237 ; 11.237 ; 11.237 ;
; pin_name5  ; pin_name32  ; 11.361 ; 11.361 ; 11.361 ; 11.361 ;
; pin_name5  ; pin_name33  ; 11.370 ; 11.370 ; 11.370 ; 11.370 ;
; pin_name5  ; pin_name34  ; 11.068 ; 11.068 ; 11.068 ; 11.068 ;
; pin_name5  ; pin_name35  ; 11.077 ; 11.077 ; 11.077 ; 11.077 ;
; pin_name5  ; pin_name36  ; 11.076 ; 11.076 ; 11.076 ; 11.076 ;
; pin_name5  ; pin_name37  ; 11.367 ; 11.367 ; 11.367 ; 11.367 ;
; pin_name6  ; pin_name17  ; 4.972  ; 4.972  ; 4.972  ; 4.972  ;
; pin_name6  ; pin_name18  ; 4.971  ;        ;        ; 4.971  ;
; pin_name6  ; pin_name19  ; 4.971  ; 4.971  ; 4.971  ; 4.971  ;
; pin_name6  ; pin_name20  ; 5.523  ; 5.523  ; 5.523  ; 5.523  ;
; pin_name6  ; pin_name21  ; 5.520  ; 5.520  ; 5.520  ; 5.520  ;
; pin_name6  ; pin_name22  ; 5.519  ; 5.519  ; 5.519  ; 5.519  ;
; pin_name6  ; pin_name23  ; 5.528  ; 5.528  ; 5.528  ; 5.528  ;
; pin_name6  ; pin_name24  ; 6.470  ; 6.470  ; 6.470  ; 6.470  ;
; pin_name6  ; pin_name26  ; 6.424  ; 6.424  ; 6.424  ; 6.424  ;
; pin_name6  ; pin_name27  ; 6.486  ; 6.486  ; 6.486  ; 6.486  ;
; pin_name6  ; pin_name28  ; 6.461  ; 6.461  ; 6.461  ; 6.461  ;
; pin_name6  ; pin_name29  ; 6.468  ; 6.468  ; 6.468  ; 6.468  ;
; pin_name6  ; pin_name30  ; 6.162  ; 6.162  ; 6.162  ; 6.162  ;
; pin_name6  ; pin_name31  ; 6.769  ; 6.769  ; 6.769  ; 6.769  ;
; pin_name6  ; pin_name32  ; 6.893  ; 6.893  ; 6.893  ; 6.893  ;
; pin_name6  ; pin_name33  ; 6.902  ; 6.902  ; 6.902  ; 6.902  ;
; pin_name6  ; pin_name34  ; 6.600  ; 6.600  ; 6.600  ; 6.600  ;
; pin_name6  ; pin_name35  ; 6.609  ; 6.609  ; 6.609  ; 6.609  ;
; pin_name6  ; pin_name36  ; 6.608  ; 6.608  ; 6.608  ; 6.608  ;
; pin_name6  ; pin_name37  ; 6.899  ; 6.899  ; 6.899  ; 6.899  ;
; pin_name7  ; pin_name17  ; 5.040  ; 5.040  ; 5.040  ; 5.040  ;
; pin_name7  ; pin_name18  ; 5.040  ; 5.040  ; 5.040  ; 5.040  ;
; pin_name7  ; pin_name19  ; 5.035  ;        ;        ; 5.035  ;
; pin_name7  ; pin_name20  ; 5.592  ; 5.592  ; 5.592  ; 5.592  ;
; pin_name7  ; pin_name21  ;        ; 5.578  ; 5.578  ;        ;
; pin_name7  ; pin_name22  ; 5.584  ; 5.584  ; 5.584  ; 5.584  ;
; pin_name7  ; pin_name23  ; 5.584  ; 5.584  ; 5.584  ; 5.584  ;
; pin_name7  ; pin_name24  ; 6.170  ; 6.170  ; 6.170  ; 6.170  ;
; pin_name7  ; pin_name26  ; 6.122  ; 6.122  ; 6.122  ; 6.122  ;
; pin_name7  ; pin_name27  ; 6.186  ; 6.186  ; 6.186  ; 6.186  ;
; pin_name7  ; pin_name28  ; 6.159  ; 6.159  ; 6.159  ; 6.159  ;
; pin_name7  ; pin_name29  ; 6.155  ; 6.155  ; 6.155  ; 6.155  ;
; pin_name7  ; pin_name30  ; 6.561  ; 6.561  ; 6.561  ; 6.561  ;
; pin_name7  ; pin_name31  ; 6.458  ; 6.458  ; 6.458  ; 6.458  ;
; pin_name7  ; pin_name32  ; 6.582  ; 6.582  ; 6.582  ; 6.582  ;
; pin_name7  ; pin_name33  ; 6.591  ; 6.591  ; 6.591  ; 6.591  ;
; pin_name7  ; pin_name34  ; 6.289  ; 6.289  ; 6.289  ; 6.289  ;
; pin_name7  ; pin_name35  ; 6.298  ; 6.298  ; 6.298  ; 6.298  ;
; pin_name7  ; pin_name36  ; 6.297  ; 6.297  ; 6.297  ; 6.297  ;
; pin_name7  ; pin_name37  ; 6.588  ; 6.588  ; 6.588  ; 6.588  ;
; pin_name8  ; pin_name17  ; 5.216  ; 5.216  ; 5.216  ; 5.216  ;
; pin_name8  ; pin_name18  ; 5.216  ; 5.216  ; 5.216  ; 5.216  ;
; pin_name8  ; pin_name19  ;        ; 5.184  ; 5.184  ;        ;
; pin_name8  ; pin_name20  ; 5.764  ; 5.764  ; 5.764  ; 5.764  ;
; pin_name8  ; pin_name21  ; 5.761  ;        ;        ; 5.761  ;
; pin_name8  ; pin_name22  ; 5.755  ;        ;        ; 5.755  ;
; pin_name8  ; pin_name23  ; 5.766  ; 5.766  ; 5.766  ; 5.766  ;
; pin_name8  ; pin_name24  ; 6.498  ; 6.498  ; 6.498  ; 6.498  ;
; pin_name8  ; pin_name26  ; 6.450  ; 6.450  ; 6.450  ; 6.450  ;
; pin_name8  ; pin_name27  ; 6.514  ; 6.514  ; 6.514  ; 6.514  ;
; pin_name8  ; pin_name28  ; 6.487  ; 6.487  ; 6.487  ; 6.487  ;
; pin_name8  ; pin_name29  ; 6.483  ; 6.483  ; 6.483  ; 6.483  ;
; pin_name8  ; pin_name30  ; 6.886  ; 6.886  ; 6.886  ; 6.886  ;
; pin_name8  ; pin_name31  ; 6.246  ; 6.246  ; 6.246  ; 6.246  ;
; pin_name8  ; pin_name32  ; 6.368  ; 6.368  ; 6.368  ; 6.368  ;
; pin_name8  ; pin_name33  ; 6.349  ; 6.349  ; 6.349  ; 6.349  ;
; pin_name8  ; pin_name34  ; 6.080  ; 6.080  ; 6.080  ; 6.080  ;
; pin_name8  ; pin_name35  ; 6.087  ; 6.087  ; 6.087  ; 6.087  ;
; pin_name8  ; pin_name36  ; 6.087  ; 6.087  ; 6.087  ; 6.087  ;
; pin_name8  ; pin_name37  ; 6.379  ; 6.379  ; 6.379  ; 6.379  ;
; pin_name9  ; pin_name24  ; 8.627  ; 8.627  ; 8.627  ; 8.627  ;
; pin_name9  ; pin_name26  ; 8.579  ; 8.579  ; 8.579  ; 8.579  ;
; pin_name9  ; pin_name27  ; 8.643  ; 8.643  ; 8.643  ; 8.643  ;
; pin_name9  ; pin_name28  ; 8.616  ; 8.616  ; 8.616  ; 8.616  ;
; pin_name9  ; pin_name29  ; 8.612  ; 8.612  ; 8.612  ; 8.612  ;
; pin_name9  ; pin_name30  ; 9.016  ; 9.016  ; 9.016  ; 9.016  ;
; pin_name9  ; pin_name31  ; 8.060  ; 8.060  ; 8.060  ; 8.060  ;
; pin_name9  ; pin_name32  ; 8.182  ; 8.182  ; 8.182  ; 8.182  ;
; pin_name9  ; pin_name33  ; 8.163  ; 8.163  ; 8.163  ; 8.163  ;
; pin_name9  ; pin_name34  ; 7.894  ; 7.894  ; 7.894  ; 7.894  ;
; pin_name9  ; pin_name35  ; 7.901  ; 7.901  ; 7.901  ; 7.901  ;
; pin_name9  ; pin_name36  ; 7.901  ; 7.901  ; 7.901  ; 7.901  ;
; pin_name9  ; pin_name37  ; 8.193  ; 8.193  ; 8.193  ; 8.193  ;
+------------+-------------+--------+--------+--------+--------+


----------------------------
; Fast Model Setup Summary ;
----------------------------
No paths to report.


---------------------------
; Fast Model Hold Summary ;
---------------------------
No paths to report.


-------------------------------
; Fast Model Recovery Summary ;
-------------------------------
No paths to report.


------------------------------
; Fast Model Removal Summary ;
------------------------------
No paths to report.


------------------------------------------
; Fast Model Minimum Pulse Width Summary ;
------------------------------------------
No paths to report.


+----------------------------------------------------------+
; Propagation Delay                                        ;
+------------+-------------+-------+-------+-------+-------+
; Input Port ; Output Port ; RR    ; RF    ; FR    ; FF    ;
+------------+-------------+-------+-------+-------+-------+
; pin_name1  ; pin_name10  ; 5.554 ; 5.554 ; 5.554 ; 5.554 ;
; pin_name1  ; pin_name11  ; 5.560 ; 5.560 ; 5.560 ; 5.560 ;
; pin_name1  ; pin_name12  ; 5.524 ; 5.524 ; 5.524 ; 5.524 ;
; pin_name1  ; pin_name13  ; 5.531 ; 5.531 ; 5.531 ; 5.531 ;
; pin_name1  ; pin_name14  ;       ; 5.534 ; 5.534 ;       ;
; pin_name1  ; pin_name15  ; 5.642 ; 5.642 ; 5.642 ; 5.642 ;
; pin_name1  ; pin_name16  ; 5.570 ; 5.570 ; 5.570 ; 5.570 ;
; pin_name1  ; pin_name24  ; 5.874 ; 5.874 ; 5.874 ; 5.874 ;
; pin_name1  ; pin_name26  ; 5.843 ; 5.843 ; 5.843 ; 5.843 ;
; pin_name1  ; pin_name27  ; 5.887 ; 5.887 ; 5.887 ; 5.887 ;
; pin_name1  ; pin_name28  ; 5.867 ; 5.867 ; 5.867 ; 5.867 ;
; pin_name1  ; pin_name29  ; 5.869 ; 5.869 ; 5.869 ; 5.869 ;
; pin_name1  ; pin_name30  ; 5.877 ; 5.877 ; 5.877 ; 5.877 ;
; pin_name1  ; pin_name31  ; 6.118 ; 6.118 ; 6.118 ; 6.118 ;
; pin_name1  ; pin_name32  ; 6.178 ; 6.178 ; 6.178 ; 6.178 ;
; pin_name1  ; pin_name33  ; 6.182 ; 6.182 ; 6.182 ; 6.182 ;
; pin_name1  ; pin_name34  ; 6.032 ; 6.032 ; 6.032 ; 6.032 ;
; pin_name1  ; pin_name35  ; 6.051 ; 6.051 ; 6.051 ; 6.051 ;
; pin_name1  ; pin_name36  ; 6.053 ; 6.053 ; 6.053 ; 6.053 ;
; pin_name1  ; pin_name37  ; 6.168 ; 6.168 ; 6.168 ; 6.168 ;
; pin_name2  ; pin_name10  ; 5.670 ; 5.670 ; 5.670 ; 5.670 ;
; pin_name2  ; pin_name11  ; 5.687 ;       ;       ; 5.687 ;
; pin_name2  ; pin_name12  ; 5.648 ; 5.648 ; 5.648 ; 5.648 ;
; pin_name2  ; pin_name13  ; 5.655 ; 5.655 ; 5.655 ; 5.655 ;
; pin_name2  ; pin_name14  ; 5.661 ; 5.661 ; 5.661 ; 5.661 ;
; pin_name2  ; pin_name15  ; 5.760 ; 5.760 ; 5.760 ; 5.760 ;
; pin_name2  ; pin_name16  ; 5.694 ; 5.694 ; 5.694 ; 5.694 ;
; pin_name2  ; pin_name24  ; 6.253 ; 6.253 ; 6.253 ; 6.253 ;
; pin_name2  ; pin_name26  ; 6.222 ; 6.222 ; 6.222 ; 6.222 ;
; pin_name2  ; pin_name27  ; 6.266 ; 6.266 ; 6.266 ; 6.266 ;
; pin_name2  ; pin_name28  ; 6.246 ; 6.246 ; 6.246 ; 6.246 ;
; pin_name2  ; pin_name29  ; 6.248 ; 6.248 ; 6.248 ; 6.248 ;
; pin_name2  ; pin_name30  ; 6.256 ; 6.256 ; 6.256 ; 6.256 ;
; pin_name2  ; pin_name31  ; 6.497 ; 6.497 ; 6.497 ; 6.497 ;
; pin_name2  ; pin_name32  ; 6.557 ; 6.557 ; 6.557 ; 6.557 ;
; pin_name2  ; pin_name33  ; 6.561 ; 6.561 ; 6.561 ; 6.561 ;
; pin_name2  ; pin_name34  ; 6.411 ; 6.411 ; 6.411 ; 6.411 ;
; pin_name2  ; pin_name35  ; 6.430 ; 6.430 ; 6.430 ; 6.430 ;
; pin_name2  ; pin_name36  ; 6.432 ; 6.432 ; 6.432 ; 6.432 ;
; pin_name2  ; pin_name37  ; 6.547 ; 6.547 ; 6.547 ; 6.547 ;
; pin_name3  ; pin_name10  ; 5.590 ; 5.590 ; 5.590 ; 5.590 ;
; pin_name3  ; pin_name11  ; 5.595 ; 5.595 ; 5.595 ; 5.595 ;
; pin_name3  ; pin_name12  ; 5.560 ;       ;       ; 5.560 ;
; pin_name3  ; pin_name13  ; 5.571 ; 5.571 ; 5.571 ; 5.571 ;
; pin_name3  ; pin_name14  ;       ; 5.571 ; 5.571 ;       ;
; pin_name3  ; pin_name15  ; 5.678 ; 5.678 ; 5.678 ; 5.678 ;
; pin_name3  ; pin_name16  ; 5.607 ; 5.607 ; 5.607 ; 5.607 ;
; pin_name3  ; pin_name24  ; 6.741 ; 6.741 ; 6.741 ; 6.741 ;
; pin_name3  ; pin_name26  ; 6.710 ; 6.710 ; 6.710 ; 6.710 ;
; pin_name3  ; pin_name27  ; 6.754 ; 6.754 ; 6.754 ; 6.754 ;
; pin_name3  ; pin_name28  ; 6.734 ; 6.734 ; 6.734 ; 6.734 ;
; pin_name3  ; pin_name29  ; 6.736 ; 6.736 ; 6.736 ; 6.736 ;
; pin_name3  ; pin_name30  ; 6.744 ; 6.744 ; 6.744 ; 6.744 ;
; pin_name3  ; pin_name31  ; 6.985 ; 6.985 ; 6.985 ; 6.985 ;
; pin_name3  ; pin_name32  ; 7.045 ; 7.045 ; 7.045 ; 7.045 ;
; pin_name3  ; pin_name33  ; 7.049 ; 7.049 ; 7.049 ; 7.049 ;
; pin_name3  ; pin_name34  ; 6.899 ; 6.899 ; 6.899 ; 6.899 ;
; pin_name3  ; pin_name35  ; 6.918 ; 6.918 ; 6.918 ; 6.918 ;
; pin_name3  ; pin_name36  ; 6.920 ; 6.920 ; 6.920 ; 6.920 ;
; pin_name3  ; pin_name37  ; 7.035 ; 7.035 ; 7.035 ; 7.035 ;
; pin_name4  ; pin_name10  ; 5.683 ; 5.683 ; 5.683 ; 5.683 ;
; pin_name4  ; pin_name11  ; 5.682 ; 5.682 ; 5.682 ; 5.682 ;
; pin_name4  ; pin_name12  ;       ; 5.646 ; 5.646 ;       ;
; pin_name4  ; pin_name13  ; 5.654 ; 5.654 ; 5.654 ; 5.654 ;
; pin_name4  ; pin_name14  ; 5.664 ;       ;       ; 5.664 ;
; pin_name4  ; pin_name15  ; 5.771 ;       ;       ; 5.771 ;
; pin_name4  ; pin_name16  ; 5.693 ; 5.693 ; 5.693 ; 5.693 ;
; pin_name4  ; pin_name24  ; 7.129 ; 7.129 ; 7.129 ; 7.129 ;
; pin_name4  ; pin_name26  ; 7.098 ; 7.098 ; 7.098 ; 7.098 ;
; pin_name4  ; pin_name27  ; 7.142 ; 7.142 ; 7.142 ; 7.142 ;
; pin_name4  ; pin_name28  ; 7.122 ; 7.122 ; 7.122 ; 7.122 ;
; pin_name4  ; pin_name29  ; 7.124 ; 7.124 ; 7.124 ; 7.124 ;
; pin_name4  ; pin_name30  ; 7.132 ; 7.132 ; 7.132 ; 7.132 ;
; pin_name4  ; pin_name31  ; 7.373 ; 7.373 ; 7.373 ; 7.373 ;
; pin_name4  ; pin_name32  ; 7.433 ; 7.433 ; 7.433 ; 7.433 ;
; pin_name4  ; pin_name33  ; 7.437 ; 7.437 ; 7.437 ; 7.437 ;
; pin_name4  ; pin_name34  ; 7.287 ; 7.287 ; 7.287 ; 7.287 ;
; pin_name4  ; pin_name35  ; 7.306 ; 7.306 ; 7.306 ; 7.306 ;
; pin_name4  ; pin_name36  ; 7.308 ; 7.308 ; 7.308 ; 7.308 ;
; pin_name4  ; pin_name37  ; 7.423 ; 7.423 ; 7.423 ; 7.423 ;
; pin_name5  ; pin_name17  ; 5.315 ; 5.315 ; 5.315 ; 5.315 ;
; pin_name5  ; pin_name18  ; 5.314 ; 5.314 ; 5.314 ; 5.314 ;
; pin_name5  ; pin_name19  ; 5.318 ; 5.318 ; 5.318 ; 5.318 ;
; pin_name5  ; pin_name20  ; 5.598 ; 5.598 ; 5.598 ; 5.598 ;
; pin_name5  ; pin_name21  ;       ; 5.584 ; 5.584 ;       ;
; pin_name5  ; pin_name22  ; 5.584 ; 5.584 ; 5.584 ; 5.584 ;
; pin_name5  ; pin_name23  ; 5.576 ; 5.576 ; 5.576 ; 5.576 ;
; pin_name5  ; pin_name24  ; 5.989 ; 5.989 ; 5.989 ; 5.989 ;
; pin_name5  ; pin_name26  ; 5.958 ; 5.958 ; 5.958 ; 5.958 ;
; pin_name5  ; pin_name27  ; 6.002 ; 6.002 ; 6.002 ; 6.002 ;
; pin_name5  ; pin_name28  ; 5.982 ; 5.982 ; 5.982 ; 5.982 ;
; pin_name5  ; pin_name29  ; 5.984 ; 5.984 ; 5.984 ; 5.984 ;
; pin_name5  ; pin_name30  ; 5.992 ; 5.992 ; 5.992 ; 5.992 ;
; pin_name5  ; pin_name31  ; 6.233 ; 6.233 ; 6.233 ; 6.233 ;
; pin_name5  ; pin_name32  ; 6.293 ; 6.293 ; 6.293 ; 6.293 ;
; pin_name5  ; pin_name33  ; 6.297 ; 6.297 ; 6.297 ; 6.297 ;
; pin_name5  ; pin_name34  ; 6.147 ; 6.147 ; 6.147 ; 6.147 ;
; pin_name5  ; pin_name35  ; 6.166 ; 6.166 ; 6.166 ; 6.166 ;
; pin_name5  ; pin_name36  ; 6.168 ; 6.168 ; 6.168 ; 6.168 ;
; pin_name5  ; pin_name37  ; 6.283 ; 6.283 ; 6.283 ; 6.283 ;
; pin_name6  ; pin_name17  ; 2.598 ; 2.598 ; 2.598 ; 2.598 ;
; pin_name6  ; pin_name18  ; 2.598 ;       ;       ; 2.598 ;
; pin_name6  ; pin_name19  ; 2.601 ; 2.601 ; 2.601 ; 2.601 ;
; pin_name6  ; pin_name20  ; 2.883 ; 2.883 ; 2.883 ; 2.883 ;
; pin_name6  ; pin_name21  ; 2.884 ; 2.884 ; 2.884 ; 2.884 ;
; pin_name6  ; pin_name22  ; 2.872 ; 2.872 ; 2.872 ; 2.872 ;
; pin_name6  ; pin_name23  ; 2.873 ; 2.873 ; 2.873 ; 2.873 ;
; pin_name6  ; pin_name24  ; 3.592 ; 3.592 ; 3.592 ; 3.592 ;
; pin_name6  ; pin_name26  ; 3.561 ; 3.561 ; 3.561 ; 3.561 ;
; pin_name6  ; pin_name27  ; 3.605 ; 3.605 ; 3.605 ; 3.605 ;
; pin_name6  ; pin_name28  ; 3.585 ; 3.585 ; 3.585 ; 3.585 ;
; pin_name6  ; pin_name29  ; 3.587 ; 3.587 ; 3.587 ; 3.587 ;
; pin_name6  ; pin_name30  ; 3.595 ; 3.595 ; 3.595 ; 3.595 ;
; pin_name6  ; pin_name31  ; 3.836 ; 3.836 ; 3.836 ; 3.836 ;
; pin_name6  ; pin_name32  ; 3.896 ; 3.896 ; 3.896 ; 3.896 ;
; pin_name6  ; pin_name33  ; 3.900 ; 3.900 ; 3.900 ; 3.900 ;
; pin_name6  ; pin_name34  ; 3.750 ; 3.750 ; 3.750 ; 3.750 ;
; pin_name6  ; pin_name35  ; 3.769 ; 3.769 ; 3.769 ; 3.769 ;
; pin_name6  ; pin_name36  ; 3.771 ; 3.771 ; 3.771 ; 3.771 ;
; pin_name6  ; pin_name37  ; 3.886 ; 3.886 ; 3.886 ; 3.886 ;
; pin_name7  ; pin_name17  ; 2.627 ; 2.627 ; 2.627 ; 2.627 ;
; pin_name7  ; pin_name18  ; 2.627 ; 2.627 ; 2.627 ; 2.627 ;
; pin_name7  ; pin_name19  ; 2.624 ;       ;       ; 2.624 ;
; pin_name7  ; pin_name20  ; 2.910 ; 2.910 ; 2.910 ; 2.910 ;
; pin_name7  ; pin_name21  ;       ; 2.903 ; 2.903 ;       ;
; pin_name7  ; pin_name22  ; 2.896 ; 2.896 ; 2.896 ; 2.896 ;
; pin_name7  ; pin_name23  ; 2.893 ; 2.893 ; 2.893 ; 2.893 ;
; pin_name7  ; pin_name24  ; 4.036 ; 4.036 ; 4.036 ; 4.036 ;
; pin_name7  ; pin_name26  ; 4.005 ; 4.005 ; 4.005 ; 4.005 ;
; pin_name7  ; pin_name27  ; 4.049 ; 4.049 ; 4.049 ; 4.049 ;
; pin_name7  ; pin_name28  ; 4.029 ; 4.029 ; 4.029 ; 4.029 ;
; pin_name7  ; pin_name29  ; 4.031 ; 4.031 ; 4.031 ; 4.031 ;
; pin_name7  ; pin_name30  ; 4.039 ; 4.039 ; 4.039 ; 4.039 ;
; pin_name7  ; pin_name31  ; 4.280 ; 4.280 ; 4.280 ; 4.280 ;
; pin_name7  ; pin_name32  ; 4.340 ; 4.340 ; 4.340 ; 4.340 ;
; pin_name7  ; pin_name33  ; 4.344 ; 4.344 ; 4.344 ; 4.344 ;
; pin_name7  ; pin_name34  ; 4.194 ; 4.194 ; 4.194 ; 4.194 ;
; pin_name7  ; pin_name35  ; 4.213 ; 4.213 ; 4.213 ; 4.213 ;
; pin_name7  ; pin_name36  ; 4.215 ; 4.215 ; 4.215 ; 4.215 ;
; pin_name7  ; pin_name37  ; 4.330 ; 4.330 ; 4.330 ; 4.330 ;
; pin_name8  ; pin_name17  ; 2.694 ; 2.694 ; 2.694 ; 2.694 ;
; pin_name8  ; pin_name18  ; 2.694 ; 2.694 ; 2.694 ; 2.694 ;
; pin_name8  ; pin_name19  ;       ; 2.697 ; 2.697 ;       ;
; pin_name8  ; pin_name20  ; 2.977 ; 2.977 ; 2.977 ; 2.977 ;
; pin_name8  ; pin_name21  ; 2.975 ;       ;       ; 2.975 ;
; pin_name8  ; pin_name22  ; 2.971 ;       ;       ; 2.971 ;
; pin_name8  ; pin_name23  ; 2.964 ; 2.964 ; 2.964 ; 2.964 ;
; pin_name8  ; pin_name24  ; 4.316 ; 4.316 ; 4.316 ; 4.316 ;
; pin_name8  ; pin_name26  ; 4.285 ; 4.285 ; 4.285 ; 4.285 ;
; pin_name8  ; pin_name27  ; 4.329 ; 4.329 ; 4.329 ; 4.329 ;
; pin_name8  ; pin_name28  ; 4.309 ; 4.309 ; 4.309 ; 4.309 ;
; pin_name8  ; pin_name29  ; 4.311 ; 4.311 ; 4.311 ; 4.311 ;
; pin_name8  ; pin_name30  ; 4.319 ; 4.319 ; 4.319 ; 4.319 ;
; pin_name8  ; pin_name31  ; 4.560 ; 4.560 ; 4.560 ; 4.560 ;
; pin_name8  ; pin_name32  ; 4.620 ; 4.620 ; 4.620 ; 4.620 ;
; pin_name8  ; pin_name33  ; 4.624 ; 4.624 ; 4.624 ; 4.624 ;
; pin_name8  ; pin_name34  ; 4.474 ; 4.474 ; 4.474 ; 4.474 ;
; pin_name8  ; pin_name35  ; 4.493 ; 4.493 ; 4.493 ; 4.493 ;
; pin_name8  ; pin_name36  ; 4.495 ; 4.495 ; 4.495 ; 4.495 ;
; pin_name8  ; pin_name37  ; 4.610 ; 4.610 ; 4.610 ; 4.610 ;
; pin_name9  ; pin_name24  ; 5.215 ; 5.215 ; 5.215 ; 5.215 ;
; pin_name9  ; pin_name26  ; 5.184 ; 5.184 ; 5.184 ; 5.184 ;
; pin_name9  ; pin_name27  ; 5.228 ; 5.228 ; 5.228 ; 5.228 ;
; pin_name9  ; pin_name28  ; 5.208 ; 5.208 ; 5.208 ; 5.208 ;
; pin_name9  ; pin_name29  ; 5.210 ; 5.210 ; 5.210 ; 5.210 ;
; pin_name9  ; pin_name30  ; 5.218 ; 5.218 ; 5.218 ; 5.218 ;
; pin_name9  ; pin_name31  ; 5.459 ; 5.459 ; 5.459 ; 5.459 ;
; pin_name9  ; pin_name32  ; 5.519 ; 5.519 ; 5.519 ; 5.519 ;
; pin_name9  ; pin_name33  ; 5.523 ; 5.523 ; 5.523 ; 5.523 ;
; pin_name9  ; pin_name34  ; 5.373 ; 5.373 ; 5.373 ; 5.373 ;
; pin_name9  ; pin_name35  ; 5.392 ; 5.392 ; 5.392 ; 5.392 ;
; pin_name9  ; pin_name36  ; 5.394 ; 5.394 ; 5.394 ; 5.394 ;
; pin_name9  ; pin_name37  ; 5.509 ; 5.509 ; 5.509 ; 5.509 ;
+------------+-------------+-------+-------+-------+-------+


+----------------------------------------------------------+
; Minimum Propagation Delay                                ;
+------------+-------------+-------+-------+-------+-------+
; Input Port ; Output Port ; RR    ; RF    ; FR    ; FF    ;
+------------+-------------+-------+-------+-------+-------+
; pin_name1  ; pin_name10  ; 5.554 ; 5.554 ; 5.554 ; 5.554 ;
; pin_name1  ; pin_name11  ; 5.560 ; 5.560 ; 5.560 ; 5.560 ;
; pin_name1  ; pin_name12  ; 5.524 ; 5.524 ; 5.524 ; 5.524 ;
; pin_name1  ; pin_name13  ; 5.531 ; 5.531 ; 5.531 ; 5.531 ;
; pin_name1  ; pin_name14  ;       ; 5.534 ; 5.534 ;       ;
; pin_name1  ; pin_name15  ; 5.642 ; 5.642 ; 5.642 ; 5.642 ;
; pin_name1  ; pin_name16  ; 5.570 ; 5.570 ; 5.570 ; 5.570 ;
; pin_name1  ; pin_name24  ; 5.829 ; 5.829 ; 5.829 ; 5.829 ;
; pin_name1  ; pin_name26  ; 5.817 ; 5.843 ; 5.843 ; 5.817 ;
; pin_name1  ; pin_name27  ; 5.842 ; 5.842 ; 5.842 ; 5.842 ;
; pin_name1  ; pin_name28  ; 5.818 ; 5.818 ; 5.818 ; 5.818 ;
; pin_name1  ; pin_name29  ; 5.809 ; 5.869 ; 5.869 ; 5.809 ;
; pin_name1  ; pin_name30  ; 5.877 ; 5.856 ; 5.856 ; 5.877 ;
; pin_name1  ; pin_name31  ; 5.943 ; 5.943 ; 5.943 ; 5.943 ;
; pin_name1  ; pin_name32  ; 6.003 ; 6.003 ; 6.003 ; 6.003 ;
; pin_name1  ; pin_name33  ; 6.007 ; 6.007 ; 6.007 ; 6.007 ;
; pin_name1  ; pin_name34  ; 5.860 ; 5.860 ; 5.860 ; 5.860 ;
; pin_name1  ; pin_name35  ; 5.876 ; 5.876 ; 5.876 ; 5.876 ;
; pin_name1  ; pin_name36  ; 5.875 ; 5.875 ; 5.875 ; 5.875 ;
; pin_name1  ; pin_name37  ; 6.005 ; 6.005 ; 6.005 ; 6.005 ;
; pin_name2  ; pin_name10  ; 5.670 ; 5.670 ; 5.670 ; 5.670 ;
; pin_name2  ; pin_name11  ; 5.687 ;       ;       ; 5.687 ;
; pin_name2  ; pin_name12  ; 5.648 ; 5.648 ; 5.648 ; 5.648 ;
; pin_name2  ; pin_name13  ; 5.655 ; 5.655 ; 5.655 ; 5.655 ;
; pin_name2  ; pin_name14  ; 5.661 ; 5.661 ; 5.661 ; 5.661 ;
; pin_name2  ; pin_name15  ; 5.760 ; 5.760 ; 5.760 ; 5.760 ;
; pin_name2  ; pin_name16  ; 5.694 ; 5.694 ; 5.694 ; 5.694 ;
; pin_name2  ; pin_name24  ; 5.974 ; 5.974 ; 5.974 ; 5.974 ;
; pin_name2  ; pin_name26  ; 5.939 ; 5.939 ; 5.939 ; 5.939 ;
; pin_name2  ; pin_name27  ; 5.987 ; 5.987 ; 5.987 ; 5.987 ;
; pin_name2  ; pin_name28  ; 5.967 ; 5.967 ; 5.967 ; 5.967 ;
; pin_name2  ; pin_name29  ; 5.967 ; 5.967 ; 5.967 ; 5.967 ;
; pin_name2  ; pin_name30  ; 5.849 ; 5.849 ; 5.849 ; 5.849 ;
; pin_name2  ; pin_name31  ; 6.098 ; 6.098 ; 6.098 ; 6.098 ;
; pin_name2  ; pin_name32  ; 6.158 ; 6.158 ; 6.158 ; 6.158 ;
; pin_name2  ; pin_name33  ; 6.162 ; 6.162 ; 6.162 ; 6.162 ;
; pin_name2  ; pin_name34  ; 6.015 ; 6.015 ; 6.015 ; 6.015 ;
; pin_name2  ; pin_name35  ; 6.031 ; 6.031 ; 6.031 ; 6.031 ;
; pin_name2  ; pin_name36  ; 6.030 ; 6.030 ; 6.030 ; 6.030 ;
; pin_name2  ; pin_name37  ; 6.160 ; 6.160 ; 6.160 ; 6.160 ;
; pin_name3  ; pin_name10  ; 5.590 ; 5.590 ; 5.590 ; 5.590 ;
; pin_name3  ; pin_name11  ; 5.595 ; 5.595 ; 5.595 ; 5.595 ;
; pin_name3  ; pin_name12  ; 5.560 ;       ;       ; 5.560 ;
; pin_name3  ; pin_name13  ; 5.571 ; 5.571 ; 5.571 ; 5.571 ;
; pin_name3  ; pin_name14  ;       ; 5.571 ; 5.571 ;       ;
; pin_name3  ; pin_name15  ; 5.678 ; 5.678 ; 5.678 ; 5.678 ;
; pin_name3  ; pin_name16  ; 5.607 ; 5.607 ; 5.607 ; 5.607 ;
; pin_name3  ; pin_name24  ; 5.838 ; 5.838 ; 5.838 ; 5.838 ;
; pin_name3  ; pin_name26  ; 5.801 ; 5.801 ; 5.801 ; 5.801 ;
; pin_name3  ; pin_name27  ; 5.851 ; 5.851 ; 5.851 ; 5.851 ;
; pin_name3  ; pin_name28  ; 5.828 ; 5.828 ; 5.828 ; 5.828 ;
; pin_name3  ; pin_name29  ; 5.822 ; 5.822 ; 5.822 ; 5.822 ;
; pin_name3  ; pin_name30  ; 5.991 ; 5.991 ; 5.991 ; 5.991 ;
; pin_name3  ; pin_name31  ; 5.956 ; 5.956 ; 5.956 ; 5.956 ;
; pin_name3  ; pin_name32  ; 6.016 ; 6.016 ; 6.016 ; 6.016 ;
; pin_name3  ; pin_name33  ; 6.020 ; 6.020 ; 6.020 ; 6.020 ;
; pin_name3  ; pin_name34  ; 5.873 ; 5.873 ; 5.873 ; 5.873 ;
; pin_name3  ; pin_name35  ; 5.889 ; 5.889 ; 5.889 ; 5.889 ;
; pin_name3  ; pin_name36  ; 5.888 ; 5.888 ; 5.888 ; 5.888 ;
; pin_name3  ; pin_name37  ; 6.018 ; 6.018 ; 6.018 ; 6.018 ;
; pin_name4  ; pin_name10  ; 5.683 ; 5.683 ; 5.683 ; 5.683 ;
; pin_name4  ; pin_name11  ; 5.682 ; 5.682 ; 5.682 ; 5.682 ;
; pin_name4  ; pin_name12  ;       ; 5.646 ; 5.646 ;       ;
; pin_name4  ; pin_name13  ; 5.654 ; 5.654 ; 5.654 ; 5.654 ;
; pin_name4  ; pin_name14  ; 5.664 ;       ;       ; 5.664 ;
; pin_name4  ; pin_name15  ; 5.771 ;       ;       ; 5.771 ;
; pin_name4  ; pin_name16  ; 5.693 ; 5.693 ; 5.693 ; 5.693 ;
; pin_name4  ; pin_name24  ; 6.098 ; 6.098 ; 6.098 ; 6.098 ;
; pin_name4  ; pin_name26  ; 6.061 ; 6.061 ; 6.061 ; 6.061 ;
; pin_name4  ; pin_name27  ; 6.111 ; 6.111 ; 6.111 ; 6.111 ;
; pin_name4  ; pin_name28  ; 6.088 ; 6.088 ; 6.088 ; 6.088 ;
; pin_name4  ; pin_name29  ; 6.082 ; 6.082 ; 6.082 ; 6.082 ;
; pin_name4  ; pin_name30  ; 6.258 ; 6.258 ; 6.258 ; 6.258 ;
; pin_name4  ; pin_name31  ; 5.974 ; 5.974 ; 5.974 ; 5.974 ;
; pin_name4  ; pin_name32  ; 6.034 ; 6.034 ; 6.034 ; 6.034 ;
; pin_name4  ; pin_name33  ; 6.038 ; 6.038 ; 6.038 ; 6.038 ;
; pin_name4  ; pin_name34  ; 5.894 ; 5.894 ; 5.894 ; 5.894 ;
; pin_name4  ; pin_name35  ; 5.909 ; 5.909 ; 5.909 ; 5.909 ;
; pin_name4  ; pin_name36  ; 5.917 ; 5.917 ; 5.917 ; 5.917 ;
; pin_name4  ; pin_name37  ; 6.039 ; 6.039 ; 6.039 ; 6.039 ;
; pin_name5  ; pin_name17  ; 5.315 ; 5.315 ; 5.315 ; 5.315 ;
; pin_name5  ; pin_name18  ; 5.314 ; 5.314 ; 5.314 ; 5.314 ;
; pin_name5  ; pin_name19  ; 5.318 ; 5.318 ; 5.318 ; 5.318 ;
; pin_name5  ; pin_name20  ; 5.598 ; 5.598 ; 5.598 ; 5.598 ;
; pin_name5  ; pin_name21  ;       ; 5.584 ; 5.584 ;       ;
; pin_name5  ; pin_name22  ; 5.584 ; 5.584 ; 5.584 ; 5.584 ;
; pin_name5  ; pin_name23  ; 5.576 ; 5.576 ; 5.576 ; 5.576 ;
; pin_name5  ; pin_name24  ; 5.950 ; 5.950 ; 5.950 ; 5.950 ;
; pin_name5  ; pin_name26  ; 5.938 ; 5.958 ; 5.958 ; 5.938 ;
; pin_name5  ; pin_name27  ; 5.963 ; 5.963 ; 5.963 ; 5.963 ;
; pin_name5  ; pin_name28  ; 5.939 ; 5.939 ; 5.939 ; 5.939 ;
; pin_name5  ; pin_name29  ; 5.930 ; 5.984 ; 5.984 ; 5.930 ;
; pin_name5  ; pin_name30  ; 5.992 ; 5.977 ; 5.977 ; 5.992 ;
; pin_name5  ; pin_name31  ; 6.064 ; 6.064 ; 6.064 ; 6.064 ;
; pin_name5  ; pin_name32  ; 6.124 ; 6.124 ; 6.124 ; 6.124 ;
; pin_name5  ; pin_name33  ; 6.128 ; 6.128 ; 6.128 ; 6.128 ;
; pin_name5  ; pin_name34  ; 5.981 ; 5.981 ; 5.981 ; 5.981 ;
; pin_name5  ; pin_name35  ; 5.997 ; 5.997 ; 5.997 ; 5.997 ;
; pin_name5  ; pin_name36  ; 5.996 ; 5.996 ; 5.996 ; 5.996 ;
; pin_name5  ; pin_name37  ; 6.126 ; 6.126 ; 6.126 ; 6.126 ;
; pin_name6  ; pin_name17  ; 2.598 ; 2.598 ; 2.598 ; 2.598 ;
; pin_name6  ; pin_name18  ; 2.598 ;       ;       ; 2.598 ;
; pin_name6  ; pin_name19  ; 2.601 ; 2.601 ; 2.601 ; 2.601 ;
; pin_name6  ; pin_name20  ; 2.883 ; 2.883 ; 2.883 ; 2.883 ;
; pin_name6  ; pin_name21  ; 2.884 ; 2.884 ; 2.884 ; 2.884 ;
; pin_name6  ; pin_name22  ; 2.872 ; 2.872 ; 2.872 ; 2.872 ;
; pin_name6  ; pin_name23  ; 2.873 ; 2.873 ; 2.873 ; 2.873 ;
; pin_name6  ; pin_name24  ; 3.253 ; 3.253 ; 3.253 ; 3.253 ;
; pin_name6  ; pin_name26  ; 3.218 ; 3.218 ; 3.218 ; 3.218 ;
; pin_name6  ; pin_name27  ; 3.266 ; 3.266 ; 3.266 ; 3.266 ;
; pin_name6  ; pin_name28  ; 3.246 ; 3.246 ; 3.246 ; 3.246 ;
; pin_name6  ; pin_name29  ; 3.246 ; 3.246 ; 3.246 ; 3.246 ;
; pin_name6  ; pin_name30  ; 3.128 ; 3.128 ; 3.128 ; 3.128 ;
; pin_name6  ; pin_name31  ; 3.377 ; 3.377 ; 3.377 ; 3.377 ;
; pin_name6  ; pin_name32  ; 3.437 ; 3.437 ; 3.437 ; 3.437 ;
; pin_name6  ; pin_name33  ; 3.441 ; 3.441 ; 3.441 ; 3.441 ;
; pin_name6  ; pin_name34  ; 3.294 ; 3.294 ; 3.294 ; 3.294 ;
; pin_name6  ; pin_name35  ; 3.310 ; 3.310 ; 3.310 ; 3.310 ;
; pin_name6  ; pin_name36  ; 3.309 ; 3.309 ; 3.309 ; 3.309 ;
; pin_name6  ; pin_name37  ; 3.439 ; 3.439 ; 3.439 ; 3.439 ;
; pin_name7  ; pin_name17  ; 2.627 ; 2.627 ; 2.627 ; 2.627 ;
; pin_name7  ; pin_name18  ; 2.627 ; 2.627 ; 2.627 ; 2.627 ;
; pin_name7  ; pin_name19  ; 2.624 ;       ;       ; 2.624 ;
; pin_name7  ; pin_name20  ; 2.910 ; 2.910 ; 2.910 ; 2.910 ;
; pin_name7  ; pin_name21  ;       ; 2.903 ; 2.903 ;       ;
; pin_name7  ; pin_name22  ; 2.896 ; 2.896 ; 2.896 ; 2.896 ;
; pin_name7  ; pin_name23  ; 2.893 ; 2.893 ; 2.893 ; 2.893 ;
; pin_name7  ; pin_name24  ; 3.133 ; 3.133 ; 3.133 ; 3.133 ;
; pin_name7  ; pin_name26  ; 3.096 ; 3.096 ; 3.096 ; 3.096 ;
; pin_name7  ; pin_name27  ; 3.146 ; 3.146 ; 3.146 ; 3.146 ;
; pin_name7  ; pin_name28  ; 3.123 ; 3.123 ; 3.123 ; 3.123 ;
; pin_name7  ; pin_name29  ; 3.117 ; 3.117 ; 3.117 ; 3.117 ;
; pin_name7  ; pin_name30  ; 3.295 ; 3.295 ; 3.295 ; 3.295 ;
; pin_name7  ; pin_name31  ; 3.251 ; 3.251 ; 3.251 ; 3.251 ;
; pin_name7  ; pin_name32  ; 3.311 ; 3.311 ; 3.311 ; 3.311 ;
; pin_name7  ; pin_name33  ; 3.315 ; 3.315 ; 3.315 ; 3.315 ;
; pin_name7  ; pin_name34  ; 3.168 ; 3.168 ; 3.168 ; 3.168 ;
; pin_name7  ; pin_name35  ; 3.184 ; 3.184 ; 3.184 ; 3.184 ;
; pin_name7  ; pin_name36  ; 3.183 ; 3.183 ; 3.183 ; 3.183 ;
; pin_name7  ; pin_name37  ; 3.313 ; 3.313 ; 3.313 ; 3.313 ;
; pin_name8  ; pin_name17  ; 2.694 ; 2.694 ; 2.694 ; 2.694 ;
; pin_name8  ; pin_name18  ; 2.694 ; 2.694 ; 2.694 ; 2.694 ;
; pin_name8  ; pin_name19  ;       ; 2.697 ; 2.697 ;       ;
; pin_name8  ; pin_name20  ; 2.977 ; 2.977 ; 2.977 ; 2.977 ;
; pin_name8  ; pin_name21  ; 2.975 ;       ;       ; 2.975 ;
; pin_name8  ; pin_name22  ; 2.971 ;       ;       ; 2.971 ;
; pin_name8  ; pin_name23  ; 2.964 ; 2.964 ; 2.964 ; 2.964 ;
; pin_name8  ; pin_name24  ; 3.304 ; 3.304 ; 3.304 ; 3.304 ;
; pin_name8  ; pin_name26  ; 3.267 ; 3.267 ; 3.267 ; 3.267 ;
; pin_name8  ; pin_name27  ; 3.317 ; 3.317 ; 3.317 ; 3.317 ;
; pin_name8  ; pin_name28  ; 3.294 ; 3.294 ; 3.294 ; 3.294 ;
; pin_name8  ; pin_name29  ; 3.288 ; 3.288 ; 3.288 ; 3.288 ;
; pin_name8  ; pin_name30  ; 3.464 ; 3.464 ; 3.464 ; 3.464 ;
; pin_name8  ; pin_name31  ; 3.161 ; 3.161 ; 3.161 ; 3.161 ;
; pin_name8  ; pin_name32  ; 3.221 ; 3.221 ; 3.221 ; 3.221 ;
; pin_name8  ; pin_name33  ; 3.225 ; 3.225 ; 3.225 ; 3.225 ;
; pin_name8  ; pin_name34  ; 3.081 ; 3.081 ; 3.081 ; 3.081 ;
; pin_name8  ; pin_name35  ; 3.096 ; 3.096 ; 3.096 ; 3.096 ;
; pin_name8  ; pin_name36  ; 3.104 ; 3.104 ; 3.104 ; 3.104 ;
; pin_name8  ; pin_name37  ; 3.226 ; 3.226 ; 3.226 ; 3.226 ;
; pin_name9  ; pin_name24  ; 4.312 ; 4.312 ; 4.312 ; 4.312 ;
; pin_name9  ; pin_name26  ; 4.275 ; 4.275 ; 4.275 ; 4.275 ;
; pin_name9  ; pin_name27  ; 4.325 ; 4.325 ; 4.325 ; 4.325 ;
; pin_name9  ; pin_name28  ; 4.302 ; 4.302 ; 4.302 ; 4.302 ;
; pin_name9  ; pin_name29  ; 4.296 ; 4.296 ; 4.296 ; 4.296 ;
; pin_name9  ; pin_name30  ; 4.474 ; 4.474 ; 4.474 ; 4.474 ;
; pin_name9  ; pin_name31  ; 4.060 ; 4.060 ; 4.060 ; 4.060 ;
; pin_name9  ; pin_name32  ; 4.120 ; 4.120 ; 4.120 ; 4.120 ;
; pin_name9  ; pin_name33  ; 4.124 ; 4.124 ; 4.124 ; 4.124 ;
; pin_name9  ; pin_name34  ; 3.980 ; 3.980 ; 3.980 ; 3.980 ;
; pin_name9  ; pin_name35  ; 3.995 ; 3.995 ; 3.995 ; 3.995 ;
; pin_name9  ; pin_name36  ; 4.003 ; 4.003 ; 4.003 ; 4.003 ;
; pin_name9  ; pin_name37  ; 4.125 ; 4.125 ; 4.125 ; 4.125 ;
+------------+-------------+-------+-------+-------+-------+


+----------------------------------------------------------------------------+
; Multicorner Timing Analysis Summary                                        ;
+------------------+-------+------+----------+---------+---------------------+
; Clock            ; Setup ; Hold ; Recovery ; Removal ; Minimum Pulse Width ;
+------------------+-------+------+----------+---------+---------------------+
; Worst-case Slack ; N/A   ; N/A  ; N/A      ; N/A     ; N/A                 ;
; Design-wide TNS  ; 0.0   ; 0.0  ; 0.0      ; 0.0     ; 0.0                 ;
+------------------+-------+------+----------+---------+---------------------+


+--------------------------------------------------------------+
; Progagation Delay                                            ;
+------------+-------------+--------+--------+--------+--------+
; Input Port ; Output Port ; RR     ; RF     ; FR     ; FF     ;
+------------+-------------+--------+--------+--------+--------+
; pin_name1  ; pin_name10  ; 9.914  ; 9.914  ; 9.914  ; 9.914  ;
; pin_name1  ; pin_name11  ; 9.933  ; 9.933  ; 9.933  ; 9.933  ;
; pin_name1  ; pin_name12  ; 9.887  ; 9.887  ; 9.887  ; 9.887  ;
; pin_name1  ; pin_name13  ; 9.893  ; 9.893  ; 9.893  ; 9.893  ;
; pin_name1  ; pin_name14  ;        ; 9.901  ; 9.901  ;        ;
; pin_name1  ; pin_name15  ; 10.072 ; 10.072 ; 10.072 ; 10.072 ;
; pin_name1  ; pin_name16  ; 9.935  ; 9.935  ; 9.935  ; 9.935  ;
; pin_name1  ; pin_name24  ; 10.816 ; 10.816 ; 10.816 ; 10.816 ;
; pin_name1  ; pin_name26  ; 10.769 ; 10.769 ; 10.769 ; 10.769 ;
; pin_name1  ; pin_name27  ; 10.832 ; 10.832 ; 10.832 ; 10.832 ;
; pin_name1  ; pin_name28  ; 10.808 ; 10.808 ; 10.808 ; 10.808 ;
; pin_name1  ; pin_name29  ; 10.813 ; 10.813 ; 10.813 ; 10.813 ;
; pin_name1  ; pin_name30  ; 10.812 ; 10.812 ; 10.812 ; 10.812 ;
; pin_name1  ; pin_name31  ; 11.393 ; 11.393 ; 11.393 ; 11.393 ;
; pin_name1  ; pin_name32  ; 11.516 ; 11.516 ; 11.516 ; 11.516 ;
; pin_name1  ; pin_name33  ; 11.522 ; 11.522 ; 11.522 ; 11.522 ;
; pin_name1  ; pin_name34  ; 11.216 ; 11.216 ; 11.216 ; 11.216 ;
; pin_name1  ; pin_name35  ; 11.233 ; 11.233 ; 11.233 ; 11.233 ;
; pin_name1  ; pin_name36  ; 11.232 ; 11.232 ; 11.232 ; 11.232 ;
; pin_name1  ; pin_name37  ; 11.511 ; 11.511 ; 11.511 ; 11.511 ;
; pin_name2  ; pin_name10  ; 10.175 ; 10.175 ; 10.175 ; 10.175 ;
; pin_name2  ; pin_name11  ; 10.210 ;        ;        ; 10.210 ;
; pin_name2  ; pin_name12  ; 10.132 ; 10.132 ; 10.132 ; 10.132 ;
; pin_name2  ; pin_name13  ; 10.170 ; 10.170 ; 10.170 ; 10.170 ;
; pin_name2  ; pin_name14  ; 10.179 ; 10.179 ; 10.179 ; 10.179 ;
; pin_name2  ; pin_name15  ; 10.336 ; 10.336 ; 10.336 ; 10.336 ;
; pin_name2  ; pin_name16  ; 10.214 ; 10.214 ; 10.214 ; 10.214 ;
; pin_name2  ; pin_name24  ; 11.672 ; 11.672 ; 11.672 ; 11.672 ;
; pin_name2  ; pin_name26  ; 11.625 ; 11.625 ; 11.625 ; 11.625 ;
; pin_name2  ; pin_name27  ; 11.688 ; 11.688 ; 11.688 ; 11.688 ;
; pin_name2  ; pin_name28  ; 11.664 ; 11.664 ; 11.664 ; 11.664 ;
; pin_name2  ; pin_name29  ; 11.669 ; 11.669 ; 11.669 ; 11.669 ;
; pin_name2  ; pin_name30  ; 11.668 ; 11.668 ; 11.668 ; 11.668 ;
; pin_name2  ; pin_name31  ; 12.249 ; 12.249 ; 12.249 ; 12.249 ;
; pin_name2  ; pin_name32  ; 12.372 ; 12.372 ; 12.372 ; 12.372 ;
; pin_name2  ; pin_name33  ; 12.378 ; 12.378 ; 12.378 ; 12.378 ;
; pin_name2  ; pin_name34  ; 12.072 ; 12.072 ; 12.072 ; 12.072 ;
; pin_name2  ; pin_name35  ; 12.089 ; 12.089 ; 12.089 ; 12.089 ;
; pin_name2  ; pin_name36  ; 12.088 ; 12.088 ; 12.088 ; 12.088 ;
; pin_name2  ; pin_name37  ; 12.367 ; 12.367 ; 12.367 ; 12.367 ;
; pin_name3  ; pin_name10  ; 10.023 ; 10.023 ; 10.023 ; 10.023 ;
; pin_name3  ; pin_name11  ; 10.042 ; 10.042 ; 10.042 ; 10.042 ;
; pin_name3  ; pin_name12  ; 9.996  ;        ;        ; 9.996  ;
; pin_name3  ; pin_name13  ; 10.004 ; 10.004 ; 10.004 ; 10.004 ;
; pin_name3  ; pin_name14  ;        ; 10.012 ; 10.012 ;        ;
; pin_name3  ; pin_name15  ; 10.181 ; 10.181 ; 10.181 ; 10.181 ;
; pin_name3  ; pin_name16  ; 10.043 ; 10.043 ; 10.043 ; 10.043 ;
; pin_name3  ; pin_name24  ; 12.753 ; 12.753 ; 12.753 ; 12.753 ;
; pin_name3  ; pin_name26  ; 12.706 ; 12.706 ; 12.706 ; 12.706 ;
; pin_name3  ; pin_name27  ; 12.769 ; 12.769 ; 12.769 ; 12.769 ;
; pin_name3  ; pin_name28  ; 12.745 ; 12.745 ; 12.745 ; 12.745 ;
; pin_name3  ; pin_name29  ; 12.750 ; 12.750 ; 12.750 ; 12.750 ;
; pin_name3  ; pin_name30  ; 12.749 ; 12.749 ; 12.749 ; 12.749 ;
; pin_name3  ; pin_name31  ; 13.330 ; 13.330 ; 13.330 ; 13.330 ;
; pin_name3  ; pin_name32  ; 13.453 ; 13.453 ; 13.453 ; 13.453 ;
; pin_name3  ; pin_name33  ; 13.459 ; 13.459 ; 13.459 ; 13.459 ;
; pin_name3  ; pin_name34  ; 13.153 ; 13.153 ; 13.153 ; 13.153 ;
; pin_name3  ; pin_name35  ; 13.170 ; 13.170 ; 13.170 ; 13.170 ;
; pin_name3  ; pin_name36  ; 13.169 ; 13.169 ; 13.169 ; 13.169 ;
; pin_name3  ; pin_name37  ; 13.448 ; 13.448 ; 13.448 ; 13.448 ;
; pin_name4  ; pin_name10  ; 10.220 ; 10.220 ; 10.220 ; 10.220 ;
; pin_name4  ; pin_name11  ; 10.237 ; 10.237 ; 10.237 ; 10.237 ;
; pin_name4  ; pin_name12  ;        ; 10.164 ; 10.164 ;        ;
; pin_name4  ; pin_name13  ; 10.202 ; 10.202 ; 10.202 ; 10.202 ;
; pin_name4  ; pin_name14  ; 10.210 ;        ;        ; 10.210 ;
; pin_name4  ; pin_name15  ; 10.378 ;        ;        ; 10.378 ;
; pin_name4  ; pin_name16  ; 10.243 ; 10.243 ; 10.243 ; 10.243 ;
; pin_name4  ; pin_name24  ; 13.645 ; 13.645 ; 13.645 ; 13.645 ;
; pin_name4  ; pin_name26  ; 13.598 ; 13.598 ; 13.598 ; 13.598 ;
; pin_name4  ; pin_name27  ; 13.661 ; 13.661 ; 13.661 ; 13.661 ;
; pin_name4  ; pin_name28  ; 13.637 ; 13.637 ; 13.637 ; 13.637 ;
; pin_name4  ; pin_name29  ; 13.642 ; 13.642 ; 13.642 ; 13.642 ;
; pin_name4  ; pin_name30  ; 13.641 ; 13.641 ; 13.641 ; 13.641 ;
; pin_name4  ; pin_name31  ; 14.222 ; 14.222 ; 14.222 ; 14.222 ;
; pin_name4  ; pin_name32  ; 14.345 ; 14.345 ; 14.345 ; 14.345 ;
; pin_name4  ; pin_name33  ; 14.351 ; 14.351 ; 14.351 ; 14.351 ;
; pin_name4  ; pin_name34  ; 14.045 ; 14.045 ; 14.045 ; 14.045 ;
; pin_name4  ; pin_name35  ; 14.062 ; 14.062 ; 14.062 ; 14.062 ;
; pin_name4  ; pin_name36  ; 14.061 ; 14.061 ; 14.061 ; 14.061 ;
; pin_name4  ; pin_name37  ; 14.340 ; 14.340 ; 14.340 ; 14.340 ;
; pin_name5  ; pin_name17  ; 9.549  ; 9.549  ; 9.549  ; 9.549  ;
; pin_name5  ; pin_name18  ; 9.548  ; 9.548  ; 9.548  ; 9.548  ;
; pin_name5  ; pin_name19  ; 9.517  ; 9.517  ; 9.517  ; 9.517  ;
; pin_name5  ; pin_name20  ; 10.101 ; 10.101 ; 10.101 ; 10.101 ;
; pin_name5  ; pin_name21  ;        ; 10.076 ; 10.076 ;        ;
; pin_name5  ; pin_name22  ; 10.060 ; 10.060 ; 10.060 ; 10.060 ;
; pin_name5  ; pin_name23  ; 10.088 ; 10.088 ; 10.088 ; 10.088 ;
; pin_name5  ; pin_name24  ; 11.066 ; 11.066 ; 11.066 ; 11.066 ;
; pin_name5  ; pin_name26  ; 11.019 ; 11.019 ; 11.019 ; 11.019 ;
; pin_name5  ; pin_name27  ; 11.082 ; 11.082 ; 11.082 ; 11.082 ;
; pin_name5  ; pin_name28  ; 11.058 ; 11.058 ; 11.058 ; 11.058 ;
; pin_name5  ; pin_name29  ; 11.063 ; 11.063 ; 11.063 ; 11.063 ;
; pin_name5  ; pin_name30  ; 11.062 ; 11.062 ; 11.062 ; 11.062 ;
; pin_name5  ; pin_name31  ; 11.643 ; 11.643 ; 11.643 ; 11.643 ;
; pin_name5  ; pin_name32  ; 11.766 ; 11.766 ; 11.766 ; 11.766 ;
; pin_name5  ; pin_name33  ; 11.772 ; 11.772 ; 11.772 ; 11.772 ;
; pin_name5  ; pin_name34  ; 11.466 ; 11.466 ; 11.466 ; 11.466 ;
; pin_name5  ; pin_name35  ; 11.483 ; 11.483 ; 11.483 ; 11.483 ;
; pin_name5  ; pin_name36  ; 11.482 ; 11.482 ; 11.482 ; 11.482 ;
; pin_name5  ; pin_name37  ; 11.761 ; 11.761 ; 11.761 ; 11.761 ;
; pin_name6  ; pin_name17  ; 4.972  ; 4.972  ; 4.972  ; 4.972  ;
; pin_name6  ; pin_name18  ; 4.971  ;        ;        ; 4.971  ;
; pin_name6  ; pin_name19  ; 4.971  ; 4.971  ; 4.971  ; 4.971  ;
; pin_name6  ; pin_name20  ; 5.523  ; 5.523  ; 5.523  ; 5.523  ;
; pin_name6  ; pin_name21  ; 5.520  ; 5.520  ; 5.520  ; 5.520  ;
; pin_name6  ; pin_name22  ; 5.519  ; 5.519  ; 5.519  ; 5.519  ;
; pin_name6  ; pin_name23  ; 5.528  ; 5.528  ; 5.528  ; 5.528  ;
; pin_name6  ; pin_name24  ; 7.213  ; 7.213  ; 7.213  ; 7.213  ;
; pin_name6  ; pin_name26  ; 7.166  ; 7.166  ; 7.166  ; 7.166  ;
; pin_name6  ; pin_name27  ; 7.229  ; 7.229  ; 7.229  ; 7.229  ;
; pin_name6  ; pin_name28  ; 7.205  ; 7.205  ; 7.205  ; 7.205  ;
; pin_name6  ; pin_name29  ; 7.210  ; 7.210  ; 7.210  ; 7.210  ;
; pin_name6  ; pin_name30  ; 7.209  ; 7.209  ; 7.209  ; 7.209  ;
; pin_name6  ; pin_name31  ; 7.790  ; 7.790  ; 7.790  ; 7.790  ;
; pin_name6  ; pin_name32  ; 7.913  ; 7.913  ; 7.913  ; 7.913  ;
; pin_name6  ; pin_name33  ; 7.919  ; 7.919  ; 7.919  ; 7.919  ;
; pin_name6  ; pin_name34  ; 7.613  ; 7.613  ; 7.613  ; 7.613  ;
; pin_name6  ; pin_name35  ; 7.630  ; 7.630  ; 7.630  ; 7.630  ;
; pin_name6  ; pin_name36  ; 7.629  ; 7.629  ; 7.629  ; 7.629  ;
; pin_name6  ; pin_name37  ; 7.908  ; 7.908  ; 7.908  ; 7.908  ;
; pin_name7  ; pin_name17  ; 5.040  ; 5.040  ; 5.040  ; 5.040  ;
; pin_name7  ; pin_name18  ; 5.040  ; 5.040  ; 5.040  ; 5.040  ;
; pin_name7  ; pin_name19  ; 5.035  ;        ;        ; 5.035  ;
; pin_name7  ; pin_name20  ; 5.592  ; 5.592  ; 5.592  ; 5.592  ;
; pin_name7  ; pin_name21  ;        ; 5.578  ; 5.578  ;        ;
; pin_name7  ; pin_name22  ; 5.584  ; 5.584  ; 5.584  ; 5.584  ;
; pin_name7  ; pin_name23  ; 5.584  ; 5.584  ; 5.584  ; 5.584  ;
; pin_name7  ; pin_name24  ; 8.266  ; 8.266  ; 8.266  ; 8.266  ;
; pin_name7  ; pin_name26  ; 8.219  ; 8.219  ; 8.219  ; 8.219  ;
; pin_name7  ; pin_name27  ; 8.282  ; 8.282  ; 8.282  ; 8.282  ;
; pin_name7  ; pin_name28  ; 8.258  ; 8.258  ; 8.258  ; 8.258  ;
; pin_name7  ; pin_name29  ; 8.263  ; 8.263  ; 8.263  ; 8.263  ;
; pin_name7  ; pin_name30  ; 8.262  ; 8.262  ; 8.262  ; 8.262  ;
; pin_name7  ; pin_name31  ; 8.843  ; 8.843  ; 8.843  ; 8.843  ;
; pin_name7  ; pin_name32  ; 8.966  ; 8.966  ; 8.966  ; 8.966  ;
; pin_name7  ; pin_name33  ; 8.972  ; 8.972  ; 8.972  ; 8.972  ;
; pin_name7  ; pin_name34  ; 8.666  ; 8.666  ; 8.666  ; 8.666  ;
; pin_name7  ; pin_name35  ; 8.683  ; 8.683  ; 8.683  ; 8.683  ;
; pin_name7  ; pin_name36  ; 8.682  ; 8.682  ; 8.682  ; 8.682  ;
; pin_name7  ; pin_name37  ; 8.961  ; 8.961  ; 8.961  ; 8.961  ;
; pin_name8  ; pin_name17  ; 5.216  ; 5.216  ; 5.216  ; 5.216  ;
; pin_name8  ; pin_name18  ; 5.216  ; 5.216  ; 5.216  ; 5.216  ;
; pin_name8  ; pin_name19  ;        ; 5.184  ; 5.184  ;        ;
; pin_name8  ; pin_name20  ; 5.764  ; 5.764  ; 5.764  ; 5.764  ;
; pin_name8  ; pin_name21  ; 5.761  ;        ;        ; 5.761  ;
; pin_name8  ; pin_name22  ; 5.755  ;        ;        ; 5.755  ;
; pin_name8  ; pin_name23  ; 5.766  ; 5.766  ; 5.766  ; 5.766  ;
; pin_name8  ; pin_name24  ; 8.905  ; 8.905  ; 8.905  ; 8.905  ;
; pin_name8  ; pin_name26  ; 8.858  ; 8.858  ; 8.858  ; 8.858  ;
; pin_name8  ; pin_name27  ; 8.921  ; 8.921  ; 8.921  ; 8.921  ;
; pin_name8  ; pin_name28  ; 8.897  ; 8.897  ; 8.897  ; 8.897  ;
; pin_name8  ; pin_name29  ; 8.902  ; 8.902  ; 8.902  ; 8.902  ;
; pin_name8  ; pin_name30  ; 8.901  ; 8.901  ; 8.901  ; 8.901  ;
; pin_name8  ; pin_name31  ; 9.482  ; 9.482  ; 9.482  ; 9.482  ;
; pin_name8  ; pin_name32  ; 9.605  ; 9.605  ; 9.605  ; 9.605  ;
; pin_name8  ; pin_name33  ; 9.611  ; 9.611  ; 9.611  ; 9.611  ;
; pin_name8  ; pin_name34  ; 9.305  ; 9.305  ; 9.305  ; 9.305  ;
; pin_name8  ; pin_name35  ; 9.322  ; 9.322  ; 9.322  ; 9.322  ;
; pin_name8  ; pin_name36  ; 9.321  ; 9.321  ; 9.321  ; 9.321  ;
; pin_name8  ; pin_name37  ; 9.600  ; 9.600  ; 9.600  ; 9.600  ;
; pin_name9  ; pin_name24  ; 10.722 ; 10.722 ; 10.722 ; 10.722 ;
; pin_name9  ; pin_name26  ; 10.675 ; 10.675 ; 10.675 ; 10.675 ;
; pin_name9  ; pin_name27  ; 10.738 ; 10.738 ; 10.738 ; 10.738 ;
; pin_name9  ; pin_name28  ; 10.714 ; 10.714 ; 10.714 ; 10.714 ;
; pin_name9  ; pin_name29  ; 10.719 ; 10.719 ; 10.719 ; 10.719 ;
; pin_name9  ; pin_name30  ; 10.718 ; 10.718 ; 10.718 ; 10.718 ;
; pin_name9  ; pin_name31  ; 11.299 ; 11.299 ; 11.299 ; 11.299 ;
; pin_name9  ; pin_name32  ; 11.422 ; 11.422 ; 11.422 ; 11.422 ;
; pin_name9  ; pin_name33  ; 11.428 ; 11.428 ; 11.428 ; 11.428 ;
; pin_name9  ; pin_name34  ; 11.122 ; 11.122 ; 11.122 ; 11.122 ;
; pin_name9  ; pin_name35  ; 11.139 ; 11.139 ; 11.139 ; 11.139 ;
; pin_name9  ; pin_name36  ; 11.138 ; 11.138 ; 11.138 ; 11.138 ;
; pin_name9  ; pin_name37  ; 11.417 ; 11.417 ; 11.417 ; 11.417 ;
+------------+-------------+--------+--------+--------+--------+


+----------------------------------------------------------+
; Minimum Progagation Delay                                ;
+------------+-------------+-------+-------+-------+-------+
; Input Port ; Output Port ; RR    ; RF    ; FR    ; FF    ;
+------------+-------------+-------+-------+-------+-------+
; pin_name1  ; pin_name10  ; 5.554 ; 5.554 ; 5.554 ; 5.554 ;
; pin_name1  ; pin_name11  ; 5.560 ; 5.560 ; 5.560 ; 5.560 ;
; pin_name1  ; pin_name12  ; 5.524 ; 5.524 ; 5.524 ; 5.524 ;
; pin_name1  ; pin_name13  ; 5.531 ; 5.531 ; 5.531 ; 5.531 ;
; pin_name1  ; pin_name14  ;       ; 5.534 ; 5.534 ;       ;
; pin_name1  ; pin_name15  ; 5.642 ; 5.642 ; 5.642 ; 5.642 ;
; pin_name1  ; pin_name16  ; 5.570 ; 5.570 ; 5.570 ; 5.570 ;
; pin_name1  ; pin_name24  ; 5.829 ; 5.829 ; 5.829 ; 5.829 ;
; pin_name1  ; pin_name26  ; 5.817 ; 5.843 ; 5.843 ; 5.817 ;
; pin_name1  ; pin_name27  ; 5.842 ; 5.842 ; 5.842 ; 5.842 ;
; pin_name1  ; pin_name28  ; 5.818 ; 5.818 ; 5.818 ; 5.818 ;
; pin_name1  ; pin_name29  ; 5.809 ; 5.869 ; 5.869 ; 5.809 ;
; pin_name1  ; pin_name30  ; 5.877 ; 5.856 ; 5.856 ; 5.877 ;
; pin_name1  ; pin_name31  ; 5.943 ; 5.943 ; 5.943 ; 5.943 ;
; pin_name1  ; pin_name32  ; 6.003 ; 6.003 ; 6.003 ; 6.003 ;
; pin_name1  ; pin_name33  ; 6.007 ; 6.007 ; 6.007 ; 6.007 ;
; pin_name1  ; pin_name34  ; 5.860 ; 5.860 ; 5.860 ; 5.860 ;
; pin_name1  ; pin_name35  ; 5.876 ; 5.876 ; 5.876 ; 5.876 ;
; pin_name1  ; pin_name36  ; 5.875 ; 5.875 ; 5.875 ; 5.875 ;
; pin_name1  ; pin_name37  ; 6.005 ; 6.005 ; 6.005 ; 6.005 ;
; pin_name2  ; pin_name10  ; 5.670 ; 5.670 ; 5.670 ; 5.670 ;
; pin_name2  ; pin_name11  ; 5.687 ;       ;       ; 5.687 ;
; pin_name2  ; pin_name12  ; 5.648 ; 5.648 ; 5.648 ; 5.648 ;
; pin_name2  ; pin_name13  ; 5.655 ; 5.655 ; 5.655 ; 5.655 ;
; pin_name2  ; pin_name14  ; 5.661 ; 5.661 ; 5.661 ; 5.661 ;
; pin_name2  ; pin_name15  ; 5.760 ; 5.760 ; 5.760 ; 5.760 ;
; pin_name2  ; pin_name16  ; 5.694 ; 5.694 ; 5.694 ; 5.694 ;
; pin_name2  ; pin_name24  ; 5.974 ; 5.974 ; 5.974 ; 5.974 ;
; pin_name2  ; pin_name26  ; 5.939 ; 5.939 ; 5.939 ; 5.939 ;
; pin_name2  ; pin_name27  ; 5.987 ; 5.987 ; 5.987 ; 5.987 ;
; pin_name2  ; pin_name28  ; 5.967 ; 5.967 ; 5.967 ; 5.967 ;
; pin_name2  ; pin_name29  ; 5.967 ; 5.967 ; 5.967 ; 5.967 ;
; pin_name2  ; pin_name30  ; 5.849 ; 5.849 ; 5.849 ; 5.849 ;
; pin_name2  ; pin_name31  ; 6.098 ; 6.098 ; 6.098 ; 6.098 ;
; pin_name2  ; pin_name32  ; 6.158 ; 6.158 ; 6.158 ; 6.158 ;
; pin_name2  ; pin_name33  ; 6.162 ; 6.162 ; 6.162 ; 6.162 ;
; pin_name2  ; pin_name34  ; 6.015 ; 6.015 ; 6.015 ; 6.015 ;
; pin_name2  ; pin_name35  ; 6.031 ; 6.031 ; 6.031 ; 6.031 ;
; pin_name2  ; pin_name36  ; 6.030 ; 6.030 ; 6.030 ; 6.030 ;
; pin_name2  ; pin_name37  ; 6.160 ; 6.160 ; 6.160 ; 6.160 ;
; pin_name3  ; pin_name10  ; 5.590 ; 5.590 ; 5.590 ; 5.590 ;
; pin_name3  ; pin_name11  ; 5.595 ; 5.595 ; 5.595 ; 5.595 ;
; pin_name3  ; pin_name12  ; 5.560 ;       ;       ; 5.560 ;
; pin_name3  ; pin_name13  ; 5.571 ; 5.571 ; 5.571 ; 5.571 ;
; pin_name3  ; pin_name14  ;       ; 5.571 ; 5.571 ;       ;
; pin_name3  ; pin_name15  ; 5.678 ; 5.678 ; 5.678 ; 5.678 ;
; pin_name3  ; pin_name16  ; 5.607 ; 5.607 ; 5.607 ; 5.607 ;
; pin_name3  ; pin_name24  ; 5.838 ; 5.838 ; 5.838 ; 5.838 ;
; pin_name3  ; pin_name26  ; 5.801 ; 5.801 ; 5.801 ; 5.801 ;
; pin_name3  ; pin_name27  ; 5.851 ; 5.851 ; 5.851 ; 5.851 ;
; pin_name3  ; pin_name28  ; 5.828 ; 5.828 ; 5.828 ; 5.828 ;
; pin_name3  ; pin_name29  ; 5.822 ; 5.822 ; 5.822 ; 5.822 ;
; pin_name3  ; pin_name30  ; 5.991 ; 5.991 ; 5.991 ; 5.991 ;
; pin_name3  ; pin_name31  ; 5.956 ; 5.956 ; 5.956 ; 5.956 ;
; pin_name3  ; pin_name32  ; 6.016 ; 6.016 ; 6.016 ; 6.016 ;
; pin_name3  ; pin_name33  ; 6.020 ; 6.020 ; 6.020 ; 6.020 ;
; pin_name3  ; pin_name34  ; 5.873 ; 5.873 ; 5.873 ; 5.873 ;
; pin_name3  ; pin_name35  ; 5.889 ; 5.889 ; 5.889 ; 5.889 ;
; pin_name3  ; pin_name36  ; 5.888 ; 5.888 ; 5.888 ; 5.888 ;
; pin_name3  ; pin_name37  ; 6.018 ; 6.018 ; 6.018 ; 6.018 ;
; pin_name4  ; pin_name10  ; 5.683 ; 5.683 ; 5.683 ; 5.683 ;
; pin_name4  ; pin_name11  ; 5.682 ; 5.682 ; 5.682 ; 5.682 ;
; pin_name4  ; pin_name12  ;       ; 5.646 ; 5.646 ;       ;
; pin_name4  ; pin_name13  ; 5.654 ; 5.654 ; 5.654 ; 5.654 ;
; pin_name4  ; pin_name14  ; 5.664 ;       ;       ; 5.664 ;
; pin_name4  ; pin_name15  ; 5.771 ;       ;       ; 5.771 ;
; pin_name4  ; pin_name16  ; 5.693 ; 5.693 ; 5.693 ; 5.693 ;
; pin_name4  ; pin_name24  ; 6.098 ; 6.098 ; 6.098 ; 6.098 ;
; pin_name4  ; pin_name26  ; 6.061 ; 6.061 ; 6.061 ; 6.061 ;
; pin_name4  ; pin_name27  ; 6.111 ; 6.111 ; 6.111 ; 6.111 ;
; pin_name4  ; pin_name28  ; 6.088 ; 6.088 ; 6.088 ; 6.088 ;
; pin_name4  ; pin_name29  ; 6.082 ; 6.082 ; 6.082 ; 6.082 ;
; pin_name4  ; pin_name30  ; 6.258 ; 6.258 ; 6.258 ; 6.258 ;
; pin_name4  ; pin_name31  ; 5.974 ; 5.974 ; 5.974 ; 5.974 ;
; pin_name4  ; pin_name32  ; 6.034 ; 6.034 ; 6.034 ; 6.034 ;
; pin_name4  ; pin_name33  ; 6.038 ; 6.038 ; 6.038 ; 6.038 ;
; pin_name4  ; pin_name34  ; 5.894 ; 5.894 ; 5.894 ; 5.894 ;
; pin_name4  ; pin_name35  ; 5.909 ; 5.909 ; 5.909 ; 5.909 ;
; pin_name4  ; pin_name36  ; 5.917 ; 5.917 ; 5.917 ; 5.917 ;
; pin_name4  ; pin_name37  ; 6.039 ; 6.039 ; 6.039 ; 6.039 ;
; pin_name5  ; pin_name17  ; 5.315 ; 5.315 ; 5.315 ; 5.315 ;
; pin_name5  ; pin_name18  ; 5.314 ; 5.314 ; 5.314 ; 5.314 ;
; pin_name5  ; pin_name19  ; 5.318 ; 5.318 ; 5.318 ; 5.318 ;
; pin_name5  ; pin_name20  ; 5.598 ; 5.598 ; 5.598 ; 5.598 ;
; pin_name5  ; pin_name21  ;       ; 5.584 ; 5.584 ;       ;
; pin_name5  ; pin_name22  ; 5.584 ; 5.584 ; 5.584 ; 5.584 ;
; pin_name5  ; pin_name23  ; 5.576 ; 5.576 ; 5.576 ; 5.576 ;
; pin_name5  ; pin_name24  ; 5.950 ; 5.950 ; 5.950 ; 5.950 ;
; pin_name5  ; pin_name26  ; 5.938 ; 5.958 ; 5.958 ; 5.938 ;
; pin_name5  ; pin_name27  ; 5.963 ; 5.963 ; 5.963 ; 5.963 ;
; pin_name5  ; pin_name28  ; 5.939 ; 5.939 ; 5.939 ; 5.939 ;
; pin_name5  ; pin_name29  ; 5.930 ; 5.984 ; 5.984 ; 5.930 ;
; pin_name5  ; pin_name30  ; 5.992 ; 5.977 ; 5.977 ; 5.992 ;
; pin_name5  ; pin_name31  ; 6.064 ; 6.064 ; 6.064 ; 6.064 ;
; pin_name5  ; pin_name32  ; 6.124 ; 6.124 ; 6.124 ; 6.124 ;
; pin_name5  ; pin_name33  ; 6.128 ; 6.128 ; 6.128 ; 6.128 ;
; pin_name5  ; pin_name34  ; 5.981 ; 5.981 ; 5.981 ; 5.981 ;
; pin_name5  ; pin_name35  ; 5.997 ; 5.997 ; 5.997 ; 5.997 ;
; pin_name5  ; pin_name36  ; 5.996 ; 5.996 ; 5.996 ; 5.996 ;
; pin_name5  ; pin_name37  ; 6.126 ; 6.126 ; 6.126 ; 6.126 ;
; pin_name6  ; pin_name17  ; 2.598 ; 2.598 ; 2.598 ; 2.598 ;
; pin_name6  ; pin_name18  ; 2.598 ;       ;       ; 2.598 ;
; pin_name6  ; pin_name19  ; 2.601 ; 2.601 ; 2.601 ; 2.601 ;
; pin_name6  ; pin_name20  ; 2.883 ; 2.883 ; 2.883 ; 2.883 ;
; pin_name6  ; pin_name21  ; 2.884 ; 2.884 ; 2.884 ; 2.884 ;
; pin_name6  ; pin_name22  ; 2.872 ; 2.872 ; 2.872 ; 2.872 ;
; pin_name6  ; pin_name23  ; 2.873 ; 2.873 ; 2.873 ; 2.873 ;
; pin_name6  ; pin_name24  ; 3.253 ; 3.253 ; 3.253 ; 3.253 ;
; pin_name6  ; pin_name26  ; 3.218 ; 3.218 ; 3.218 ; 3.218 ;
; pin_name6  ; pin_name27  ; 3.266 ; 3.266 ; 3.266 ; 3.266 ;
; pin_name6  ; pin_name28  ; 3.246 ; 3.246 ; 3.246 ; 3.246 ;
; pin_name6  ; pin_name29  ; 3.246 ; 3.246 ; 3.246 ; 3.246 ;
; pin_name6  ; pin_name30  ; 3.128 ; 3.128 ; 3.128 ; 3.128 ;
; pin_name6  ; pin_name31  ; 3.377 ; 3.377 ; 3.377 ; 3.377 ;
; pin_name6  ; pin_name32  ; 3.437 ; 3.437 ; 3.437 ; 3.437 ;
; pin_name6  ; pin_name33  ; 3.441 ; 3.441 ; 3.441 ; 3.441 ;
; pin_name6  ; pin_name34  ; 3.294 ; 3.294 ; 3.294 ; 3.294 ;
; pin_name6  ; pin_name35  ; 3.310 ; 3.310 ; 3.310 ; 3.310 ;
; pin_name6  ; pin_name36  ; 3.309 ; 3.309 ; 3.309 ; 3.309 ;
; pin_name6  ; pin_name37  ; 3.439 ; 3.439 ; 3.439 ; 3.439 ;
; pin_name7  ; pin_name17  ; 2.627 ; 2.627 ; 2.627 ; 2.627 ;
; pin_name7  ; pin_name18  ; 2.627 ; 2.627 ; 2.627 ; 2.627 ;
; pin_name7  ; pin_name19  ; 2.624 ;       ;       ; 2.624 ;
; pin_name7  ; pin_name20  ; 2.910 ; 2.910 ; 2.910 ; 2.910 ;
; pin_name7  ; pin_name21  ;       ; 2.903 ; 2.903 ;       ;
; pin_name7  ; pin_name22  ; 2.896 ; 2.896 ; 2.896 ; 2.896 ;
; pin_name7  ; pin_name23  ; 2.893 ; 2.893 ; 2.893 ; 2.893 ;
; pin_name7  ; pin_name24  ; 3.133 ; 3.133 ; 3.133 ; 3.133 ;
; pin_name7  ; pin_name26  ; 3.096 ; 3.096 ; 3.096 ; 3.096 ;
; pin_name7  ; pin_name27  ; 3.146 ; 3.146 ; 3.146 ; 3.146 ;
; pin_name7  ; pin_name28  ; 3.123 ; 3.123 ; 3.123 ; 3.123 ;
; pin_name7  ; pin_name29  ; 3.117 ; 3.117 ; 3.117 ; 3.117 ;
; pin_name7  ; pin_name30  ; 3.295 ; 3.295 ; 3.295 ; 3.295 ;
; pin_name7  ; pin_name31  ; 3.251 ; 3.251 ; 3.251 ; 3.251 ;
; pin_name7  ; pin_name32  ; 3.311 ; 3.311 ; 3.311 ; 3.311 ;
; pin_name7  ; pin_name33  ; 3.315 ; 3.315 ; 3.315 ; 3.315 ;
; pin_name7  ; pin_name34  ; 3.168 ; 3.168 ; 3.168 ; 3.168 ;
; pin_name7  ; pin_name35  ; 3.184 ; 3.184 ; 3.184 ; 3.184 ;
; pin_name7  ; pin_name36  ; 3.183 ; 3.183 ; 3.183 ; 3.183 ;
; pin_name7  ; pin_name37  ; 3.313 ; 3.313 ; 3.313 ; 3.313 ;
; pin_name8  ; pin_name17  ; 2.694 ; 2.694 ; 2.694 ; 2.694 ;
; pin_name8  ; pin_name18  ; 2.694 ; 2.694 ; 2.694 ; 2.694 ;
; pin_name8  ; pin_name19  ;       ; 2.697 ; 2.697 ;       ;
; pin_name8  ; pin_name20  ; 2.977 ; 2.977 ; 2.977 ; 2.977 ;
; pin_name8  ; pin_name21  ; 2.975 ;       ;       ; 2.975 ;
; pin_name8  ; pin_name22  ; 2.971 ;       ;       ; 2.971 ;
; pin_name8  ; pin_name23  ; 2.964 ; 2.964 ; 2.964 ; 2.964 ;
; pin_name8  ; pin_name24  ; 3.304 ; 3.304 ; 3.304 ; 3.304 ;
; pin_name8  ; pin_name26  ; 3.267 ; 3.267 ; 3.267 ; 3.267 ;
; pin_name8  ; pin_name27  ; 3.317 ; 3.317 ; 3.317 ; 3.317 ;
; pin_name8  ; pin_name28  ; 3.294 ; 3.294 ; 3.294 ; 3.294 ;
; pin_name8  ; pin_name29  ; 3.288 ; 3.288 ; 3.288 ; 3.288 ;
; pin_name8  ; pin_name30  ; 3.464 ; 3.464 ; 3.464 ; 3.464 ;
; pin_name8  ; pin_name31  ; 3.161 ; 3.161 ; 3.161 ; 3.161 ;
; pin_name8  ; pin_name32  ; 3.221 ; 3.221 ; 3.221 ; 3.221 ;
; pin_name8  ; pin_name33  ; 3.225 ; 3.225 ; 3.225 ; 3.225 ;
; pin_name8  ; pin_name34  ; 3.081 ; 3.081 ; 3.081 ; 3.081 ;
; pin_name8  ; pin_name35  ; 3.096 ; 3.096 ; 3.096 ; 3.096 ;
; pin_name8  ; pin_name36  ; 3.104 ; 3.104 ; 3.104 ; 3.104 ;
; pin_name8  ; pin_name37  ; 3.226 ; 3.226 ; 3.226 ; 3.226 ;
; pin_name9  ; pin_name24  ; 4.312 ; 4.312 ; 4.312 ; 4.312 ;
; pin_name9  ; pin_name26  ; 4.275 ; 4.275 ; 4.275 ; 4.275 ;
; pin_name9  ; pin_name27  ; 4.325 ; 4.325 ; 4.325 ; 4.325 ;
; pin_name9  ; pin_name28  ; 4.302 ; 4.302 ; 4.302 ; 4.302 ;
; pin_name9  ; pin_name29  ; 4.296 ; 4.296 ; 4.296 ; 4.296 ;
; pin_name9  ; pin_name30  ; 4.474 ; 4.474 ; 4.474 ; 4.474 ;
; pin_name9  ; pin_name31  ; 4.060 ; 4.060 ; 4.060 ; 4.060 ;
; pin_name9  ; pin_name32  ; 4.120 ; 4.120 ; 4.120 ; 4.120 ;
; pin_name9  ; pin_name33  ; 4.124 ; 4.124 ; 4.124 ; 4.124 ;
; pin_name9  ; pin_name34  ; 3.980 ; 3.980 ; 3.980 ; 3.980 ;
; pin_name9  ; pin_name35  ; 3.995 ; 3.995 ; 3.995 ; 3.995 ;
; pin_name9  ; pin_name36  ; 4.003 ; 4.003 ; 4.003 ; 4.003 ;
; pin_name9  ; pin_name37  ; 4.125 ; 4.125 ; 4.125 ; 4.125 ;
+------------+-------------+-------+-------+-------+-------+


-------------------
; Clock Transfers ;
-------------------
Nothing to report.


---------------
; Report TCCS ;
---------------
No dedicated SERDES Transmitter circuitry present in device or used in design


---------------
; Report RSKM ;
---------------
No dedicated SERDES Receiver circuitry present in device or used in design


+------------------------------------------------+
; Unconstrained Paths                            ;
+---------------------------------+-------+------+
; Property                        ; Setup ; Hold ;
+---------------------------------+-------+------+
; Illegal Clocks                  ; 0     ; 0    ;
; Unconstrained Clocks            ; 0     ; 0    ;
; Unconstrained Input Ports       ; 9     ; 9    ;
; Unconstrained Input Port Paths  ; 173   ; 173  ;
; Unconstrained Output Ports      ; 27    ; 27   ;
; Unconstrained Output Port Paths ; 173   ; 173  ;
+---------------------------------+-------+------+


+------------------------------------+
; TimeQuest Timing Analyzer Messages ;
+------------------------------------+
Info: *******************************************************************
Info: Running Quartus II 64-Bit TimeQuest Timing Analyzer
    Info: Version 12.1 Build 243 01/31/2013 Service Pack 1 SJ Full Version
    Info: Processing started: Mon Oct 12 12:48:36 2015
Info: Command: quartus_sta lab06 -c lab06
Info: qsta_default_script.tcl version: #1
Info (11104): Parallel Compilation has detected 8 hyper-threaded processors. However, the extra hyper-threaded processors will not be used by default. Parallel Compilation will use 4 of the 4 physical processors detected instead.
Info (21077): Low junction temperature is 0 degrees C
Info (21077): High junction temperature is 85 degrees C
Critical Warning (332012): Synopsys Design Constraints File file not found: 'lab06.sdc'. A Synopsys Design Constraints File is required by the TimeQuest Timing Analyzer to get proper timing constraints. Without it, the Compiler will not properly optimize the design.
Info (332142): No user constrained base clocks found in the design. Calling "derive_clocks -period 1.0"
Info (332096): The command derive_clocks did not find any clocks to derive.  No clocks were created or changed.
Warning (332068): No clocks defined in design.
Info: Found TIMEQUEST_REPORT_SCRIPT_INCLUDE_DEFAULT_ANALYSIS = ON
Info (332159): No clocks to report
Info: Analyzing Slow Model
Info (332140): No fmax paths to report
Info (332140): No Setup paths to report
Info (332140): No Hold paths to report
Info (332140): No Recovery paths to report
Info (332140): No Removal paths to report
Info (332140): No Minimum Pulse Width paths to report
Info (332001): The selected device family is not supported by the report_metastability command.
Info: Analyzing Fast Model
Info (332142): No user constrained base clocks found in the design. Calling "derive_clocks -period 1.0"
Info (332096): The command derive_clocks did not find any clocks to derive.  No clocks were created or changed.
Warning (332068): No clocks defined in design.
Info (332140): No Setup paths to report
Info (332140): No Hold paths to report
Info (332140): No Recovery paths to report
Info (332140): No Removal paths to report
Info (332140): No Minimum Pulse Width paths to report
Info (332001): The selected device family is not supported by the report_metastability command.
Info (332102): Design is not fully constrained for setup requirements
Info (332102): Design is not fully constrained for hold requirements
Info: Quartus II 64-Bit TimeQuest Timing Analyzer was successful. 0 errors, 3 warnings
    Info: Peak virtual memory: 590 megabytes
    Info: Processing ended: Mon Oct 12 12:48:37 2015
    Info: Elapsed time: 00:00:01
    Info: Total CPU time (on all processors): 00:00:01


